<?xml version="1.0" encoding="UTF-8"?>
<!-- Generated by org.testng.reporters.JUnitXMLReporter -->
<testsuite hostname="G10GGNLT052" name="CrossRatingSystem-Building" tests="5" failures="0" timestamp="28 Nov 2019 04:56:31 GMT" time="0.0" errors="0">
  <testcase name="@BeforeClass setBaseUri" time="0.0" classname="com.arcapi.Common.LoginAPITest">
    <failure type="org.testng.TestNGException" message="
Parameter &amp;apos;environment&amp;apos; is required by @Configuration on method setBaseUri but has not been marked @Optional or defined
in D:\worksapceNew\TestArcAPI\src\main\resources\TestNGFiles\CrossRatingSystemTestng.xml">
      <![CDATA[org.testng.TestNGException: 
Parameter 'environment' is required by @Configuration on method setBaseUri but has not been marked @Optional or defined
in D:\worksapceNew\TestArcAPI\src\main\resources\TestNGFiles\CrossRatingSystemTestng.xml
... Removed 22 stack frames]]>
    </failure>
  </testcase> <!-- @BeforeClass setBaseUri -->
  <testcase name="@BeforeMethod ExtentReportConfig" time="0.0" classname="com.arcapi.Common.LoginAPITest">
    <skipped/>
  </testcase> <!-- @BeforeMethod ExtentReportConfig -->
  <testcase name="@BeforeMethod start" time="0.0" classname="com.arcapi.Common.LoginAPITest">
    <skipped/>
  </testcase> <!-- @BeforeMethod start -->
  <testcase name="@AfterMethod teardown" time="0.0" classname="com.arcapi.Common.LoginAPITest">
    <skipped/>
  </testcase> <!-- @AfterMethod teardown -->
  <testcase name="@AfterClass end" time="0.0" classname="com.arcapi.Common.LoginAPITest">
    <skipped/>
  </testcase> <!-- @AfterClass end -->
  <testcase name="@BeforeClass getSuiteName" time="0.0" classname="com.arcapi.Buildingtestcases.CreateAssetBuildingV3APITest">
    <skipped/>
  </testcase> <!-- @BeforeClass getSuiteName -->
  <testcase name="@BeforeClass setBaseUri" time="0.0" classname="com.arcapi.Buildingtestcases.CreateAssetBuildingV3APITest">
    <skipped/>
  </testcase> <!-- @BeforeClass setBaseUri -->
  <testcase name="@BeforeMethod ExtentReportConfig" time="0.0" classname="com.arcapi.Buildingtestcases.CreateAssetBuildingV3APITest">
    <skipped/>
  </testcase> <!-- @BeforeMethod ExtentReportConfig -->
  <testcase name="@BeforeMethod start" time="0.0" classname="com.arcapi.Buildingtestcases.CreateAssetBuildingV3APITest">
    <skipped/>
  </testcase> <!-- @BeforeMethod start -->
  <testcase name="@AfterMethod teardown" time="0.0" classname="com.arcapi.Buildingtestcases.CreateAssetBuildingV3APITest">
    <skipped/>
  </testcase> <!-- @AfterMethod teardown -->
  <testcase name="@AfterClass end" time="0.0" classname="com.arcapi.Buildingtestcases.CreateAssetBuildingV3APITest">
    <skipped/>
  </testcase> <!-- @AfterClass end -->
  <testcase name="@BeforeClass getSuiteName" time="0.0" classname="com.arcapi.CrossRatingSystemtestcases.AQIDataGetAPITest">
    <skipped/>
  </testcase> <!-- @BeforeClass getSuiteName -->
  <testcase name="@BeforeClass setBaseUri" time="0.0" classname="com.arcapi.CrossRatingSystemtestcases.AQIDataGetAPITest">
    <skipped/>
  </testcase> <!-- @BeforeClass setBaseUri -->
  <testcase name="@AfterClass end" time="0.0" classname="com.arcapi.CrossRatingSystemtestcases.AQIDataGetAPITest">
    <skipped/>
  </testcase> <!-- @AfterClass end -->
  <testcase name="@BeforeClass getSuiteName" time="0.0" classname="com.arcapi.CrossRatingSystemtestcases.RidershipDataGetAPITest">
    <skipped/>
  </testcase> <!-- @BeforeClass getSuiteName -->
  <testcase name="@BeforeClass setBaseUri" time="0.0" classname="com.arcapi.CrossRatingSystemtestcases.RidershipDataGetAPITest">
    <skipped/>
  </testcase> <!-- @BeforeClass setBaseUri -->
  <testcase name="@AfterClass end" time="0.0" classname="com.arcapi.CrossRatingSystemtestcases.RidershipDataGetAPITest">
    <skipped/>
  </testcase> <!-- @AfterClass end -->
  <testcase name="@BeforeClass getSuiteName" time="0.0" classname="com.arcapi.CrossRatingSystemtestcases.MeasuresListAPITest">
    <skipped/>
  </testcase> <!-- @BeforeClass getSuiteName -->
  <testcase name="@BeforeClass setBaseUri" time="0.0" classname="com.arcapi.CrossRatingSystemtestcases.MeasuresListAPITest">
    <skipped/>
  </testcase> <!-- @BeforeClass setBaseUri -->
  <testcase name="@AfterClass end" time="0.0" classname="com.arcapi.CrossRatingSystemtestcases.MeasuresListAPITest">
    <skipped/>
  </testcase> <!-- @AfterClass end -->
  <testcase name="LoginAPI" time="0.0" classname="com.arcapi.Common.LoginAPITest">
    <skipped/>
  </testcase> <!-- LoginAPI -->
  <testcase name="CreateAssetPOSTAPI" time="0.0" classname="com.arcapi.Buildingtestcases.CreateAssetBuildingV3APITest">
    <skipped/>
  </testcase> <!-- CreateAssetPOSTAPI -->
  <testcase name="AQIDataGetAPI" time="0.0" classname="com.arcapi.CrossRatingSystemtestcases.AQIDataGetAPITest">
    <skipped/>
  </testcase> <!-- AQIDataGetAPI -->
  <testcase name="RidershipDataGetAPI" time="0.0" classname="com.arcapi.CrossRatingSystemtestcases.RidershipDataGetAPITest">
    <skipped/>
  </testcase> <!-- RidershipDataGetAPI -->
  <testcase name="MeasuresListAPI" time="0.0" classname="com.arcapi.CrossRatingSystemtestcases.MeasuresListAPITest">
    <skipped/>
  </testcase> <!-- MeasuresListAPI -->
</testsuite> <!-- CrossRatingSystem-Building -->
