<?xml version="1.0" encoding="UTF-8"?>
<!-- Generated by org.testng.reporters.JUnitXMLReporter -->
<testsuite hostname="G10GGNLT052" name="CrossRatingSystem-Building" tests="8" failures="1" timestamp="20 Sep 2019 10:35:19 GMT" time="212.16" errors="0">
  <testcase name="LoginAPI" time="6.408" classname="com.arcapi.Common.LoginAPITest"/>
  <testcase name="CreateAssetPOSTAPI" time="22.876" classname="com.arcapi.Buildingtestcases.CreateAssetBuildingV3APITest"/>
  <testcase name="SignAgreementRegistrationAPI" time="10.508" classname="com.arcapi.Common.SignAgreementRegistrationAPITest"/>
  <testcase name="PaymentOrderSubmitPOSTAPI" time="78.66" classname="com.arcapi.Common.PaymentOrderSubmitPOSTAPITest"/>
  <testcase name="AddAssestTimeline" time="81.947" classname="com.arcapi.Common.AddAssestTimelinePOSTAPITest"/>
  <testcase name="AQIDataGetAPI" time="2.12" classname="com.arcapi.CrossRatingSystemtestcases.AQIDataGetAPITest"/>
  <testcase name="RidershipDataGetAPI" time="2.3" classname="com.arcapi.CrossRatingSystemtestcases.RidershipDataGetAPITest"/>
  <testcase name="MeasuresListAPI" time="2.072" classname="com.arcapi.CrossRatingSystemtestcases.MeasuresListAPITest">
    <failure type="java.lang.AssertionError" message="expected [403] but found [404]">
      <![CDATA[java.lang.AssertionError: expected [403] but found [404]
	at com.Utill.Controller.Assertion.verifyStatusCode(Assertion.java:20)
	at com.arcapi.CrossRatingSystemtestcases.MeasuresListAPITest.MeasuresListAPI(MeasuresListAPITest.java:22)
... Removed 31 stack frames]]>
    </failure>
  </testcase> <!-- MeasuresListAPI -->
</testsuite> <!-- CrossRatingSystem-Building -->
