<?xml version="1.0" encoding="UTF-8"?>
<!-- Generated by org.testng.reporters.JUnitXMLReporter -->
<testsuite hostname="G10GGNLT052" name="CompleteFlowTest-Portfolios-Gresb" tests="33" failures="0" timestamp="16 Oct 2019 09:46:42 GMT" time="0.16" errors="0">
  <testcase name="@BeforeClass setBaseUri" time="0.0" classname="com.arcapi.Portfoliostestcases.GresbAssetsDetailsGetAPITest">
    <failure type="org.testng.TestNGException" message="
Parameter &amp;apos;environment&amp;apos; is required by @Configuration on method setBaseUri but has not been marked @Optional or defined
in D:\worksapceNew\TestArcAPI\src\main\resources\TestNGFiles\Portfoliostestng.xml">
      <![CDATA[org.testng.TestNGException: 
Parameter 'environment' is required by @Configuration on method setBaseUri but has not been marked @Optional or defined
in D:\worksapceNew\TestArcAPI\src\main\resources\TestNGFiles\Portfoliostestng.xml
... Removed 21 stack frames]]>
    </failure>
  </testcase> <!-- @BeforeClass setBaseUri -->
  <testcase name="@AfterClass end" time="0.0" classname="com.arcapi.Portfoliostestcases.GresbAssetsDetailsGetAPITest">
    <skipped/>
  </testcase> <!-- @AfterClass end -->
  <testcase name="@BeforeClass getSuiteName" time="0.0" classname="com.arcapi.Portfoliostestcases.GresbAssetsExsitingIDPostAPITest">
    <skipped/>
  </testcase> <!-- @BeforeClass getSuiteName -->
  <testcase name="@BeforeClass setBaseUri" time="0.0" classname="com.arcapi.Portfoliostestcases.GresbAssetsExsitingIDPostAPITest">
    <skipped/>
  </testcase> <!-- @BeforeClass setBaseUri -->
  <testcase name="@AfterClass end" time="0.0" classname="com.arcapi.Portfoliostestcases.GresbAssetsExsitingIDPostAPITest">
    <skipped/>
  </testcase> <!-- @AfterClass end -->
  <testcase name="@BeforeClass getSuiteName" time="0.0" classname="com.arcapi.Portfoliostestcases.PortfoliosPostAPITest">
    <skipped/>
  </testcase> <!-- @BeforeClass getSuiteName -->
  <testcase name="@BeforeClass setBaseUri" time="0.0" classname="com.arcapi.Portfoliostestcases.PortfoliosPostAPITest">
    <skipped/>
  </testcase> <!-- @BeforeClass setBaseUri -->
  <testcase name="@AfterClass end" time="0.0" classname="com.arcapi.Portfoliostestcases.PortfoliosPostAPITest">
    <skipped/>
  </testcase> <!-- @AfterClass end -->
  <testcase name="@BeforeClass getSuiteName" time="0.0" classname="com.arcapi.Portfoliostestcases.PortfoliosGetAPITest">
    <skipped/>
  </testcase> <!-- @BeforeClass getSuiteName -->
  <testcase name="@BeforeClass setBaseUri" time="0.0" classname="com.arcapi.Portfoliostestcases.PortfoliosGetAPITest">
    <skipped/>
  </testcase> <!-- @BeforeClass setBaseUri -->
  <testcase name="@BeforeMethod ExtentReportConfig" time="0.0" classname="com.arcapi.Portfoliostestcases.PortfoliosGetAPITest">
    <skipped/>
  </testcase> <!-- @BeforeMethod ExtentReportConfig -->
  <testcase name="@BeforeMethod start" time="0.0" classname="com.arcapi.Portfoliostestcases.PortfoliosGetAPITest">
    <skipped/>
  </testcase> <!-- @BeforeMethod start -->
  <testcase name="@AfterMethod teardown" time="0.0" classname="com.arcapi.Portfoliostestcases.PortfoliosGetAPITest">
    <skipped/>
  </testcase> <!-- @AfterMethod teardown -->
  <testcase name="@AfterClass end" time="0.0" classname="com.arcapi.Portfoliostestcases.PortfoliosGetAPITest">
    <skipped/>
  </testcase> <!-- @AfterClass end -->
  <testcase name="@BeforeClass getSuiteName" time="0.0" classname="com.arcapi.Portfoliostestcases.PortfoliosDetailsGetAPITest">
    <skipped/>
  </testcase> <!-- @BeforeClass getSuiteName -->
  <testcase name="@BeforeClass setBaseUri" time="0.0" classname="com.arcapi.Portfoliostestcases.PortfoliosDetailsGetAPITest">
    <skipped/>
  </testcase> <!-- @BeforeClass setBaseUri -->
  <testcase name="@AfterClass end" time="0.0" classname="com.arcapi.Portfoliostestcases.PortfoliosDetailsGetAPITest">
    <skipped/>
  </testcase> <!-- @AfterClass end -->
  <testcase name="@BeforeClass getSuiteName" time="0.0" classname="com.arcapi.Portfoliostestcases.PortfoliosDetailPUTAPITest">
    <skipped/>
  </testcase> <!-- @BeforeClass getSuiteName -->
  <testcase name="@BeforeClass setBaseUri" time="0.0" classname="com.arcapi.Portfoliostestcases.PortfoliosDetailPUTAPITest">
    <skipped/>
  </testcase> <!-- @BeforeClass setBaseUri -->
  <testcase name="@AfterClass end" time="0.0" classname="com.arcapi.Portfoliostestcases.PortfoliosDetailPUTAPITest">
    <skipped/>
  </testcase> <!-- @AfterClass end -->
  <testcase name="@BeforeClass getSuiteName" time="0.0" classname="com.arcapi.Portfoliostestcases.PortfoliosAssetPostAPITest">
    <skipped/>
  </testcase> <!-- @BeforeClass getSuiteName -->
  <testcase name="@BeforeClass setBaseUri" time="0.0" classname="com.arcapi.Portfoliostestcases.PortfoliosAssetPostAPITest">
    <skipped/>
  </testcase> <!-- @BeforeClass setBaseUri -->
  <testcase name="@BeforeMethod ExtentReportConfig" time="0.0" classname="com.arcapi.Portfoliostestcases.PortfoliosAssetPostAPITest">
    <skipped/>
  </testcase> <!-- @BeforeMethod ExtentReportConfig -->
  <testcase name="@BeforeMethod start" time="0.0" classname="com.arcapi.Portfoliostestcases.PortfoliosAssetPostAPITest">
    <skipped/>
  </testcase> <!-- @BeforeMethod start -->
  <testcase name="@AfterMethod teardown" time="0.0" classname="com.arcapi.Portfoliostestcases.PortfoliosAssetPostAPITest">
    <skipped/>
  </testcase> <!-- @AfterMethod teardown -->
  <testcase name="@BeforeMethod ExtentReportConfig" time="0.0" classname="com.arcapi.Portfoliostestcases.PortfoliosAssetPostAPITest">
    <skipped/>
  </testcase> <!-- @BeforeMethod ExtentReportConfig -->
  <testcase name="@BeforeMethod start" time="0.0" classname="com.arcapi.Portfoliostestcases.PortfoliosAssetPostAPITest">
    <skipped/>
  </testcase> <!-- @BeforeMethod start -->
  <testcase name="@AfterMethod teardown" time="0.0" classname="com.arcapi.Portfoliostestcases.PortfoliosAssetPostAPITest">
    <skipped/>
  </testcase> <!-- @AfterMethod teardown -->
  <testcase name="@AfterClass end" time="0.0" classname="com.arcapi.Portfoliostestcases.PortfoliosAssetPostAPITest">
    <skipped/>
  </testcase> <!-- @AfterClass end -->
  <testcase name="@BeforeClass getSuiteName" time="0.0" classname="com.arcapi.Portfoliostestcases.PortfoliosAssetGetAPITest">
    <skipped/>
  </testcase> <!-- @BeforeClass getSuiteName -->
  <testcase name="@BeforeClass setBaseUri" time="0.0" classname="com.arcapi.Portfoliostestcases.PortfoliosAssetGetAPITest">
    <skipped/>
  </testcase> <!-- @BeforeClass setBaseUri -->
  <testcase name="@AfterClass end" time="0.0" classname="com.arcapi.Portfoliostestcases.PortfoliosAssetGetAPITest">
    <skipped/>
  </testcase> <!-- @AfterClass end -->
  <testcase name="@BeforeClass getSuiteName" time="0.0" classname="com.arcapi.Portfoliostestcases.PortfoliosAssetDetailGetAPITest">
    <skipped/>
  </testcase> <!-- @BeforeClass getSuiteName -->
  <testcase name="@BeforeClass setBaseUri" time="0.0" classname="com.arcapi.Portfoliostestcases.PortfoliosAssetDetailGetAPITest">
    <skipped/>
  </testcase> <!-- @BeforeClass setBaseUri -->
  <testcase name="@AfterClass end" time="0.0" classname="com.arcapi.Portfoliostestcases.PortfoliosAssetDetailGetAPITest">
    <skipped/>
  </testcase> <!-- @AfterClass end -->
  <testcase name="@BeforeClass getSuiteName" time="0.0" classname="com.arcapi.Portfoliostestcases.PortfoliosAssetDetailPUTAPITest">
    <skipped/>
  </testcase> <!-- @BeforeClass getSuiteName -->
  <testcase name="@BeforeClass setBaseUri" time="0.0" classname="com.arcapi.Portfoliostestcases.PortfoliosAssetDetailPUTAPITest">
    <skipped/>
  </testcase> <!-- @BeforeClass setBaseUri -->
  <testcase name="@AfterClass end" time="0.0" classname="com.arcapi.Portfoliostestcases.PortfoliosAssetDetailPUTAPITest">
    <skipped/>
  </testcase> <!-- @AfterClass end -->
  <testcase name="@BeforeClass getSuiteName" time="0.0" classname="com.arcapi.Portfoliostestcases.PortfoliosEnergy3YearMTCO2DataVerifyGetAPITest">
    <skipped/>
  </testcase> <!-- @BeforeClass getSuiteName -->
  <testcase name="@BeforeClass setBaseUri" time="0.0" classname="com.arcapi.Portfoliostestcases.PortfoliosEnergy3YearMTCO2DataVerifyGetAPITest">
    <skipped/>
  </testcase> <!-- @BeforeClass setBaseUri -->
  <testcase name="@BeforeMethod ExtentReportConfig" time="0.0" classname="com.arcapi.Portfoliostestcases.PortfoliosEnergy3YearMTCO2DataVerifyGetAPITest">
    <skipped/>
  </testcase> <!-- @BeforeMethod ExtentReportConfig -->
  <testcase name="@BeforeMethod start" time="0.0" classname="com.arcapi.Portfoliostestcases.PortfoliosEnergy3YearMTCO2DataVerifyGetAPITest">
    <skipped/>
  </testcase> <!-- @BeforeMethod start -->
  <testcase name="@AfterMethod teardown" time="0.0" classname="com.arcapi.Portfoliostestcases.PortfoliosEnergy3YearMTCO2DataVerifyGetAPITest">
    <skipped/>
  </testcase> <!-- @AfterMethod teardown -->
  <testcase name="@AfterClass end" time="0.0" classname="com.arcapi.Portfoliostestcases.PortfoliosEnergy3YearMTCO2DataVerifyGetAPITest">
    <skipped/>
  </testcase> <!-- @AfterClass end -->
  <testcase name="@BeforeClass getSuiteName" time="0.0" classname="com.arcapi.Portfoliostestcases.PortfoliosEnergy5YearMTCO2DataVerifyGetAPITest">
    <skipped/>
  </testcase> <!-- @BeforeClass getSuiteName -->
  <testcase name="@BeforeClass setBaseUri" time="0.0" classname="com.arcapi.Portfoliostestcases.PortfoliosEnergy5YearMTCO2DataVerifyGetAPITest">
    <skipped/>
  </testcase> <!-- @BeforeClass setBaseUri -->
  <testcase name="@BeforeMethod ExtentReportConfig" time="0.0" classname="com.arcapi.Portfoliostestcases.PortfoliosEnergy5YearMTCO2DataVerifyGetAPITest">
    <skipped/>
  </testcase> <!-- @BeforeMethod ExtentReportConfig -->
  <testcase name="@BeforeMethod start" time="0.0" classname="com.arcapi.Portfoliostestcases.PortfoliosEnergy5YearMTCO2DataVerifyGetAPITest">
    <skipped/>
  </testcase> <!-- @BeforeMethod start -->
  <testcase name="@AfterMethod teardown" time="0.0" classname="com.arcapi.Portfoliostestcases.PortfoliosEnergy5YearMTCO2DataVerifyGetAPITest">
    <skipped/>
  </testcase> <!-- @AfterMethod teardown -->
  <testcase name="@AfterClass end" time="0.0" classname="com.arcapi.Portfoliostestcases.PortfoliosEnergy5YearMTCO2DataVerifyGetAPITest">
    <skipped/>
  </testcase> <!-- @AfterClass end -->
  <testcase name="@BeforeClass getSuiteName" time="0.0" classname="com.arcapi.Portfoliostestcases.PortfoliosWater3YearGalDataVerifyGetAPITest">
    <skipped/>
  </testcase> <!-- @BeforeClass getSuiteName -->
  <testcase name="@BeforeClass setBaseUri" time="0.0" classname="com.arcapi.Portfoliostestcases.PortfoliosWater3YearGalDataVerifyGetAPITest">
    <skipped/>
  </testcase> <!-- @BeforeClass setBaseUri -->
  <testcase name="@BeforeMethod ExtentReportConfig" time="0.0" classname="com.arcapi.Portfoliostestcases.PortfoliosWater3YearGalDataVerifyGetAPITest">
    <skipped/>
  </testcase> <!-- @BeforeMethod ExtentReportConfig -->
  <testcase name="@BeforeMethod start" time="0.0" classname="com.arcapi.Portfoliostestcases.PortfoliosWater3YearGalDataVerifyGetAPITest">
    <skipped/>
  </testcase> <!-- @BeforeMethod start -->
  <testcase name="@AfterMethod teardown" time="0.0" classname="com.arcapi.Portfoliostestcases.PortfoliosWater3YearGalDataVerifyGetAPITest">
    <skipped/>
  </testcase> <!-- @AfterMethod teardown -->
  <testcase name="@AfterClass end" time="0.0" classname="com.arcapi.Portfoliostestcases.PortfoliosWater3YearGalDataVerifyGetAPITest">
    <skipped/>
  </testcase> <!-- @AfterClass end -->
  <testcase name="@BeforeClass getSuiteName" time="0.0" classname="com.arcapi.Portfoliostestcases.PortfoliosWater5YearGalDataVerifyGetAPITest">
    <skipped/>
  </testcase> <!-- @BeforeClass getSuiteName -->
  <testcase name="@BeforeClass setBaseUri" time="0.0" classname="com.arcapi.Portfoliostestcases.PortfoliosWater5YearGalDataVerifyGetAPITest">
    <skipped/>
  </testcase> <!-- @BeforeClass setBaseUri -->
  <testcase name="@BeforeMethod ExtentReportConfig" time="0.0" classname="com.arcapi.Portfoliostestcases.PortfoliosWater5YearGalDataVerifyGetAPITest">
    <skipped/>
  </testcase> <!-- @BeforeMethod ExtentReportConfig -->
  <testcase name="@BeforeMethod start" time="0.0" classname="com.arcapi.Portfoliostestcases.PortfoliosWater5YearGalDataVerifyGetAPITest">
    <skipped/>
  </testcase> <!-- @BeforeMethod start -->
  <testcase name="@AfterMethod teardown" time="0.0" classname="com.arcapi.Portfoliostestcases.PortfoliosWater5YearGalDataVerifyGetAPITest">
    <skipped/>
  </testcase> <!-- @AfterMethod teardown -->
  <testcase name="@AfterClass end" time="0.0" classname="com.arcapi.Portfoliostestcases.PortfoliosWater5YearGalDataVerifyGetAPITest">
    <skipped/>
  </testcase> <!-- @AfterClass end -->
  <testcase name="@BeforeClass getSuiteName" time="0.0" classname="com.arcapi.Portfoliostestcases.PortfoliosWasteGeneration3YearLBSDataVerifyGetAPITest">
    <skipped/>
  </testcase> <!-- @BeforeClass getSuiteName -->
  <testcase name="@BeforeClass setBaseUri" time="0.0" classname="com.arcapi.Portfoliostestcases.PortfoliosWasteGeneration3YearLBSDataVerifyGetAPITest">
    <skipped/>
  </testcase> <!-- @BeforeClass setBaseUri -->
  <testcase name="@BeforeMethod ExtentReportConfig" time="0.0" classname="com.arcapi.Portfoliostestcases.PortfoliosWasteGeneration3YearLBSDataVerifyGetAPITest">
    <skipped/>
  </testcase> <!-- @BeforeMethod ExtentReportConfig -->
  <testcase name="@BeforeMethod start" time="0.0" classname="com.arcapi.Portfoliostestcases.PortfoliosWasteGeneration3YearLBSDataVerifyGetAPITest">
    <skipped/>
  </testcase> <!-- @BeforeMethod start -->
  <testcase name="@AfterMethod teardown" time="0.0" classname="com.arcapi.Portfoliostestcases.PortfoliosWasteGeneration3YearLBSDataVerifyGetAPITest">
    <skipped/>
  </testcase> <!-- @AfterMethod teardown -->
  <testcase name="@AfterClass end" time="0.0" classname="com.arcapi.Portfoliostestcases.PortfoliosWasteGeneration3YearLBSDataVerifyGetAPITest">
    <skipped/>
  </testcase> <!-- @AfterClass end -->
  <testcase name="@BeforeClass getSuiteName" time="0.0" classname="com.arcapi.Portfoliostestcases.PortfoliosWasteGeneration5YearLBSDataVerifyGetAPITest">
    <skipped/>
  </testcase> <!-- @BeforeClass getSuiteName -->
  <testcase name="@BeforeClass setBaseUri" time="0.0" classname="com.arcapi.Portfoliostestcases.PortfoliosWasteGeneration5YearLBSDataVerifyGetAPITest">
    <skipped/>
  </testcase> <!-- @BeforeClass setBaseUri -->
  <testcase name="@BeforeMethod ExtentReportConfig" time="0.0" classname="com.arcapi.Portfoliostestcases.PortfoliosWasteGeneration5YearLBSDataVerifyGetAPITest">
    <skipped/>
  </testcase> <!-- @BeforeMethod ExtentReportConfig -->
  <testcase name="@BeforeMethod start" time="0.0" classname="com.arcapi.Portfoliostestcases.PortfoliosWasteGeneration5YearLBSDataVerifyGetAPITest">
    <skipped/>
  </testcase> <!-- @BeforeMethod start -->
  <testcase name="@AfterMethod teardown" time="0.0" classname="com.arcapi.Portfoliostestcases.PortfoliosWasteGeneration5YearLBSDataVerifyGetAPITest">
    <skipped/>
  </testcase> <!-- @AfterMethod teardown -->
  <testcase name="@AfterClass end" time="0.0" classname="com.arcapi.Portfoliostestcases.PortfoliosWasteGeneration5YearLBSDataVerifyGetAPITest">
    <skipped/>
  </testcase> <!-- @AfterClass end -->
  <testcase name="@BeforeClass getSuiteName" time="0.0" classname="com.arcapi.Portfoliostestcases.PortfoliosWasteDiversion3YearLBSDataVerifyGetAPITest">
    <skipped/>
  </testcase> <!-- @BeforeClass getSuiteName -->
  <testcase name="@BeforeClass setBaseUri" time="0.0" classname="com.arcapi.Portfoliostestcases.PortfoliosWasteDiversion3YearLBSDataVerifyGetAPITest">
    <skipped/>
  </testcase> <!-- @BeforeClass setBaseUri -->
  <testcase name="@BeforeMethod ExtentReportConfig" time="0.0" classname="com.arcapi.Portfoliostestcases.PortfoliosWasteDiversion3YearLBSDataVerifyGetAPITest">
    <skipped/>
  </testcase> <!-- @BeforeMethod ExtentReportConfig -->
  <testcase name="@BeforeMethod start" time="0.0" classname="com.arcapi.Portfoliostestcases.PortfoliosWasteDiversion3YearLBSDataVerifyGetAPITest">
    <skipped/>
  </testcase> <!-- @BeforeMethod start -->
  <testcase name="@AfterMethod teardown" time="0.0" classname="com.arcapi.Portfoliostestcases.PortfoliosWasteDiversion3YearLBSDataVerifyGetAPITest">
    <skipped/>
  </testcase> <!-- @AfterMethod teardown -->
  <testcase name="@AfterClass end" time="0.0" classname="com.arcapi.Portfoliostestcases.PortfoliosWasteDiversion3YearLBSDataVerifyGetAPITest">
    <skipped/>
  </testcase> <!-- @AfterClass end -->
  <testcase name="@BeforeClass getSuiteName" time="0.0" classname="com.arcapi.Portfoliostestcases.PortfoliosWasteDiversion5YearLBSDataVerifyGetAPITest">
    <skipped/>
  </testcase> <!-- @BeforeClass getSuiteName -->
  <testcase name="@BeforeClass setBaseUri" time="0.0" classname="com.arcapi.Portfoliostestcases.PortfoliosWasteDiversion5YearLBSDataVerifyGetAPITest">
    <skipped/>
  </testcase> <!-- @BeforeClass setBaseUri -->
  <testcase name="@BeforeMethod ExtentReportConfig" time="0.0" classname="com.arcapi.Portfoliostestcases.PortfoliosWasteDiversion5YearLBSDataVerifyGetAPITest">
    <skipped/>
  </testcase> <!-- @BeforeMethod ExtentReportConfig -->
  <testcase name="@BeforeMethod start" time="0.0" classname="com.arcapi.Portfoliostestcases.PortfoliosWasteDiversion5YearLBSDataVerifyGetAPITest">
    <skipped/>
  </testcase> <!-- @BeforeMethod start -->
  <testcase name="@AfterMethod teardown" time="0.0" classname="com.arcapi.Portfoliostestcases.PortfoliosWasteDiversion5YearLBSDataVerifyGetAPITest">
    <skipped/>
  </testcase> <!-- @AfterMethod teardown -->
  <testcase name="@AfterClass end" time="0.0" classname="com.arcapi.Portfoliostestcases.PortfoliosWasteDiversion5YearLBSDataVerifyGetAPITest">
    <skipped/>
  </testcase> <!-- @AfterClass end -->
  <testcase name="@BeforeClass getSuiteName" time="0.0" classname="com.arcapi.Portfoliostestcases.PortfoliosTransportModes3YearDataVerifyGetAPITest">
    <skipped/>
  </testcase> <!-- @BeforeClass getSuiteName -->
  <testcase name="@BeforeClass setBaseUri" time="0.0" classname="com.arcapi.Portfoliostestcases.PortfoliosTransportModes3YearDataVerifyGetAPITest">
    <skipped/>
  </testcase> <!-- @BeforeClass setBaseUri -->
  <testcase name="@BeforeMethod ExtentReportConfig" time="0.0" classname="com.arcapi.Portfoliostestcases.PortfoliosTransportModes3YearDataVerifyGetAPITest">
    <skipped/>
  </testcase> <!-- @BeforeMethod ExtentReportConfig -->
  <testcase name="@BeforeMethod start" time="0.0" classname="com.arcapi.Portfoliostestcases.PortfoliosTransportModes3YearDataVerifyGetAPITest">
    <skipped/>
  </testcase> <!-- @BeforeMethod start -->
  <testcase name="@AfterMethod teardown" time="0.0" classname="com.arcapi.Portfoliostestcases.PortfoliosTransportModes3YearDataVerifyGetAPITest">
    <skipped/>
  </testcase> <!-- @AfterMethod teardown -->
  <testcase name="@AfterClass end" time="0.0" classname="com.arcapi.Portfoliostestcases.PortfoliosTransportModes3YearDataVerifyGetAPITest">
    <skipped/>
  </testcase> <!-- @AfterClass end -->
  <testcase name="@BeforeClass getSuiteName" time="0.0" classname="com.arcapi.Portfoliostestcases.PortfoliosTransportModes5YearDataVerifyGetAPITest">
    <skipped/>
  </testcase> <!-- @BeforeClass getSuiteName -->
  <testcase name="@BeforeClass setBaseUri" time="0.0" classname="com.arcapi.Portfoliostestcases.PortfoliosTransportModes5YearDataVerifyGetAPITest">
    <skipped/>
  </testcase> <!-- @BeforeClass setBaseUri -->
  <testcase name="@BeforeMethod ExtentReportConfig" time="0.0" classname="com.arcapi.Portfoliostestcases.PortfoliosTransportModes5YearDataVerifyGetAPITest">
    <skipped/>
  </testcase> <!-- @BeforeMethod ExtentReportConfig -->
  <testcase name="@BeforeMethod start" time="0.0" classname="com.arcapi.Portfoliostestcases.PortfoliosTransportModes5YearDataVerifyGetAPITest">
    <skipped/>
  </testcase> <!-- @BeforeMethod start -->
  <testcase name="@AfterMethod teardown" time="0.0" classname="com.arcapi.Portfoliostestcases.PortfoliosTransportModes5YearDataVerifyGetAPITest">
    <skipped/>
  </testcase> <!-- @AfterMethod teardown -->
  <testcase name="@AfterClass end" time="0.0" classname="com.arcapi.Portfoliostestcases.PortfoliosTransportModes5YearDataVerifyGetAPITest">
    <skipped/>
  </testcase> <!-- @AfterClass end -->
  <testcase name="@BeforeClass getSuiteName" time="0.0" classname="com.arcapi.Portfoliostestcases.PortfoliosGoalsDetailAPITest">
    <skipped/>
  </testcase> <!-- @BeforeClass getSuiteName -->
  <testcase name="@BeforeClass setBaseUri" time="0.0" classname="com.arcapi.Portfoliostestcases.PortfoliosGoalsDetailAPITest">
    <skipped/>
  </testcase> <!-- @BeforeClass setBaseUri -->
  <testcase name="@AfterClass end" time="0.0" classname="com.arcapi.Portfoliostestcases.PortfoliosGoalsDetailAPITest">
    <skipped/>
  </testcase> <!-- @AfterClass end -->
  <testcase name="@BeforeClass getSuiteName" time="0.0" classname="com.arcapi.Portfoliostestcases.PortfoliosGoalsUpdateAPITest">
    <skipped/>
  </testcase> <!-- @BeforeClass getSuiteName -->
  <testcase name="@BeforeClass setBaseUri" time="0.0" classname="com.arcapi.Portfoliostestcases.PortfoliosGoalsUpdateAPITest">
    <skipped/>
  </testcase> <!-- @BeforeClass setBaseUri -->
  <testcase name="@AfterClass end" time="0.0" classname="com.arcapi.Portfoliostestcases.PortfoliosGoalsUpdateAPITest">
    <skipped/>
  </testcase> <!-- @AfterClass end -->
  <testcase name="@BeforeClass getSuiteName" time="0.0" classname="com.arcapi.Portfoliostestcases.PortfoliosAnalyticsDetailAPITest">
    <skipped/>
  </testcase> <!-- @BeforeClass getSuiteName -->
  <testcase name="@BeforeClass setBaseUri" time="0.0" classname="com.arcapi.Portfoliostestcases.PortfoliosAnalyticsDetailAPITest">
    <skipped/>
  </testcase> <!-- @BeforeClass setBaseUri -->
  <testcase name="@AfterClass end" time="0.0" classname="com.arcapi.Portfoliostestcases.PortfoliosAnalyticsDetailAPITest">
    <skipped/>
  </testcase> <!-- @AfterClass end -->
  <testcase name="@BeforeClass getSuiteName" time="0.0" classname="com.arcapi.Portfoliostestcases.PortfoliosAnalyticsSummaryDetailAPITest">
    <skipped/>
  </testcase> <!-- @BeforeClass getSuiteName -->
  <testcase name="@BeforeClass setBaseUri" time="0.0" classname="com.arcapi.Portfoliostestcases.PortfoliosAnalyticsSummaryDetailAPITest">
    <skipped/>
  </testcase> <!-- @BeforeClass setBaseUri -->
  <testcase name="@AfterClass end" time="0.0" classname="com.arcapi.Portfoliostestcases.PortfoliosAnalyticsSummaryDetailAPITest">
    <skipped/>
  </testcase> <!-- @AfterClass end -->
  <testcase name="@BeforeClass getSuiteName" time="0.0" classname="com.arcapi.Portfoliostestcases.PortfoliosAnalyticsCategoryDetailAPITest">
    <skipped/>
  </testcase> <!-- @BeforeClass getSuiteName -->
  <testcase name="@BeforeClass setBaseUri" time="0.0" classname="com.arcapi.Portfoliostestcases.PortfoliosAnalyticsCategoryDetailAPITest">
    <skipped/>
  </testcase> <!-- @BeforeClass setBaseUri -->
  <testcase name="@AfterClass end" time="0.0" classname="com.arcapi.Portfoliostestcases.PortfoliosAnalyticsCategoryDetailAPITest">
    <skipped/>
  </testcase> <!-- @AfterClass end -->
  <testcase name="@BeforeClass getSuiteName" time="0.0" classname="com.arcapi.Portfoliostestcases.PortfoliosTeamsPostAPITest">
    <skipped/>
  </testcase> <!-- @BeforeClass getSuiteName -->
  <testcase name="@BeforeClass setBaseUri" time="0.0" classname="com.arcapi.Portfoliostestcases.PortfoliosTeamsPostAPITest">
    <skipped/>
  </testcase> <!-- @BeforeClass setBaseUri -->
  <testcase name="@AfterClass end" time="0.0" classname="com.arcapi.Portfoliostestcases.PortfoliosTeamsPostAPITest">
    <skipped/>
  </testcase> <!-- @AfterClass end -->
  <testcase name="@BeforeClass getSuiteName" time="0.0" classname="com.arcapi.Portfoliostestcases.PortfoliosTeamsGetAPITest">
    <skipped/>
  </testcase> <!-- @BeforeClass getSuiteName -->
  <testcase name="@BeforeClass setBaseUri" time="0.0" classname="com.arcapi.Portfoliostestcases.PortfoliosTeamsGetAPITest">
    <skipped/>
  </testcase> <!-- @BeforeClass setBaseUri -->
  <testcase name="@AfterClass end" time="0.0" classname="com.arcapi.Portfoliostestcases.PortfoliosTeamsGetAPITest">
    <skipped/>
  </testcase> <!-- @AfterClass end -->
  <testcase name="@BeforeClass getSuiteName" time="0.0" classname="com.arcapi.Portfoliostestcases.PortfoliosTeamsPUTAPITest">
    <skipped/>
  </testcase> <!-- @BeforeClass getSuiteName -->
  <testcase name="@BeforeClass setBaseUri" time="0.0" classname="com.arcapi.Portfoliostestcases.PortfoliosTeamsPUTAPITest">
    <skipped/>
  </testcase> <!-- @BeforeClass setBaseUri -->
  <testcase name="@AfterClass end" time="0.0" classname="com.arcapi.Portfoliostestcases.PortfoliosTeamsPUTAPITest">
    <skipped/>
  </testcase> <!-- @AfterClass end -->
  <testcase name="@BeforeClass getSuiteName" time="0.0" classname="com.arcapi.Portfoliostestcases.PortfoliosTeamsDELETEAPITest">
    <skipped/>
  </testcase> <!-- @BeforeClass getSuiteName -->
  <testcase name="@BeforeClass setBaseUri" time="0.0" classname="com.arcapi.Portfoliostestcases.PortfoliosTeamsDELETEAPITest">
    <skipped/>
  </testcase> <!-- @BeforeClass setBaseUri -->
  <testcase name="@AfterClass end" time="0.0" classname="com.arcapi.Portfoliostestcases.PortfoliosTeamsDELETEAPITest">
    <skipped/>
  </testcase> <!-- @AfterClass end -->
  <testcase name="@BeforeClass getSuiteName" time="0.0" classname="com.arcapi.Portfoliostestcases.PortfoliosAssetDetailDELETEAPITest">
    <skipped/>
  </testcase> <!-- @BeforeClass getSuiteName -->
  <testcase name="@BeforeClass setBaseUri" time="0.0" classname="com.arcapi.Portfoliostestcases.PortfoliosAssetDetailDELETEAPITest">
    <skipped/>
  </testcase> <!-- @BeforeClass setBaseUri -->
  <testcase name="@AfterClass end" time="0.0" classname="com.arcapi.Portfoliostestcases.PortfoliosAssetDetailDELETEAPITest">
    <skipped/>
  </testcase> <!-- @AfterClass end -->
  <testcase name="@BeforeClass getSuiteName" time="0.0" classname="com.arcapi.Portfoliostestcases.VerifyGresbAssetsDetailsGetAPITest">
    <skipped/>
  </testcase> <!-- @BeforeClass getSuiteName -->
  <testcase name="@BeforeClass setBaseUri" time="0.0" classname="com.arcapi.Portfoliostestcases.VerifyGresbAssetsDetailsGetAPITest">
    <skipped/>
  </testcase> <!-- @BeforeClass setBaseUri -->
  <testcase name="@AfterClass end" time="0.0" classname="com.arcapi.Portfoliostestcases.VerifyGresbAssetsDetailsGetAPITest">
    <skipped/>
  </testcase> <!-- @AfterClass end -->
  <testcase name="@BeforeClass getSuiteName" time="0.0" classname="com.arcapi.Portfoliostestcases.GresbAssetsVerifyBuildingTrialStatusAPITest">
    <skipped/>
  </testcase> <!-- @BeforeClass getSuiteName -->
  <testcase name="@BeforeClass setBaseUri" time="0.0" classname="com.arcapi.Portfoliostestcases.GresbAssetsVerifyBuildingTrialStatusAPITest">
    <skipped/>
  </testcase> <!-- @BeforeClass setBaseUri -->
  <testcase name="@AfterClass end" time="0.0" classname="com.arcapi.Portfoliostestcases.GresbAssetsVerifyBuildingTrialStatusAPITest">
    <skipped/>
  </testcase> <!-- @AfterClass end -->
  <testcase name="GresbAssetsDetailsGetAPI" time="0.0" classname="com.arcapi.Portfoliostestcases.GresbAssetsDetailsGetAPITest">
    <skipped/>
  </testcase> <!-- GresbAssetsDetailsGetAPI -->
  <testcase name="GresbAssetsExsitingIDPostAPI" time="0.0" classname="com.arcapi.Portfoliostestcases.GresbAssetsExsitingIDPostAPITest">
    <skipped/>
  </testcase> <!-- GresbAssetsExsitingIDPostAPI -->
  <testcase name="PortfoliosPostAPI" time="0.0" classname="com.arcapi.Portfoliostestcases.PortfoliosPostAPITest">
    <skipped/>
  </testcase> <!-- PortfoliosPostAPI -->
  <testcase name="PortfoliosGetAPI" time="0.001" classname="com.arcapi.Portfoliostestcases.PortfoliosGetAPITest">
    <skipped/>
  </testcase> <!-- PortfoliosGetAPI -->
  <testcase name="PortfoliosDetailsGetAPI" time="0.0" classname="com.arcapi.Portfoliostestcases.PortfoliosDetailsGetAPITest">
    <skipped/>
  </testcase> <!-- PortfoliosDetailsGetAPI -->
  <testcase name="PortfoliosDetailPUTAPI" time="0.0" classname="com.arcapi.Portfoliostestcases.PortfoliosDetailPUTAPITest">
    <skipped/>
  </testcase> <!-- PortfoliosDetailPUTAPI -->
  <testcase name="PortfoliosAssetPostAPI" time="0.003" classname="com.arcapi.Portfoliostestcases.PortfoliosAssetPostAPITest">
    <skipped/>
  </testcase> <!-- PortfoliosAssetPostAPI -->
  <testcase name="CreatePortfoliosAsset2PostAPI" time="0.0" classname="com.arcapi.Portfoliostestcases.PortfoliosAssetPostAPITest">
    <skipped/>
  </testcase> <!-- CreatePortfoliosAsset2PostAPI -->
  <testcase name="PortfoliosAssetGetAPI" time="0.0" classname="com.arcapi.Portfoliostestcases.PortfoliosAssetGetAPITest">
    <skipped/>
  </testcase> <!-- PortfoliosAssetGetAPI -->
  <testcase name="PortfoliosAssetDetailGetAPI" time="0.0" classname="com.arcapi.Portfoliostestcases.PortfoliosAssetDetailGetAPITest">
    <skipped/>
  </testcase> <!-- PortfoliosAssetDetailGetAPI -->
  <testcase name="PortfoliosAssetDetailPUTAPI" time="0.0" classname="com.arcapi.Portfoliostestcases.PortfoliosAssetDetailPUTAPITest">
    <skipped/>
  </testcase> <!-- PortfoliosAssetDetailPUTAPI -->
  <testcase name="PortfoliosEnergy3YearMTCO2DataVerifyGetAPI" time="0.0" classname="com.arcapi.Portfoliostestcases.PortfoliosEnergy3YearMTCO2DataVerifyGetAPITest">
    <skipped/>
  </testcase> <!-- PortfoliosEnergy3YearMTCO2DataVerifyGetAPI -->
  <testcase name="PortfoliosEnergy3YearMTCO2DataVerifyGetAPI" time="0.004" classname="com.arcapi.Portfoliostestcases.PortfoliosEnergy5YearMTCO2DataVerifyGetAPITest">
    <skipped/>
  </testcase> <!-- PortfoliosEnergy3YearMTCO2DataVerifyGetAPI -->
  <testcase name="PortfoliosWater3YearGalDataVerifyGetAPI" time="0.0" classname="com.arcapi.Portfoliostestcases.PortfoliosWater3YearGalDataVerifyGetAPITest">
    <skipped/>
  </testcase> <!-- PortfoliosWater3YearGalDataVerifyGetAPI -->
  <testcase name="PortfoliosWater3YearGalDataVerifyGetAPI" time="0.0" classname="com.arcapi.Portfoliostestcases.PortfoliosWater5YearGalDataVerifyGetAPITest">
    <skipped/>
  </testcase> <!-- PortfoliosWater3YearGalDataVerifyGetAPI -->
  <testcase name="PortfoliosWasteGeneration3YearLBSDataVerifyGetAP" time="0.002" classname="com.arcapi.Portfoliostestcases.PortfoliosWasteGeneration3YearLBSDataVerifyGetAPITest">
    <skipped/>
  </testcase> <!-- PortfoliosWasteGeneration3YearLBSDataVerifyGetAP -->
  <testcase name="PortfoliosWasteGeneration5YearLBSDataVerifyGetAPI" time="0.0" classname="com.arcapi.Portfoliostestcases.PortfoliosWasteGeneration5YearLBSDataVerifyGetAPITest">
    <skipped/>
  </testcase> <!-- PortfoliosWasteGeneration5YearLBSDataVerifyGetAPI -->
  <testcase name="PortfoliosWasteDiversion3YearLBSDataVerifyGetAPI" time="0.0" classname="com.arcapi.Portfoliostestcases.PortfoliosWasteDiversion3YearLBSDataVerifyGetAPITest">
    <skipped/>
  </testcase> <!-- PortfoliosWasteDiversion3YearLBSDataVerifyGetAPI -->
  <testcase name="PortfoliosWasteDiversion3YearLBSDataVerifyGetAPI" time="0.0" classname="com.arcapi.Portfoliostestcases.PortfoliosWasteDiversion5YearLBSDataVerifyGetAPITest">
    <skipped/>
  </testcase> <!-- PortfoliosWasteDiversion3YearLBSDataVerifyGetAPI -->
  <testcase name="PortfoliosTransportModes3YearDataVerifyGetAPI" time="0.0" classname="com.arcapi.Portfoliostestcases.PortfoliosTransportModes3YearDataVerifyGetAPITest">
    <skipped/>
  </testcase> <!-- PortfoliosTransportModes3YearDataVerifyGetAPI -->
  <testcase name="PortfoliosTransportModes5YearDataVerifyGetAPI" time="0.0" classname="com.arcapi.Portfoliostestcases.PortfoliosTransportModes5YearDataVerifyGetAPITest">
    <skipped/>
  </testcase> <!-- PortfoliosTransportModes5YearDataVerifyGetAPI -->
  <testcase name="PortfoliosGoalsDetailAPI" time="0.0" classname="com.arcapi.Portfoliostestcases.PortfoliosGoalsDetailAPITest">
    <skipped/>
  </testcase> <!-- PortfoliosGoalsDetailAPI -->
  <testcase name="PortfoliosGoalsUpdateAPI" time="0.0" classname="com.arcapi.Portfoliostestcases.PortfoliosGoalsUpdateAPITest">
    <skipped/>
  </testcase> <!-- PortfoliosGoalsUpdateAPI -->
  <testcase name="PortfoliosAnalyticsDetailAPI" time="0.0" classname="com.arcapi.Portfoliostestcases.PortfoliosAnalyticsDetailAPITest">
    <skipped/>
  </testcase> <!-- PortfoliosAnalyticsDetailAPI -->
  <testcase name="PortfoliosAnalyticsSummaryDetailAPI" time="0.0" classname="com.arcapi.Portfoliostestcases.PortfoliosAnalyticsSummaryDetailAPITest">
    <skipped/>
  </testcase> <!-- PortfoliosAnalyticsSummaryDetailAPI -->
  <testcase name="PortfoliosAnalyticsCategoryDetailAPI" time="0.0" classname="com.arcapi.Portfoliostestcases.PortfoliosAnalyticsCategoryDetailAPITest">
    <skipped/>
  </testcase> <!-- PortfoliosAnalyticsCategoryDetailAPI -->
  <testcase name="PortfoliosTeamsPostAPI" time="0.0" classname="com.arcapi.Portfoliostestcases.PortfoliosTeamsPostAPITest">
    <skipped/>
  </testcase> <!-- PortfoliosTeamsPostAPI -->
  <testcase name="PortfoliosTeamsGetAPI" time="0.0" classname="com.arcapi.Portfoliostestcases.PortfoliosTeamsGetAPITest">
    <skipped/>
  </testcase> <!-- PortfoliosTeamsGetAPI -->
  <testcase name="PortfoliosTeamsPUTAPI" time="0.0" classname="com.arcapi.Portfoliostestcases.PortfoliosTeamsPUTAPITest">
    <skipped/>
  </testcase> <!-- PortfoliosTeamsPUTAPI -->
  <testcase name="PortfoliosTeamsDELETEAPI" time="0.0" classname="com.arcapi.Portfoliostestcases.PortfoliosTeamsDELETEAPITest">
    <skipped/>
  </testcase> <!-- PortfoliosTeamsDELETEAPI -->
  <testcase name="PortfoliosAssetDetailDELETEAPI" time="0.0" classname="com.arcapi.Portfoliostestcases.PortfoliosAssetDetailDELETEAPITest">
    <skipped/>
  </testcase> <!-- PortfoliosAssetDetailDELETEAPI -->
  <testcase name="GresbAssetsDetailsGetAPI" time="0.0" classname="com.arcapi.Portfoliostestcases.VerifyGresbAssetsDetailsGetAPITest">
    <skipped/>
  </testcase> <!-- GresbAssetsDetailsGetAPI -->
  <testcase name="GresbAssetsVerifyBuildingTrialStatusAPI" time="0.0" classname="com.arcapi.Portfoliostestcases.GresbAssetsVerifyBuildingTrialStatusAPITest">
    <skipped/>
  </testcase> <!-- GresbAssetsVerifyBuildingTrialStatusAPI -->
</testsuite> <!-- CompleteFlowTest-Portfolios-Gresb -->
