<?xml version="1.0" encoding="UTF-8"?>
<!-- Generated by org.testng.reporters.JUnitXMLReporter -->
<testsuite hostname="G10GGNLT052" name="CompleteFlowTest-Building-None" tests="208" failures="0" timestamp="6 Aug 2019 08:46:07 GMT" time="699.16" errors="0">
  <testcase name="LoginAPI" time="5.826" classname="com.arcapi.Buildingtestcases.LoginAPITest"/>
  <testcase name="CreateAssetPOSTAPI" time="10.179" classname="com.arcapi.Buildingtestcases.CreateAssetBuildingNoneAPITest"/>
  <testcase name="SignAgreementRegistrationAPI" time="3.992" classname="com.arcapi.Buildingtestcases.SignAgreementRegistrationAPITest"/>
  <testcase name="PaymentOrderSubmitPOSTAPI" time="13.276" classname="com.arcapi.Buildingtestcases.PaymentOrderSubmitPOSTAPITest"/>
  <testcase name="AddAssestTimeline" time="6.616" classname="com.arcapi.Buildingtestcases.AddAssestTimelinePOSTAPITest"/>
  <testcase name="AssetDetailAPI" time="5.133" classname="com.arcapi.Buildingtestcases.AssetDetailAPITest"/>
  <testcase name="energyMeterCreatePOSTAPITest" time="2.728" classname="com.arcapi.Buildingtestcase.ElectricityPurchasedFromGridCreatePOSTAPITest"/>
  <testcase name="electricityPurchasedFromGridBulkDataPost" time="3.109" classname="com.arcapi.Buildingtestcase.EnergyCreate60MonthMeterDataPostTest"/>
  <testcase name="electricityPurchasedFromGridBulkDataPost" time="5.71" classname="com.arcapi.Buildingtestcase.EnergyCreate60MonthMeterDataPostTest"/>
  <testcase name="electricityPurchasedFromGridBulkDataPost" time="2.839" classname="com.arcapi.Buildingtestcase.EnergyCreate60MonthMeterDataPostTest"/>
  <testcase name="electricityPurchasedFromGridBulkDataPost" time="2.849" classname="com.arcapi.Buildingtestcase.EnergyCreate60MonthMeterDataPostTest"/>
  <testcase name="electricityPurchasedFromGridBulkDataPost" time="2.709" classname="com.arcapi.Buildingtestcase.EnergyCreate60MonthMeterDataPostTest"/>
  <testcase name="electricityPurchasedFromGridBulkDataPost" time="3.01" classname="com.arcapi.Buildingtestcase.EnergyCreate60MonthMeterDataPostTest"/>
  <testcase name="electricityPurchasedFromGridBulkDataPost" time="3.003" classname="com.arcapi.Buildingtestcase.EnergyCreate60MonthMeterDataPostTest"/>
  <testcase name="electricityPurchasedFromGridBulkDataPost" time="2.522" classname="com.arcapi.Buildingtestcase.EnergyCreate60MonthMeterDataPostTest"/>
  <testcase name="electricityPurchasedFromGridBulkDataPost" time="2.622" classname="com.arcapi.Buildingtestcase.EnergyCreate60MonthMeterDataPostTest"/>
  <testcase name="electricityPurchasedFromGridBulkDataPost" time="3.005" classname="com.arcapi.Buildingtestcase.EnergyCreate60MonthMeterDataPostTest"/>
  <testcase name="electricityPurchasedFromGridBulkDataPost" time="2.546" classname="com.arcapi.Buildingtestcase.EnergyCreate60MonthMeterDataPostTest"/>
  <testcase name="electricityPurchasedFromGridBulkDataPost" time="2.802" classname="com.arcapi.Buildingtestcase.EnergyCreate60MonthMeterDataPostTest"/>
  <testcase name="electricityPurchasedFromGridBulkDataPost" time="2.485" classname="com.arcapi.Buildingtestcase.EnergyCreate60MonthMeterDataPostTest"/>
  <testcase name="electricityPurchasedFromGridBulkDataPost" time="2.551" classname="com.arcapi.Buildingtestcase.EnergyCreate60MonthMeterDataPostTest"/>
  <testcase name="electricityPurchasedFromGridBulkDataPost" time="2.675" classname="com.arcapi.Buildingtestcase.EnergyCreate60MonthMeterDataPostTest"/>
  <testcase name="electricityPurchasedFromGridBulkDataPost" time="2.544" classname="com.arcapi.Buildingtestcase.EnergyCreate60MonthMeterDataPostTest"/>
  <testcase name="electricityPurchasedFromGridBulkDataPost" time="2.665" classname="com.arcapi.Buildingtestcase.EnergyCreate60MonthMeterDataPostTest"/>
  <testcase name="electricityPurchasedFromGridBulkDataPost" time="2.799" classname="com.arcapi.Buildingtestcase.EnergyCreate60MonthMeterDataPostTest"/>
  <testcase name="electricityPurchasedFromGridBulkDataPost" time="2.594" classname="com.arcapi.Buildingtestcase.EnergyCreate60MonthMeterDataPostTest"/>
  <testcase name="electricityPurchasedFromGridBulkDataPost" time="2.681" classname="com.arcapi.Buildingtestcase.EnergyCreate60MonthMeterDataPostTest"/>
  <testcase name="electricityPurchasedFromGridBulkDataPost" time="2.656" classname="com.arcapi.Buildingtestcase.EnergyCreate60MonthMeterDataPostTest"/>
  <testcase name="electricityPurchasedFromGridBulkDataPost" time="2.892" classname="com.arcapi.Buildingtestcase.EnergyCreate60MonthMeterDataPostTest"/>
  <testcase name="electricityPurchasedFromGridBulkDataPost" time="2.706" classname="com.arcapi.Buildingtestcase.EnergyCreate60MonthMeterDataPostTest"/>
  <testcase name="electricityPurchasedFromGridBulkDataPost" time="2.908" classname="com.arcapi.Buildingtestcase.EnergyCreate60MonthMeterDataPostTest"/>
  <testcase name="electricityPurchasedFromGridBulkDataPost" time="2.81" classname="com.arcapi.Buildingtestcase.EnergyCreate60MonthMeterDataPostTest"/>
  <testcase name="electricityPurchasedFromGridBulkDataPost" time="2.918" classname="com.arcapi.Buildingtestcase.EnergyCreate60MonthMeterDataPostTest"/>
  <testcase name="electricityPurchasedFromGridBulkDataPost" time="2.707" classname="com.arcapi.Buildingtestcase.EnergyCreate60MonthMeterDataPostTest"/>
  <testcase name="electricityPurchasedFromGridBulkDataPost" time="2.889" classname="com.arcapi.Buildingtestcase.EnergyCreate60MonthMeterDataPostTest"/>
  <testcase name="electricityPurchasedFromGridBulkDataPost" time="2.475" classname="com.arcapi.Buildingtestcase.EnergyCreate60MonthMeterDataPostTest"/>
  <testcase name="electricityPurchasedFromGridBulkDataPost" time="2.713" classname="com.arcapi.Buildingtestcase.EnergyCreate60MonthMeterDataPostTest"/>
  <testcase name="electricityPurchasedFromGridBulkDataPost" time="3.184" classname="com.arcapi.Buildingtestcase.EnergyCreate60MonthMeterDataPostTest"/>
  <testcase name="electricityPurchasedFromGridBulkDataPost" time="2.662" classname="com.arcapi.Buildingtestcase.EnergyCreate60MonthMeterDataPostTest"/>
  <testcase name="electricityPurchasedFromGridBulkDataPost" time="2.887" classname="com.arcapi.Buildingtestcase.EnergyCreate60MonthMeterDataPostTest"/>
  <testcase name="electricityPurchasedFromGridBulkDataPost" time="2.571" classname="com.arcapi.Buildingtestcase.EnergyCreate60MonthMeterDataPostTest"/>
  <testcase name="electricityPurchasedFromGridBulkDataPost" time="2.666" classname="com.arcapi.Buildingtestcase.EnergyCreate60MonthMeterDataPostTest"/>
  <testcase name="electricityPurchasedFromGridBulkDataPost" time="2.706" classname="com.arcapi.Buildingtestcase.EnergyCreate60MonthMeterDataPostTest"/>
  <testcase name="electricityPurchasedFromGridBulkDataPost" time="2.699" classname="com.arcapi.Buildingtestcase.EnergyCreate60MonthMeterDataPostTest"/>
  <testcase name="electricityPurchasedFromGridBulkDataPost" time="2.656" classname="com.arcapi.Buildingtestcase.EnergyCreate60MonthMeterDataPostTest"/>
  <testcase name="electricityPurchasedFromGridBulkDataPost" time="2.768" classname="com.arcapi.Buildingtestcase.EnergyCreate60MonthMeterDataPostTest"/>
  <testcase name="electricityPurchasedFromGridBulkDataPost" time="2.748" classname="com.arcapi.Buildingtestcase.EnergyCreate60MonthMeterDataPostTest"/>
  <testcase name="electricityPurchasedFromGridBulkDataPost" time="2.765" classname="com.arcapi.Buildingtestcase.EnergyCreate60MonthMeterDataPostTest"/>
  <testcase name="electricityPurchasedFromGridBulkDataPost" time="2.721" classname="com.arcapi.Buildingtestcase.EnergyCreate60MonthMeterDataPostTest"/>
  <testcase name="electricityPurchasedFromGridBulkDataPost" time="2.832" classname="com.arcapi.Buildingtestcase.EnergyCreate60MonthMeterDataPostTest"/>
  <testcase name="electricityPurchasedFromGridBulkDataPost" time="2.626" classname="com.arcapi.Buildingtestcase.EnergyCreate60MonthMeterDataPostTest"/>
  <testcase name="electricityPurchasedFromGridBulkDataPost" time="2.697" classname="com.arcapi.Buildingtestcase.EnergyCreate60MonthMeterDataPostTest"/>
  <testcase name="electricityPurchasedFromGridBulkDataPost" time="2.374" classname="com.arcapi.Buildingtestcase.EnergyCreate60MonthMeterDataPostTest"/>
  <testcase name="electricityPurchasedFromGridBulkDataPost" time="2.416" classname="com.arcapi.Buildingtestcase.EnergyCreate60MonthMeterDataPostTest"/>
  <testcase name="electricityPurchasedFromGridBulkDataPost" time="2.834" classname="com.arcapi.Buildingtestcase.EnergyCreate60MonthMeterDataPostTest"/>
  <testcase name="electricityPurchasedFromGridBulkDataPost" time="2.619" classname="com.arcapi.Buildingtestcase.EnergyCreate60MonthMeterDataPostTest"/>
  <testcase name="electricityPurchasedFromGridBulkDataPost" time="2.672" classname="com.arcapi.Buildingtestcase.EnergyCreate60MonthMeterDataPostTest"/>
  <testcase name="electricityPurchasedFromGridBulkDataPost" time="3.561" classname="com.arcapi.Buildingtestcase.EnergyCreate60MonthMeterDataPostTest"/>
  <testcase name="electricityPurchasedFromGridBulkDataPost" time="2.93" classname="com.arcapi.Buildingtestcase.EnergyCreate60MonthMeterDataPostTest"/>
  <testcase name="electricityPurchasedFromGridBulkDataPost" time="3.159" classname="com.arcapi.Buildingtestcase.EnergyCreate60MonthMeterDataPostTest"/>
  <testcase name="electricityPurchasedFromGridBulkDataPost" time="2.776" classname="com.arcapi.Buildingtestcase.EnergyCreate60MonthMeterDataPostTest"/>
  <testcase name="electricityPurchasedFromGridBulkDataPost" time="3.119" classname="com.arcapi.Buildingtestcase.EnergyCreate60MonthMeterDataPostTest"/>
  <testcase name="electricityPurchasedFromGridBulkDataPost" time="2.954" classname="com.arcapi.Buildingtestcase.EnergyCreate60MonthMeterDataPostTest"/>
  <testcase name="electricityPurchasedFromGridBulkDataPost" time="3.445" classname="com.arcapi.Buildingtestcase.EnergyCreate60MonthMeterDataPostTest"/>
  <testcase name="electricityPurchasedFromGridBulkDataPost" time="2.75" classname="com.arcapi.Buildingtestcase.EnergyCreate60MonthMeterDataPostTest"/>
  <testcase name="electricityPurchasedFromGridBulkDataPost" time="3.246" classname="com.arcapi.Buildingtestcase.EnergyCreate60MonthMeterDataPostTest"/>
  <testcase name="electricityPurchasedFromGridBulkDataPost" time="3.238" classname="com.arcapi.Buildingtestcase.EnergyCreate60MonthMeterDataPostTest"/>
  <testcase name="electricityPurchasedFromGridBulkDataPost" time="3.195" classname="com.arcapi.Buildingtestcase.EnergyCreate60MonthMeterDataPostTest"/>
  <testcase name="electricityPurchasedFromGridBulkDataPost" time="3.343" classname="com.arcapi.Buildingtestcase.EnergyCreate60MonthMeterDataPostTest"/>
  <testcase name="municipalitySuppliedPortableWaterCreatePOSTAPI" time="12.448" classname="com.arcapi.Buildingtestcase.MunicipalitySuppliedPortableWaterCreatePOSTAPITest"/>
  <testcase name="WaterCreate60MonthMeterDataPost" time="3.382" classname="com.arcapi.Buildingtestcase.WaterCreate60MonthMeterDataPostTest"/>
  <testcase name="WaterCreate60MonthMeterDataPost" time="2.78" classname="com.arcapi.Buildingtestcase.WaterCreate60MonthMeterDataPostTest"/>
  <testcase name="WaterCreate60MonthMeterDataPost" time="2.655" classname="com.arcapi.Buildingtestcase.WaterCreate60MonthMeterDataPostTest"/>
  <testcase name="WaterCreate60MonthMeterDataPost" time="3.418" classname="com.arcapi.Buildingtestcase.WaterCreate60MonthMeterDataPostTest"/>
  <testcase name="WaterCreate60MonthMeterDataPost" time="3.347" classname="com.arcapi.Buildingtestcase.WaterCreate60MonthMeterDataPostTest"/>
  <testcase name="WaterCreate60MonthMeterDataPost" time="2.829" classname="com.arcapi.Buildingtestcase.WaterCreate60MonthMeterDataPostTest"/>
  <testcase name="WaterCreate60MonthMeterDataPost" time="3.52" classname="com.arcapi.Buildingtestcase.WaterCreate60MonthMeterDataPostTest"/>
  <testcase name="WaterCreate60MonthMeterDataPost" time="3.389" classname="com.arcapi.Buildingtestcase.WaterCreate60MonthMeterDataPostTest"/>
  <testcase name="WaterCreate60MonthMeterDataPost" time="3.212" classname="com.arcapi.Buildingtestcase.WaterCreate60MonthMeterDataPostTest"/>
  <testcase name="WaterCreate60MonthMeterDataPost" time="3.044" classname="com.arcapi.Buildingtestcase.WaterCreate60MonthMeterDataPostTest"/>
  <testcase name="WaterCreate60MonthMeterDataPost" time="3.392" classname="com.arcapi.Buildingtestcase.WaterCreate60MonthMeterDataPostTest"/>
  <testcase name="WaterCreate60MonthMeterDataPost" time="3.542" classname="com.arcapi.Buildingtestcase.WaterCreate60MonthMeterDataPostTest"/>
  <testcase name="WaterCreate60MonthMeterDataPost" time="2.57" classname="com.arcapi.Buildingtestcase.WaterCreate60MonthMeterDataPostTest"/>
  <testcase name="WaterCreate60MonthMeterDataPost" time="3.508" classname="com.arcapi.Buildingtestcase.WaterCreate60MonthMeterDataPostTest"/>
  <testcase name="WaterCreate60MonthMeterDataPost" time="2.716" classname="com.arcapi.Buildingtestcase.WaterCreate60MonthMeterDataPostTest"/>
  <testcase name="WaterCreate60MonthMeterDataPost" time="3.475" classname="com.arcapi.Buildingtestcase.WaterCreate60MonthMeterDataPostTest"/>
  <testcase name="WaterCreate60MonthMeterDataPost" time="3.189" classname="com.arcapi.Buildingtestcase.WaterCreate60MonthMeterDataPostTest"/>
  <testcase name="WaterCreate60MonthMeterDataPost" time="2.644" classname="com.arcapi.Buildingtestcase.WaterCreate60MonthMeterDataPostTest"/>
  <testcase name="WaterCreate60MonthMeterDataPost" time="2.659" classname="com.arcapi.Buildingtestcase.WaterCreate60MonthMeterDataPostTest"/>
  <testcase name="WaterCreate60MonthMeterDataPost" time="2.822" classname="com.arcapi.Buildingtestcase.WaterCreate60MonthMeterDataPostTest"/>
  <testcase name="WaterCreate60MonthMeterDataPost" time="3.388" classname="com.arcapi.Buildingtestcase.WaterCreate60MonthMeterDataPostTest"/>
  <testcase name="WaterCreate60MonthMeterDataPost" time="2.659" classname="com.arcapi.Buildingtestcase.WaterCreate60MonthMeterDataPostTest"/>
  <testcase name="WaterCreate60MonthMeterDataPost" time="2.743" classname="com.arcapi.Buildingtestcase.WaterCreate60MonthMeterDataPostTest"/>
  <testcase name="WaterCreate60MonthMeterDataPost" time="3.054" classname="com.arcapi.Buildingtestcase.WaterCreate60MonthMeterDataPostTest"/>
  <testcase name="WaterCreate60MonthMeterDataPost" time="2.925" classname="com.arcapi.Buildingtestcase.WaterCreate60MonthMeterDataPostTest"/>
  <testcase name="WaterCreate60MonthMeterDataPost" time="3.265" classname="com.arcapi.Buildingtestcase.WaterCreate60MonthMeterDataPostTest"/>
  <testcase name="WaterCreate60MonthMeterDataPost" time="2.981" classname="com.arcapi.Buildingtestcase.WaterCreate60MonthMeterDataPostTest"/>
  <testcase name="WaterCreate60MonthMeterDataPost" time="2.999" classname="com.arcapi.Buildingtestcase.WaterCreate60MonthMeterDataPostTest"/>
  <testcase name="WaterCreate60MonthMeterDataPost" time="3.35" classname="com.arcapi.Buildingtestcase.WaterCreate60MonthMeterDataPostTest"/>
  <testcase name="WaterCreate60MonthMeterDataPost" time="2.925" classname="com.arcapi.Buildingtestcase.WaterCreate60MonthMeterDataPostTest"/>
  <testcase name="WaterCreate60MonthMeterDataPost" time="3.263" classname="com.arcapi.Buildingtestcase.WaterCreate60MonthMeterDataPostTest"/>
  <testcase name="WaterCreate60MonthMeterDataPost" time="3.119" classname="com.arcapi.Buildingtestcase.WaterCreate60MonthMeterDataPostTest"/>
  <testcase name="WaterCreate60MonthMeterDataPost" time="3.256" classname="com.arcapi.Buildingtestcase.WaterCreate60MonthMeterDataPostTest"/>
  <testcase name="WaterCreate60MonthMeterDataPost" time="2.546" classname="com.arcapi.Buildingtestcase.WaterCreate60MonthMeterDataPostTest"/>
  <testcase name="WaterCreate60MonthMeterDataPost" time="3.809" classname="com.arcapi.Buildingtestcase.WaterCreate60MonthMeterDataPostTest"/>
  <testcase name="WaterCreate60MonthMeterDataPost" time="2.551" classname="com.arcapi.Buildingtestcase.WaterCreate60MonthMeterDataPostTest"/>
  <testcase name="WaterCreate60MonthMeterDataPost" time="3.466" classname="com.arcapi.Buildingtestcase.WaterCreate60MonthMeterDataPostTest"/>
  <testcase name="WaterCreate60MonthMeterDataPost" time="2.679" classname="com.arcapi.Buildingtestcase.WaterCreate60MonthMeterDataPostTest"/>
  <testcase name="WaterCreate60MonthMeterDataPost" time="2.689" classname="com.arcapi.Buildingtestcase.WaterCreate60MonthMeterDataPostTest"/>
  <testcase name="WaterCreate60MonthMeterDataPost" time="2.723" classname="com.arcapi.Buildingtestcase.WaterCreate60MonthMeterDataPostTest"/>
  <testcase name="WaterCreate60MonthMeterDataPost" time="5.224" classname="com.arcapi.Buildingtestcase.WaterCreate60MonthMeterDataPostTest"/>
  <testcase name="WaterCreate60MonthMeterDataPost" time="3.153" classname="com.arcapi.Buildingtestcase.WaterCreate60MonthMeterDataPostTest"/>
  <testcase name="WaterCreate60MonthMeterDataPost" time="2.755" classname="com.arcapi.Buildingtestcase.WaterCreate60MonthMeterDataPostTest"/>
  <testcase name="WaterCreate60MonthMeterDataPost" time="2.95" classname="com.arcapi.Buildingtestcase.WaterCreate60MonthMeterDataPostTest"/>
  <testcase name="WaterCreate60MonthMeterDataPost" time="3.307" classname="com.arcapi.Buildingtestcase.WaterCreate60MonthMeterDataPostTest"/>
  <testcase name="WaterCreate60MonthMeterDataPost" time="4.622" classname="com.arcapi.Buildingtestcase.WaterCreate60MonthMeterDataPostTest"/>
  <testcase name="WaterCreate60MonthMeterDataPost" time="2.743" classname="com.arcapi.Buildingtestcase.WaterCreate60MonthMeterDataPostTest"/>
  <testcase name="WaterCreate60MonthMeterDataPost" time="2.867" classname="com.arcapi.Buildingtestcase.WaterCreate60MonthMeterDataPostTest"/>
  <testcase name="WaterCreate60MonthMeterDataPost" time="2.966" classname="com.arcapi.Buildingtestcase.WaterCreate60MonthMeterDataPostTest"/>
  <testcase name="WaterCreate60MonthMeterDataPost" time="3.372" classname="com.arcapi.Buildingtestcase.WaterCreate60MonthMeterDataPostTest"/>
  <testcase name="WaterCreate60MonthMeterDataPost" time="4.245" classname="com.arcapi.Buildingtestcase.WaterCreate60MonthMeterDataPostTest"/>
  <testcase name="WaterCreate60MonthMeterDataPost" time="3.407" classname="com.arcapi.Buildingtestcase.WaterCreate60MonthMeterDataPostTest"/>
  <testcase name="WaterCreate60MonthMeterDataPost" time="3.51" classname="com.arcapi.Buildingtestcase.WaterCreate60MonthMeterDataPostTest"/>
  <testcase name="WaterCreate60MonthMeterDataPost" time="3.052" classname="com.arcapi.Buildingtestcase.WaterCreate60MonthMeterDataPostTest"/>
  <testcase name="WaterCreate60MonthMeterDataPost" time="3.141" classname="com.arcapi.Buildingtestcase.WaterCreate60MonthMeterDataPostTest"/>
  <testcase name="WaterCreate60MonthMeterDataPost" time="3.283" classname="com.arcapi.Buildingtestcase.WaterCreate60MonthMeterDataPostTest"/>
  <testcase name="WaterCreate60MonthMeterDataPost" time="3.397" classname="com.arcapi.Buildingtestcase.WaterCreate60MonthMeterDataPostTest"/>
  <testcase name="WaterCreate60MonthMeterDataPost" time="4.31" classname="com.arcapi.Buildingtestcase.WaterCreate60MonthMeterDataPostTest"/>
  <testcase name="WaterCreate60MonthMeterDataPost" time="3.505" classname="com.arcapi.Buildingtestcase.WaterCreate60MonthMeterDataPostTest"/>
  <testcase name="WaterCreate60MonthMeterDataPost" time="3.596" classname="com.arcapi.Buildingtestcase.WaterCreate60MonthMeterDataPostTest"/>
  <testcase name="WaterCreate60MonthMeterDataPost" time="2.735" classname="com.arcapi.Buildingtestcase.WaterCreate60MonthMeterDataPostTest"/>
  <testcase name="WaterCreate60MonthMeterDataPost" time="3.655" classname="com.arcapi.Buildingtestcase.WaterCreate60MonthMeterDataPostTest"/>
  <testcase name="CreateWasteMeterDataPost" time="3.637" classname="com.arcapi.Buildingtestcase.WasteCreate60MonthMeterDataBulkPostTest"/>
  <testcase name="CreateWasteMeterDataPost" time="2.887" classname="com.arcapi.Buildingtestcase.WasteCreate60MonthMeterDataBulkPostTest"/>
  <testcase name="CreateWasteMeterDataPost" time="2.593" classname="com.arcapi.Buildingtestcase.WasteCreate60MonthMeterDataBulkPostTest"/>
  <testcase name="CreateWasteMeterDataPost" time="2.595" classname="com.arcapi.Buildingtestcase.WasteCreate60MonthMeterDataBulkPostTest"/>
  <testcase name="CreateWasteMeterDataPost" time="2.694" classname="com.arcapi.Buildingtestcase.WasteCreate60MonthMeterDataBulkPostTest"/>
  <testcase name="CreateWasteMeterDataPost" time="2.729" classname="com.arcapi.Buildingtestcase.WasteCreate60MonthMeterDataBulkPostTest"/>
  <testcase name="CreateWasteMeterDataPost" time="3.211" classname="com.arcapi.Buildingtestcase.WasteCreate60MonthMeterDataBulkPostTest"/>
  <testcase name="CreateWasteMeterDataPost" time="3.01" classname="com.arcapi.Buildingtestcase.WasteCreate60MonthMeterDataBulkPostTest"/>
  <testcase name="CreateWasteMeterDataPost" time="2.821" classname="com.arcapi.Buildingtestcase.WasteCreate60MonthMeterDataBulkPostTest"/>
  <testcase name="CreateWasteMeterDataPost" time="2.744" classname="com.arcapi.Buildingtestcase.WasteCreate60MonthMeterDataBulkPostTest"/>
  <testcase name="CreateWasteMeterDataPost" time="3.093" classname="com.arcapi.Buildingtestcase.WasteCreate60MonthMeterDataBulkPostTest"/>
  <testcase name="CreateWasteMeterDataPost" time="2.756" classname="com.arcapi.Buildingtestcase.WasteCreate60MonthMeterDataBulkPostTest"/>
  <testcase name="CreateWasteMeterDataPost" time="2.904" classname="com.arcapi.Buildingtestcase.WasteCreate60MonthMeterDataBulkPostTest"/>
  <testcase name="CreateWasteMeterDataPost" time="2.739" classname="com.arcapi.Buildingtestcase.WasteCreate60MonthMeterDataBulkPostTest"/>
  <testcase name="CreateWasteMeterDataPost" time="5.486" classname="com.arcapi.Buildingtestcase.WasteCreate60MonthMeterDataBulkPostTest"/>
  <testcase name="CreateWasteMeterDataPost" time="2.52" classname="com.arcapi.Buildingtestcase.WasteCreate60MonthMeterDataBulkPostTest"/>
  <testcase name="CreateWasteMeterDataPost" time="3.299" classname="com.arcapi.Buildingtestcase.WasteCreate60MonthMeterDataBulkPostTest"/>
  <testcase name="CreateWasteMeterDataPost" time="2.692" classname="com.arcapi.Buildingtestcase.WasteCreate60MonthMeterDataBulkPostTest"/>
  <testcase name="CreateWasteMeterDataPost" time="3.762" classname="com.arcapi.Buildingtestcase.WasteCreate60MonthMeterDataBulkPostTest"/>
  <testcase name="CreateWasteMeterDataPost" time="3.111" classname="com.arcapi.Buildingtestcase.WasteCreate60MonthMeterDataBulkPostTest"/>
  <testcase name="CreateWasteMeterDataPost" time="2.858" classname="com.arcapi.Buildingtestcase.WasteCreate60MonthMeterDataBulkPostTest"/>
  <testcase name="CreateWasteMeterDataPost" time="3.182" classname="com.arcapi.Buildingtestcase.WasteCreate60MonthMeterDataBulkPostTest"/>
  <testcase name="CreateWasteMeterDataPost" time="2.765" classname="com.arcapi.Buildingtestcase.WasteCreate60MonthMeterDataBulkPostTest"/>
  <testcase name="CreateWasteMeterDataPost" time="3.0" classname="com.arcapi.Buildingtestcase.WasteCreate60MonthMeterDataBulkPostTest"/>
  <testcase name="CreateWasteMeterDataPost" time="3.228" classname="com.arcapi.Buildingtestcase.WasteCreate60MonthMeterDataBulkPostTest"/>
  <testcase name="CreateWasteMeterDataPost" time="2.556" classname="com.arcapi.Buildingtestcase.WasteCreate60MonthMeterDataBulkPostTest"/>
  <testcase name="CreateWasteMeterDataPost" time="2.374" classname="com.arcapi.Buildingtestcase.WasteCreate60MonthMeterDataBulkPostTest"/>
  <testcase name="CreateWasteMeterDataPost" time="2.57" classname="com.arcapi.Buildingtestcase.WasteCreate60MonthMeterDataBulkPostTest"/>
  <testcase name="CreateWasteMeterDataPost" time="2.86" classname="com.arcapi.Buildingtestcase.WasteCreate60MonthMeterDataBulkPostTest"/>
  <testcase name="CreateWasteMeterDataPost" time="2.611" classname="com.arcapi.Buildingtestcase.WasteCreate60MonthMeterDataBulkPostTest"/>
  <testcase name="CreateWasteMeterDataPost" time="2.696" classname="com.arcapi.Buildingtestcase.WasteCreate60MonthMeterDataBulkPostTest"/>
  <testcase name="CreateWasteMeterDataPost" time="2.389" classname="com.arcapi.Buildingtestcase.WasteCreate60MonthMeterDataBulkPostTest"/>
  <testcase name="CreateWasteMeterDataPost" time="2.148" classname="com.arcapi.Buildingtestcase.WasteCreate60MonthMeterDataBulkPostTest"/>
  <testcase name="CreateWasteMeterDataPost" time="2.758" classname="com.arcapi.Buildingtestcase.WasteCreate60MonthMeterDataBulkPostTest"/>
  <testcase name="CreateWasteMeterDataPost" time="2.344" classname="com.arcapi.Buildingtestcase.WasteCreate60MonthMeterDataBulkPostTest"/>
  <testcase name="CreateWasteMeterDataPost" time="2.691" classname="com.arcapi.Buildingtestcase.WasteCreate60MonthMeterDataBulkPostTest"/>
  <testcase name="CreateWasteMeterDataPost" time="2.508" classname="com.arcapi.Buildingtestcase.WasteCreate60MonthMeterDataBulkPostTest"/>
  <testcase name="CreateWasteMeterDataPost" time="2.432" classname="com.arcapi.Buildingtestcase.WasteCreate60MonthMeterDataBulkPostTest"/>
  <testcase name="CreateWasteMeterDataPost" time="2.457" classname="com.arcapi.Buildingtestcase.WasteCreate60MonthMeterDataBulkPostTest"/>
  <testcase name="CreateWasteMeterDataPost" time="2.368" classname="com.arcapi.Buildingtestcase.WasteCreate60MonthMeterDataBulkPostTest"/>
  <testcase name="CreateWasteMeterDataPost" time="2.153" classname="com.arcapi.Buildingtestcase.WasteCreate60MonthMeterDataBulkPostTest"/>
  <testcase name="CreateWasteMeterDataPost" time="2.139" classname="com.arcapi.Buildingtestcase.WasteCreate60MonthMeterDataBulkPostTest"/>
  <testcase name="CreateWasteMeterDataPost" time="2.506" classname="com.arcapi.Buildingtestcase.WasteCreate60MonthMeterDataBulkPostTest"/>
  <testcase name="CreateWasteMeterDataPost" time="2.503" classname="com.arcapi.Buildingtestcase.WasteCreate60MonthMeterDataBulkPostTest"/>
  <testcase name="CreateWasteMeterDataPost" time="2.401" classname="com.arcapi.Buildingtestcase.WasteCreate60MonthMeterDataBulkPostTest"/>
  <testcase name="CreateWasteMeterDataPost" time="5.458" classname="com.arcapi.Buildingtestcase.WasteCreate60MonthMeterDataBulkPostTest"/>
  <testcase name="CreateWasteMeterDataPost" time="2.598" classname="com.arcapi.Buildingtestcase.WasteCreate60MonthMeterDataBulkPostTest"/>
  <testcase name="CreateWasteMeterDataPost" time="2.495" classname="com.arcapi.Buildingtestcase.WasteCreate60MonthMeterDataBulkPostTest"/>
  <testcase name="CreateWasteMeterDataPost" time="2.891" classname="com.arcapi.Buildingtestcase.WasteCreate60MonthMeterDataBulkPostTest"/>
  <testcase name="CreateWasteMeterDataPost" time="2.883" classname="com.arcapi.Buildingtestcase.WasteCreate60MonthMeterDataBulkPostTest"/>
  <testcase name="CreateWasteMeterDataPost" time="2.688" classname="com.arcapi.Buildingtestcase.WasteCreate60MonthMeterDataBulkPostTest"/>
  <testcase name="CreateWasteMeterDataPost" time="2.528" classname="com.arcapi.Buildingtestcase.WasteCreate60MonthMeterDataBulkPostTest"/>
  <testcase name="CreateWasteMeterDataPost" time="2.988" classname="com.arcapi.Buildingtestcase.WasteCreate60MonthMeterDataBulkPostTest"/>
  <testcase name="CreateWasteMeterDataPost" time="2.471" classname="com.arcapi.Buildingtestcase.WasteCreate60MonthMeterDataBulkPostTest"/>
  <testcase name="CreateWasteMeterDataPost" time="2.63" classname="com.arcapi.Buildingtestcase.WasteCreate60MonthMeterDataBulkPostTest"/>
  <testcase name="CreateWasteMeterDataPost" time="2.345" classname="com.arcapi.Buildingtestcase.WasteCreate60MonthMeterDataBulkPostTest"/>
  <testcase name="CreateWasteMeterDataPost" time="2.265" classname="com.arcapi.Buildingtestcase.WasteCreate60MonthMeterDataBulkPostTest"/>
  <testcase name="CreateWasteMeterDataPost" time="2.749" classname="com.arcapi.Buildingtestcase.WasteCreate60MonthMeterDataBulkPostTest"/>
  <testcase name="CreateWasteMeterDataPost" time="2.812" classname="com.arcapi.Buildingtestcase.WasteCreate60MonthMeterDataBulkPostTest"/>
  <testcase name="CreateWasteMeterDataPost" time="2.735" classname="com.arcapi.Buildingtestcase.WasteCreate60MonthMeterDataBulkPostTest"/>
  <testcase name="CreateWasteMeterDataPost" time="2.629" classname="com.arcapi.Buildingtestcase.WasteCreate60MonthMeterDataBulkPostTest"/>
  <testcase name="CreateWasteMeterDataPost" time="2.724" classname="com.arcapi.Buildingtestcase.WasteCreate60MonthMeterDataBulkPostTest"/>
  <testcase name="SurveyWithAllRoutesCreatePOSTAPI" time="2.647" classname="com.arcapi.Buildingtestcase.SurveyAllRoutesFeedbackExtremelySatisfiedDeatailCreatePOSTAPITest"/>
  <testcase name="SurveyWithAllRoutesExtremelyUnsatisfiedDeatailCreatePOSTAPI" time="2.598" classname="com.arcapi.Buildingtestcase.SurveyAllRoutesFeedbackExtremelyUnsatisfiedDeatailCreatePOSTAPITest"/>
  <testcase name="CarbonDioxideCreateMeterConsumption" time="3.245" classname="com.arcapi.Buildingtestcase.CarbonDioxideCreateMeterConsumptionTest"/>
  <testcase name="CO2GetTestAPI" time="2.259" classname="com.arcapi.Buildingtestcase.CarbonDioxideCreate5YearDataPostTest"/>
  <testcase name="CO2GetTestAPI" time="2.831" classname="com.arcapi.Buildingtestcase.CarbonDioxideCreate5YearDataPostTest"/>
  <testcase name="CO2GetTestAPI" time="2.24" classname="com.arcapi.Buildingtestcase.CarbonDioxideCreate5YearDataPostTest"/>
  <testcase name="CO2GetTestAPI" time="2.4" classname="com.arcapi.Buildingtestcase.CarbonDioxideCreate5YearDataPostTest"/>
  <testcase name="CO2GetTestAPI" time="2.982" classname="com.arcapi.Buildingtestcase.CarbonDioxideCreate5YearDataPostTest"/>
  <testcase name="TVOCCreateMeterConsumption" time="2.866" classname="com.arcapi.Buildingtestcase.TVOCCreateMeterConsumptionTest"/>
  <testcase name="TVOCCreate5YearDataPost" time="2.232" classname="com.arcapi.Buildingtestcase.TVOCCreate5YearDataPostTest"/>
  <testcase name="TVOCCreate5YearDataPost" time="2.282" classname="com.arcapi.Buildingtestcase.TVOCCreate5YearDataPostTest"/>
  <testcase name="TVOCCreate5YearDataPost" time="2.912" classname="com.arcapi.Buildingtestcase.TVOCCreate5YearDataPostTest"/>
  <testcase name="TVOCCreate5YearDataPost" time="2.396" classname="com.arcapi.Buildingtestcase.TVOCCreate5YearDataPostTest"/>
  <testcase name="TVOCCreate5YearDataPost" time="2.44" classname="com.arcapi.Buildingtestcase.TVOCCreate5YearDataPostTest"/>
</testsuite> <!-- CompleteFlowTest-Building-None -->
