<?xml version="1.0" encoding="UTF-8"?>
<!-- Generated by org.testng.reporters.JUnitXMLReporter -->
<testsuite hostname="G10GGNLT052" name="CompleteFlowTest-Portfolios" tests="30" failures="0" timestamp="20 Sep 2019 06:16:38 GMT" time="81.988" errors="0">
  <testcase name="LoginAPI" time="9.824" classname="com.arcapi.Common.LoginAPITest"/>
  <testcase name="PortfoliosPostAPI" time="3.735" classname="com.arcapi.Portfoliostestcases.PortfoliosPostAPITest"/>
  <testcase name="PortfoliosGetAPI" time="2.053" classname="com.arcapi.Portfoliostestcases.PortfoliosGetAPITest"/>
  <testcase name="PortfoliosDetailsGetAPI" time="1.97" classname="com.arcapi.Portfoliostestcases.PortfoliosDetailsGetAPITest"/>
  <testcase name="PortfoliosDetailPUTAPI" time="1.95" classname="com.arcapi.Portfoliostestcases.PortfoliosDetailPUTAPITest"/>
  <testcase name="PortfoliosAssetPostAPI" time="2.823" classname="com.arcapi.Portfoliostestcases.PortfoliosAssetPostAPITest"/>
  <testcase name="CreatePortfoliosAsset2PostAPI" time="3.023" classname="com.arcapi.Portfoliostestcases.PortfoliosAssetPostAPITest"/>
  <testcase name="PortfoliosAssetGetAPI" time="2.159" classname="com.arcapi.Portfoliostestcases.PortfoliosAssetGetAPITest"/>
  <testcase name="PortfoliosAssetDetailGetAPI" time="2.013" classname="com.arcapi.Portfoliostestcases.PortfoliosAssetDetailGetAPITest"/>
  <testcase name="PortfoliosAssetDetailPUTAPI" time="2.349" classname="com.arcapi.Portfoliostestcases.PortfoliosAssetDetailPUTAPITest"/>
  <testcase name="PortfoliosEnergy3YearMTCO2DataVerifyGetAPI" time="2.156" classname="com.arcapi.Portfoliostestcases.PortfoliosEnergy3YearMTCO2DataVerifyGetAPITest"/>
  <testcase name="PortfoliosEnergy3YearMTCO2DataVerifyGetAPI" time="2.396" classname="com.arcapi.Portfoliostestcases.PortfoliosEnergy5YearMTCO2DataVerifyGetAPITest"/>
  <testcase name="PortfoliosWater3YearGalDataVerifyGetAPI" time="2.087" classname="com.arcapi.Portfoliostestcases.PortfoliosWater3YearGalDataVerifyGetAPITest"/>
  <testcase name="PortfoliosWater3YearGalDataVerifyGetAPI" time="1.836" classname="com.arcapi.Portfoliostestcases.PortfoliosWater5YearGalDataVerifyGetAPITest"/>
  <testcase name="PortfoliosWasteGeneration3YearLBSDataVerifyGetAP" time="2.08" classname="com.arcapi.Portfoliostestcases.PortfoliosWasteGeneration3YearLBSDataVerifyGetAPITest"/>
  <testcase name="PortfoliosWasteGeneration5YearLBSDataVerifyGetAPI" time="1.848" classname="com.arcapi.Portfoliostestcases.PortfoliosWasteGeneration5YearLBSDataVerifyGetAPITest"/>
  <testcase name="PortfoliosWasteDiversion3YearLBSDataVerifyGetAPI" time="2.04" classname="com.arcapi.Portfoliostestcases.PortfoliosWasteDiversion3YearLBSDataVerifyGetAPITest"/>
  <testcase name="PortfoliosWasteDiversion3YearLBSDataVerifyGetAPI" time="2.046" classname="com.arcapi.Portfoliostestcases.PortfoliosWasteDiversion5YearLBSDataVerifyGetAPITest"/>
  <testcase name="PortfoliosTransportModes3YearDataVerifyGetAPI" time="2.225" classname="com.arcapi.Portfoliostestcases.PortfoliosTransportModes3YearDataVerifyGetAPITest"/>
  <testcase name="PortfoliosTransportModes5YearDataVerifyGetAPI" time="2.126" classname="com.arcapi.Portfoliostestcases.PortfoliosTransportModes5YearDataVerifyGetAPITest"/>
  <testcase name="PortfoliosGoalsDetailAPI" time="1.955" classname="com.arcapi.Portfoliostestcases.PortfoliosGoalsDetailAPITest"/>
  <testcase name="PortfoliosGoalsUpdateAPI" time="2.302" classname="com.arcapi.Portfoliostestcases.PortfoliosGoalsUpdateAPITest"/>
  <testcase name="PortfoliosAnalyticsDetailAPI" time="1.979" classname="com.arcapi.Portfoliostestcases.PortfoliosAnalyticsDetailAPITest"/>
  <testcase name="PortfoliosAnalyticsSummaryDetailAPI" time="2.042" classname="com.arcapi.Portfoliostestcases.PortfoliosAnalyticsSummaryDetailAPITest"/>
  <testcase name="PortfoliosAnalyticsCategoryDetailAPI" time="1.957" classname="com.arcapi.Portfoliostestcases.PortfoliosAnalyticsCategoryDetailAPITest"/>
  <testcase name="PortfoliosTeamsPostAPI" time="1.997" classname="com.arcapi.Portfoliostestcases.PortfoliosTeamsPostAPITest"/>
  <testcase name="PortfoliosTeamsGetAPI" time="1.706" classname="com.arcapi.Portfoliostestcases.PortfoliosTeamsGetAPITest"/>
  <testcase name="PortfoliosTeamsPUTAPI" time="1.869" classname="com.arcapi.Portfoliostestcases.PortfoliosTeamsPUTAPITest"/>
  <testcase name="PortfoliosTeamsDELETEAPI" time="2.055" classname="com.arcapi.Portfoliostestcases.PortfoliosTeamsDELETEAPITest"/>
  <testcase name="PortfoliosAssetDetailDELETEAPI" time="2.177" classname="com.arcapi.Portfoliostestcases.PortfoliosAssetDetailDELETEAPITest"/>
</testsuite> <!-- CompleteFlowTest-Portfolios -->
