<?xml version="1.0" encoding="UTF-8"?>
<!-- Generated by org.testng.reporters.JUnitXMLReporter -->
<testsuite hostname="G10GGNLT052" name="CompleteFlowTest-Portfolios" tests="2" failures="0" timestamp="21 Aug 2019 04:41:55 GMT" time="20.144" errors="0">
  <testcase name="LoginAPI" time="9.794" classname="com.arcapi.Buildingtestcases.LoginAPITest"/>
  <testcase name="CreateAssetPOSTAPI" time="6.664" classname="com.arcapi.Buildingtestcases.CreateAssetBuildingNoneAPITest"/>
</testsuite> <!-- CompleteFlowTest-Portfolios -->
