<?xml version="1.0" encoding="UTF-8"?>
<!-- Generated by org.testng.reporters.JUnitXMLReporter -->
<testsuite hostname="G10GGNLT052" name="GresbSpecialRequirement" tests="2" failures="0" timestamp="4 Oct 2019 08:45:37 GMT" time="29.199" errors="0">
  <testcase name="GresbAssetsDetailsGetAPI" time="3.755" classname="com.arcapi.Portfoliostestcases.GresbAssetsDetailsGetAPITest"/>
  <testcase name="GresbAssetsExsitingIDPostAPI" time="24.574" classname="com.arcapi.Portfoliostestcases.GresbAssetsExsitingIDPostAPITest"/>
</testsuite> <!-- GresbSpecialRequirement -->
