<?xml version="1.0" encoding="UTF-8"?>
<!-- Generated by org.testng.reporters.JUnitXMLReporter -->
<testsuite hostname="G10GGNLT052" name="CompleteFlowTest-City-None1" tests="23" failures="0" timestamp="19 Sep 2019 08:54:17 GMT" time="138.259" errors="0">
  <testcase name="LoginAPI" time="7.987" classname="com.arcapi.Common.LoginAPITest"/>
  <testcase name="CreateAssetPOSTAPI" time="7.353" classname="com.arcapi.Common.CityCom.CreateNewProjectAPITest"/>
  <testcase name="SignAgreementRegistrationAPI" time="4.248" classname="com.arcapi.Common.SignAgreementRegistrationAPITest"/>
  <testcase name="RegistrationPaymentPricingGetAPI" time="2.664" classname="com.arcapi.Common.RegistrationPaymentPricingGetAPITest"/>
  <testcase name="PaymentOrderSubmitPOSTAPI" time="11.328" classname="com.arcapi.Common.PaymentOrderSubmitPOSTAPITest"/>
  <testcase name="AddAssestTimeline" time="4.034" classname="com.arcapi.Common.AddAssestTimelinePOSTAPITest"/>
  <testcase name="AssetUpdateforNewAssetPUTAPI" time="2.654" classname="com.arcapi.Common.CityCom.AssetUpdateAPITest"/>
  <testcase name="MeterCreatePOSTAPI" time="31.21" classname="com.arcapi.Common.CityCom.MeterCreateAPICityCommTest"/>
  <testcase name="ConsumptionCreatePOSTAPI" time="28.527" classname="com.arcapi.Common.CityCom.ConsumptionCreateAPITest"/>
  <testcase name="CityAirQualityIndexGet" time="2.163" classname="com.arcapi.Scoretestcases.version3.CityAirQualityIndexGetTest"/>
  <testcase name="CityBachelorDegreeGet" time="1.8" classname="com.arcapi.Scoretestcases.version3.CityBachelorDegreeGetTest"/>
  <testcase name="CityGhgEmissionGet" time="1.976" classname="com.arcapi.Scoretestcases.version3.CityGhgEmissionGetTest"/>
  <testcase name="CityGiniCoefficientGet" time="1.989" classname="com.arcapi.Scoretestcases.version3.CityGiniCoefficientGetTest"/>
  <testcase name="CityHighSchoolGet" time="2.059" classname="com.arcapi.Scoretestcases.version3.CityHighSchoolGetTest"/>
  <testcase name="CityMedianIncomeGet" time="2.069" classname="com.arcapi.Scoretestcases.version3.CityMedianIncomeGetTest"/>
  <testcase name="CityRentIncomeGet" time="1.979" classname="com.arcapi.Scoretestcases.version3.CityRentIncomeGetTest"/>
  <testcase name="CityUnemploymentGet" time="1.627" classname="com.arcapi.Scoretestcases.version3.CityUnemploymentGetTest"/>
  <testcase name="CityUnhealthyDaysGet" time="1.877" classname="com.arcapi.Scoretestcases.version3.CityUnhealthyDaysGetTest"/>
  <testcase name="CityVehiclesMilesGet" time="2.025" classname="com.arcapi.Scoretestcases.version3.CityVehiclesMilesGetTest"/>
  <testcase name="CityViolentCrimeGet" time="1.972" classname="com.arcapi.Scoretestcases.version3.CityViolentCrimeGetTest"/>
  <testcase name="CityWasteDivertedGet" time="2.863" classname="com.arcapi.Scoretestcases.version3.CityWasteDivertedGetTest"/>
  <testcase name="CityWasteGeneratedGet" time="3.285" classname="com.arcapi.Scoretestcases.version3.CityWasteGeneratedGetTest"/>
  <testcase name="CityWaterGet" time="2.534" classname="com.arcapi.Scoretestcases.version3.CityWaterGetTest"/>
</testsuite> <!-- CompleteFlowTest-City-None1 -->
