<?xml version="1.0" encoding="UTF-8"?>
<!-- Generated by org.testng.reporters.JUnitXMLReporter -->
<testsuite hostname="G10GNLT041" ignored="0" name="CityReferenceSet-Waste" tests="8" failures="0" timestamp="22 May 2019 08:34:17 GMT" time="95.353" errors="0">
  <testcase name="CreateAssetPOSTAPI" time="24.412" classname="com.arcapi.Citytestcases.CreateAssetCityCustomAPITest"/>
  <testcase name="PaymentOrderSubmitPOSTAPI" time="14.03" classname="com.arcapi.Citytestcases.PaymentOrderSubmitCustomPOSTAPITest"/>
  <testcase name="AddAssestTimeline" time="6.896" classname="com.arcapi.Citytestcases.AddAssestTimelineCustomPOSTAPITest"/>
  <testcase name="MeterCreatePOSTAPI" time="6.399" classname="com.arcapi.Citytestcases.MeterCreateAPICustomCityCommTest"/>
  <testcase name="MeterCreatePOSTAPI" time="5.084" classname="com.arcapi.Citytestcases.MeterCreateAPICustom2CityCommTest"/>
  <testcase name="ConsumptionCreatePOSTAPI" time="11.435" classname="com.arcapi.Citytestcases.CityCommConsumptionCustomCreateAPITest"/>
  <testcase name="ConsumptionCreatePOSTAPI" time="4.845" classname="com.arcapi.Citytestcases.CityCommConsumptionCustom2CreateAPITest"/>
  <testcase name="RecomputePerformanceScoreGet" time="5.765" classname="com.arcapi.Citytestcases.RecomputePerformanceCustomScoreGetTest"/>
</testsuite> <!-- CityReferenceSet-Waste -->
