<?xml version="1.0" encoding="UTF-8"?>
<!-- Generated by org.testng.reporters.JUnitXMLReporter -->
<testsuite hostname="G10GGNLT052" name="CompleteFlowTest-Building-None" tests="101" failures="5" timestamp="11 Sep 2019 10:37:21 GMT" time="511.371" errors="0">
  <testcase name="LoginAPI" time="7.432" classname="com.arcapi.Common.LoginAPITest"/>
  <testcase name="UserDetailAPI" time="1.822" classname="com.arcapi.Common.UserDetailAPITest"/>
  <testcase name="UserAccessLevelSAPGet" time="1.52" classname="com.arcapi.Common.UserAccessLevelSAPGetTest"/>
  <testcase name="LOTokenAPI" time="1.466" classname="com.arcapi.Common.LOTokenAPITest"/>
  <testcase name="CreateAssetPOSTAPI" time="6.239" classname="com.arcapi.Buildingtestcases.CreateAssetBuildingV3APITest"/>
  <testcase name="AssetSearchAPI" time="1.426" classname="com.arcapi.Common.AssetSearchAPITest"/>
  <testcase name="SignAgreementRegistrationAPI" time="3.336" classname="com.arcapi.Common.SignAgreementRegistrationAPITest"/>
  <testcase name="RegistrationPaymentPricingGetAPI" time="2.554" classname="com.arcapi.Common.RegistrationPaymentPricingGetAPITest"/>
  <testcase name="PaymentOrderSubmitPOSTAPI" time="10.627" classname="com.arcapi.Common.PaymentOrderSubmitPOSTAPITest"/>
  <testcase name="AddAssestTimeline" time="6.223" classname="com.arcapi.Common.AddAssestTimelinePOSTAPITest"/>
  <testcase name="PaymentOrderGetAPI" time="1.632" classname="com.arcapi.Common.PaymentOrderGetAPITest"/>
  <testcase name="PaymentReceiptAPI" time="4.271" classname="com.arcapi.Common.PaymentReceiptAPITest"/>
  <testcase name="PaymentHistoryAPI" time="1.393" classname="com.arcapi.Common.PaymentHistoryAPITest"/>
  <testcase name="AssetDetailAPI" time="1.885" classname="com.arcapi.Common.AssetDetailAPITest"/>
  <testcase name="AssetValidationInfoPOSTAPI" time="1.631" classname="com.arcapi.Common.AssetValidationInfoPOSTAPITest"/>
  <testcase name="AssetSearchOwnerAPI" time="1.423" classname="com.arcapi.Common.AssetSearchOwnerAPITest"/>
  <testcase name="AssetOwnerOrgPOSTAPI" time="2.616" classname="com.arcapi.Common.AssetOwnerOrgPOSTAPITest">
    <failure type="java.lang.AssertionError" message="expected [201] but found [200]">
      <![CDATA[java.lang.AssertionError: expected [201] but found [200]
	at com.Utill.Controller.Assertion.verifyStatusCode(Assertion.java:20)
	at com.arcapi.Common.AssetOwnerOrgPOSTAPITest.AssetOwnerOrgPOSTAPI(AssetOwnerOrgPOSTAPITest.java:22)
... Removed 31 stack frames]]>
    </failure>
  </testcase> <!-- AssetOwnerOrgPOSTAPI -->
  <testcase name="AssetListAPI" time="1.71" classname="com.arcapi.Common.AssetListAPITest"/>
  <testcase name="AssetUpdateforNewAssetPUTAPI" time="2.285" classname="com.arcapi.Buildingtestcases.AssetUpdateBuildingAPITest"/>
  <testcase name="VerifyAssetDetailAPI" time="2.228" classname="com.arcapi.Buildingtestcases.VerifyAssetDetailAPITest"/>
  <testcase name="VerifyProjectRegisteredAssetList" time="2.049" classname="com.arcapi.Common.VerifyProjectRegisteredAssetListTest"/>
  <testcase name="AssetDocumentAPI" time="2.878" classname="com.arcapi.Common.AssetDocumentAPITest"/>
  <testcase name="DownloadDocumentsAPI" time="2.531" classname="com.arcapi.Common.DownloadDocumentsAPITest"/>
  <testcase name="VerifyAgreementPresentAPI" time="1.878" classname="com.arcapi.Common.VerifyAgreementPresentAPITest"/>
  <testcase name="FetchingAgreementDetailsAPI" time="2.634" classname="com.arcapi.Common.FetchingAgreementDetailsAPITest"/>
  <testcase name="VerifyAgreementDeleteAPI" time="1.442" classname="com.arcapi.Common.VerifyAgreementDeleteAPITest">
    <failure type="java.lang.AssertionError" message="expected [403] but found [404]">
      <![CDATA[java.lang.AssertionError: expected [403] but found [404]
	at com.Utill.Controller.Assertion.verifyStatusCode(Assertion.java:20)
	at com.arcapi.Common.VerifyAgreementDeleteAPITest.VerifyAgreementDeleteAPI(VerifyAgreementDeleteAPITest.java:29)
... Removed 31 stack frames]]>
    </failure>
  </testcase> <!-- VerifyAgreementDeleteAPI -->
  <testcase name="MetersAPI" time="1.569" classname="com.arcapi.Buildingtestcases.MetersAPITest"/>
  <testcase name="MeterCreatePOSTAPI" time="1.628" classname="com.arcapi.Buildingtestcases.MeterCreatePOSTAPITest"/>
  <testcase name="AssetMeterDetailAPI" time="1.596" classname="com.arcapi.Buildingtestcases.AssetMeterDetailAPITest"/>
  <testcase name="MeterUpdatePUTAPI" time="1.529" classname="com.arcapi.Buildingtestcases.MeterUpdatePUTAPITest"/>
  <testcase name="MeterBulkConsumptionPOSTAPI" time="1.802" classname="com.arcapi.Buildingtestcases.MeterBulkConsumptionPOSTAPITest"/>
  <testcase name="ConsumptionListAPI" time="4.871" classname="com.arcapi.Buildingtestcases.ConsumptionListAPITest"/>
  <testcase name="ConsumptionCreatePOSTAPI" time="1.642" classname="com.arcapi.Buildingtestcases.ConsumptionCreatePOSTAPITest"/>
  <testcase name="ConsumptionDetailAPI" time="1.922" classname="com.arcapi.Buildingtestcases.ConsumptionDetailAPITest"/>
  <testcase name="ConsumptionUpdatePUTAPI" time="2.103" classname="com.arcapi.Buildingtestcases.ConsumptionUpdatePUTAPITest"/>
  <testcase name="ConsumptionDeleteAPI" time="1.505" classname="com.arcapi.Buildingtestcases.ConsumptionDeleteAPITest"/>
  <testcase name="MeterDeleteAPI" time="1.653" classname="com.arcapi.Buildingtestcases.MeterDeleteAPITest"/>
  <testcase name="WasteGeneratedBulkDataPost" time="1.729" classname="com.arcapi.Buildingtestcases.WasteGeneratedBulkDataPostTest"/>
  <testcase name="WasteDivertedBulkDataPost" time="2.078" classname="com.arcapi.Buildingtestcases.WasteDivertedBulkDataPostTest"/>
  <testcase name="WasteCreatePOSTAPI" time="1.705" classname="com.arcapi.Buildingtestcases.WasteCreatePOSTAPITest"/>
  <testcase name="WasteGetAPI" time="1.395" classname="com.arcapi.Buildingtestcases.WasteGetAPITest"/>
  <testcase name="WasteDetailAPI" time="2.014" classname="com.arcapi.Buildingtestcases.WasteDetailAPITest"/>
  <testcase name="WasteUpdatePUTAPI" time="1.415" classname="com.arcapi.Buildingtestcases.WasteUpdatePUTAPITest"/>
  <testcase name="WasteDetailDeleteAPI" time="1.658" classname="com.arcapi.Buildingtestcases.WasteDetailDeleteAPITest"/>
  <testcase name="SurveyCreatePOSTAPI" time="210.873" classname="com.arcapi.Buildingtestcases.SurveyCreatePOSTAPITest"/>
  <testcase name="ExcelUploadTemplatePOSTAPI" time="0.079" classname="com.arcapi.Buildingtestcases.ExcelUploadTemplatePOSTAPITest"/>
  <testcase name="AssetTeamMemberRoleAPI" time="1.794" classname="com.arcapi.Common.AssetTeamMemberRoleAPITest"/>
  <testcase name="AssetTeamMemberListAPI" time="1.866" classname="com.arcapi.Common.AssetTeamMemberListAPITest"/>
  <testcase name="AssetTeamMemberAddPOSTAPI" time="2.298" classname="com.arcapi.Common.AssetTeamMemberAddPOSTAPITest"/>
  <testcase name="AssetTeamMemberUpdateAPI" time="2.201" classname="com.arcapi.Common.AssetTeamMemberUpdateAPITest"/>
  <testcase name="AssetTeamMemberRemoveAPI" time="2.369" classname="com.arcapi.Common.AssetTeamMemberRemoveAPITest"/>
  <testcase name="DeleteAllAppsAPI" time="7.229" classname="com.arcapi.Common.DeleteAllAppsAPITest"/>
  <testcase name="InstallAllAppsAfterDeleteAPI" time="4.197" classname="com.arcapi.Common.InstallAllAppsAfterDeleteAPITest"/>
  <testcase name="S3DocumentUploadPOSTAPI" time="14.425" classname="com.arcapi.Common.S3DocumentUploadPOSTAPITest"/>
  <testcase name="S3DocumentListAPI" time="1.74" classname="com.arcapi.Common.S3DocumentListAPITest"/>
  <testcase name="S3DocumentRemoveAPI" time="1.457" classname="com.arcapi.Common.S3DocumentRemoveAPITest"/>
  <testcase name="AssetTeamPermissionListAPI" time="1.93" classname="com.arcapi.Common.AssetTeamPermissionListAPITest"/>
  <testcase name="AssetTeamPermissionPostAPI" time="1.932" classname="com.arcapi.Common.AssetTeamPermissionPostAPITest"/>
  <testcase name="AssetTeamPermissionPutAPI" time="1.957" classname="com.arcapi.Common.AssetTeamPermissionPutAPITest"/>
  <testcase name="VerifyAdminRemoveAPI" time="2.558" classname="com.arcapi.Common.VerifyAdminRemoveAPITest">
    <failure type="java.lang.AssertionError" message="expected [403] but found [200]">
      <![CDATA[java.lang.AssertionError: expected [403] but found [200]
	at com.Utill.Controller.Assertion.verifyStatusCode(Assertion.java:20)
	at com.arcapi.Common.VerifyAdminRemoveAPITest.VerifyAdminRemoveAPI(VerifyAdminRemoveAPITest.java:21)
... Removed 31 stack frames]]>
    </failure>
  </testcase> <!-- VerifyAdminRemoveAPI -->
  <testcase name="AssetTeamMemberAddPOSTAPI" time="2.766" classname="com.arcapi.Common.AssetArcProjectAdminAddPOSTAPITest"/>
  <testcase name="AssetNotificationSubscriptionList" time="1.37" classname="com.arcapi.Common.AssetNotificationSubscriptionListTest"/>
  <testcase name="AssetNotificationSubscriptionPost" time="1.735" classname="com.arcapi.Common.AssetNotificationSubscriptionPostTest"/>
  <testcase name="NotificationSubscriptionDetail" time="1.435" classname="com.arcapi.Common.NotificationSubscriptionDetailGetTest"/>
  <testcase name="NotificationSubscriptionDetail" time="1.387" classname="com.arcapi.Common.NotificationSubscriptionDetailPutTest"/>
  <testcase name="NotificationSubscriptionDetailDelete" time="1.379" classname="com.arcapi.Common.NotificationSubscriptionDetailDeleteTest"/>
  <testcase name="AssetDataSnapshotAPI" time="6.056" classname="com.arcapi.Common.AssetDataSnapshotAPITest"/>
  <testcase name="RecomputePerformanceScoreGet" time="9.258" classname="com.arcapi.Common.RecomputePerformanceScoreGetTest"/>
  <testcase name="NotificationCreatePOSTAPI" time="1.557" classname="com.arcapi.Common.NotificationCreatePOSTAPITest"/>
  <testcase name="NotificationGetAPI" time="1.411" classname="com.arcapi.Common.NotificationGetAPITest"/>
  <testcase name="NotificationDeleteAPI" time="1.408" classname="com.arcapi.Common.NotificationDeleteAPITest"/>
  <testcase name="FeedbackSubmitPostAPI" time="1.389" classname="com.arcapi.Common.FeedbackSubmitPostAPITest"/>
  <testcase name="TransitSurveyExportAPI" time="2.184" classname="com.arcapi.Common.TransitSurveyExportAPITest"/>
  <testcase name="EnvironmentSurveyExportAPI" time="1.841" classname="com.arcapi.Common.EnvironmentSurveyExportAPITest"/>
  <testcase name="AssetDataExportAPI" time="2.507" classname="com.arcapi.Common.AssetDataExportAPITest"/>
  <testcase name="AssetPerformanceScoreListAPI" time="1.448" classname="com.arcapi.Common.AssetPerformanceScoreListAPITest"/>
  <testcase name="AnalysisDataSubmitPOSTAPI" time="0.0" classname="com.arcapi.Common.AnalysisDataSubmitPOSTAPITest"/>
  <testcase name="AnalysisDataGetAPI" time="1.693" classname="com.arcapi.Common.AnalysisDataGetAPITest"/>
  <testcase name="CO2GetTestAPI" time="1.595" classname="com.arcapi.Buildingtestcases.CO2GetTest"/>
  <testcase name="GhgGetTestAPI" time="1.377" classname="com.arcapi.Buildingtestcases.GhgGetTest"/>
  <testcase name="GhgCalcGet" time="1.38" classname="com.arcapi.Buildingtestcases.GhgCalcGetTest"/>
  <testcase name="VOCGet" time="1.383" classname="com.arcapi.Buildingtestcases.VOCGetTest"/>
  <testcase name="WaterGet" time="1.388" classname="com.arcapi.Buildingtestcases.WaterGetTest"/>
  <testcase name="ExcelTemplateMetersAPI" time="2.897" classname="com.arcapi.Buildingtestcases.ExcelTemplateMetersAPITest"/>
  <testcase name="VerifyExcelTemplateConsumptionAPI" time="1.408" classname="com.arcapi.Buildingtestcases.VerifyExcelTemplateConsumptionAPITest">
    <failure type="java.lang.NullPointerException">
      <![CDATA[java.lang.NullPointerException
	at com.arcapi.Buildingtestcases.VerifyExcelTemplateConsumptionAPITest.VerifyExcelTemplateConsumptionAPI(VerifyExcelTemplateConsumptionAPITest.java:52)
... Removed 25 stack frames]]>
    </failure>
  </testcase> <!-- VerifyExcelTemplateConsumptionAPI -->
  <testcase name="VerifyWasteDataExcelAPI" time="1.477" classname="com.arcapi.Buildingtestcases.VerifyWasteDataExcelAPITest">
    <failure type="java.lang.AssertionError" message="expected [200] but found [300]">
      <![CDATA[java.lang.AssertionError: expected [200] but found [300]
	at com.arcapi.Buildingtestcases.VerifyWasteDataExcelAPITest.VerifyWasteDataExcelAPI(VerifyWasteDataExcelAPITest.java:29)
... Removed 31 stack frames]]>
    </failure>
  </testcase> <!-- VerifyWasteDataExcelAPI -->
  <testcase name="AssetCertificationListAPI" time="1.358" classname="com.arcapi.Common.AssetCertificationListAPITest"/>
  <testcase name="AssetCertificationPOSTAPI" time="1.45" classname="com.arcapi.Common.AssetCertificationPOSTAPITest"/>
  <testcase name="TemperatureDataGet" time="1.389" classname="com.arcapi.Common.TemperatureDataGetTest"/>
  <testcase name="AssetRequiredFieldsAPI" time="1.968" classname="com.arcapi.Common.AssetRequiredFieldsAPITest"/>
  <testcase name="CountryStatesJSONAPI" time="1.637" classname="com.arcapi.Common.CountryStatesJSONAPITest"/>
  <testcase name="AssociatedCategoriesAPI" time="1.378" classname="com.arcapi.Common.AssociatedCategoriesAPITest"/>
  <testcase name="RatingSystemListAPI" time="1.379" classname="com.arcapi.Common.RatingSystemListAPITest"/>
  <testcase name="AppVersionDetailAPI" time="1.374" classname="com.arcapi.Common.AppVersionDetailAPITest"/>
  <testcase name="FuelCategoryAPI" time="1.376" classname="com.arcapi.Common.FuelCategoryAPITest"/>
  <testcase name="GetAllDocumentListAPI" time="2.075" classname="com.arcapi.Common.GetAllDocumentListAPITest"/>
  <testcase name="PerformanceComparablesGetAPI" time="1.434" classname="com.arcapi.Common.PerformanceComparablesGetAPITest"/>
  <testcase name="ScoreWeightsAPI" time="1.413" classname="com.arcapi.Common.ScoreWeightsAPITest"/>
  <testcase name="ThirdPartyListAppsAPI" time="1.384" classname="com.arcapi.Common.ThirdPartyListAppsAPITest"/>
  <testcase name="AvgPerformaceList" time="1.441" classname="com.arcapi.Common.AvgPerformaceListGetTest"/>
  <testcase name="AssetSnapshotKeysAPI" time="1.419" classname="com.arcapi.Common.AssetSnapshotKeysAPITest"/>
</testsuite> <!-- CompleteFlowTest-Building-None -->
