<?xml version="1.0" encoding="UTF-8"?>
<!-- Generated by org.testng.reporters.JUnitXMLReporter -->
<testsuite hostname="G10GGNLT052" name="CompleteFlowTest-Building-Other" tests="2" failures="0" timestamp="16 Oct 2019 11:41:51 GMT" time="30.639" errors="0">
  <testcase name="ResampledTotalScoreGetAPI" time="4.807" classname="com.arcapi.Common.V2.ResampledTotalScoreGetAPITest"/>
  <testcase name="RecomputeVerifyTotalScoreGraphGetAPI" time="25.009" classname="com.arcapi.Common.V2.RecomputeVerifyTotalScoreGraphGetAPITest"/>
</testsuite> <!-- CompleteFlowTest-Building-Other -->
