<?xml version="1.0" encoding="UTF-8"?>
<!-- Generated by org.testng.reporters.JUnitXMLReporter -->
<testsuite hostname="G10GGNLT052" name="SpecialScenario" tests="3" failures="2" timestamp="24 Sep 2019 09:15:16 GMT" time="20.67" errors="0">
  <testcase name="LoginAPI" time="8.354" classname="com.arcapi.Common.LoginAPITest"/>
  <testcase name="OLDExcelUploadTemplatePOSTAPI" time="3.571" classname="com.arcapi.ScenarioBasedTestcases.OLDExcelUploadTemplatePOSTAPITest">
    <failure type="java.lang.AssertionError" message="expected [400] but found [200]">
      <![CDATA[java.lang.AssertionError: expected [400] but found [200]
	at com.Utill.Controller.Assertion.verifyStatusCode(Assertion.java:20)
	at com.arcapi.ScenarioBasedTestcases.OLDExcelUploadTemplatePOSTAPITest.OLDExcelUploadTemplatePOSTAPI(OLDExcelUploadTemplatePOSTAPITest.java:20)
... Removed 31 stack frames]]>
    </failure>
  </testcase> <!-- OLDExcelUploadTemplatePOSTAPI -->
  <testcase name="CreateProjectBySingleCharacterAPI" time="4.627" classname="com.arcapi.ScenarioBasedTestcases.CreateProjectBySingleCharacterAPITest">
    <failure type="java.lang.AssertionError" message="expected [201] but found [400]">
      <![CDATA[java.lang.AssertionError: expected [201] but found [400]
	at com.Utill.Controller.Assertion.verifyStatusCode(Assertion.java:20)
	at com.arcapi.ScenarioBasedTestcases.CreateProjectBySingleCharacterAPITest.CreateProjectBySingleCharacterAPI(CreateProjectBySingleCharacterAPITest.java:22)
... Removed 31 stack frames]]>
    </failure>
  </testcase> <!-- CreateProjectBySingleCharacterAPI -->
</testsuite> <!-- SpecialScenario -->
