<?xml version="1.0" encoding="UTF-8"?>
<!-- Generated by org.testng.reporters.JUnitXMLReporter -->
<testsuite hostname="G10GGNLT052" name="TeamScenario-TeamMember" tests="5" failures="0" timestamp="24 Sep 2019 08:07:28 GMT" time="25.443" errors="0">
  <testcase name="LoginAPI" time="6.501" classname="com.arcapi.ScenarioBasedTestcases.LoginAPITest1"/>
  <testcase name="AssetTeamMemberUpdateAPI" time="7.471" classname="com.arcapi.ScenarioBasedTestcases.AssetTeamMemberUpdateAPITest"/>
  <testcase name="AssetTeamMemberUpdateAdminAPI" time="5.205" classname="com.arcapi.ScenarioBasedTestcases.AssetTeamMemberUpdateAdminAPITest"/>
  <testcase name="AssetTeamMemberRemoveAdminAPI" time="2.763" classname="com.arcapi.ScenarioBasedTestcases.AssetTeamMemberRemoveAdminAPITest"/>
  <testcase name="AssetTeamMemberRemoveAPI" time="2.424" classname="com.arcapi.ScenarioBasedTestcases.AssetTeamMemberRemoveAPITest"/>
</testsuite> <!-- TeamScenario-TeamMember -->
