<?xml version="1.0" encoding="UTF-8"?>
<!-- Generated by org.testng.reporters.JUnitXMLReporter -->
<testsuite hostname="G10GGNLT052" name="LEED v4.1 Cities: Plan and Design" tests="5" failures="0" timestamp="15 Nov 2019 09:13:41 GMT" time="29.092" errors="0">
  <testcase name="LOAuthenticateAPI" time="3.064" classname="com.arcapi.Leedv4Testcases.LOAuthenticateAPITest"/>
  <testcase name="LEEDV4CitiesPlanand" time="9.778" classname="com.arcapi.Citytestcases.LEEDV4CitiesPlanandDesign"/>
  <testcase name="LoginAPI" time="8.275" classname="com.arcapi.Common.LoginAPITest"/>
  <testcase name="LOProjectSyncAPI" time="2.742" classname="com.arcapi.Leedv4Testcases.NotSyncLOProjectAPITest"/>
  <testcase name="NotSignAgreementRegistrationAPI" time="3.688" classname="com.arcapi.Leedv4Testcases.NotSignAgreementRegistrationAPITest"/>
</testsuite> <!-- LEED v4.1 Cities: Plan and Design -->
