<?xml version="1.0" encoding="UTF-8"?>
<!-- Generated by org.testng.reporters.JUnitXMLReporter -->
<testsuite hostname="G10GGNLT052" name="CompleteFlowTest-Building-Other" tests="2" failures="0" timestamp="10 Oct 2019 10:45:36 GMT" time="17.785" errors="0">
  <testcase name="LoginAPI" time="8.264" classname="com.arcapi.Common.LoginAPITest"/>
  <testcase name="BasicAnalysisDataGetAPI" time="5.258" classname="com.arcapi.Common.V2.BasicAnalysisDataGetAPITest"/>
</testsuite> <!-- CompleteFlowTest-Building-Other -->
