<?xml version="1.0" encoding="UTF-8"?>
<!-- Generated by org.testng.reporters.JUnitXMLReporter -->
<testsuite hostname="G10GGNLT052" name="LEED v4.1 O+M: Interiors" tests="10" failures="0" timestamp="27 Sep 2019 04:25:01 GMT" time="0.007" errors="0">
  <testcase name="@BeforeClass setBaseUri" time="0.0" classname="com.arcapi.Leedv4Testcases.LOAuthenticateAPITest">
    <failure type="org.testng.TestNGException" message="
Parameter &amp;apos;environment&amp;apos; is required by @Configuration on method setBaseUri but has not been marked @Optional or defined
in D:\worksapceNew\TestArcAPI\src\main\resources\TestNGFiles\LEEDv4Building.xml">
      <![CDATA[org.testng.TestNGException: 
Parameter 'environment' is required by @Configuration on method setBaseUri but has not been marked @Optional or defined
in D:\worksapceNew\TestArcAPI\src\main\resources\TestNGFiles\LEEDv4Building.xml
... Removed 21 stack frames]]>
    </failure>
  </testcase> <!-- @BeforeClass setBaseUri -->
  <testcase name="@AfterClass end" time="0.0" classname="com.arcapi.Leedv4Testcases.LOAuthenticateAPITest">
    <skipped/>
  </testcase> <!-- @AfterClass end -->
  <testcase name="@BeforeClass getSuiteName" time="0.0" classname="com.arcapi.Leedv4Testcases.LEEDv4OMInteriorsBuildingsAPITest">
    <skipped/>
  </testcase> <!-- @BeforeClass getSuiteName -->
  <testcase name="@BeforeClass setBaseUri" time="0.0" classname="com.arcapi.Leedv4Testcases.LEEDv4OMInteriorsBuildingsAPITest">
    <skipped/>
  </testcase> <!-- @BeforeClass setBaseUri -->
  <testcase name="@AfterClass end" time="0.0" classname="com.arcapi.Leedv4Testcases.LEEDv4OMInteriorsBuildingsAPITest">
    <skipped/>
  </testcase> <!-- @AfterClass end -->
  <testcase name="@BeforeClass getSuiteName" time="0.0" classname="com.arcapi.Common.LoginAPITest">
    <skipped/>
  </testcase> <!-- @BeforeClass getSuiteName -->
  <testcase name="@BeforeClass setBaseUri" time="0.0" classname="com.arcapi.Common.LoginAPITest">
    <skipped/>
  </testcase> <!-- @BeforeClass setBaseUri -->
  <testcase name="@BeforeMethod ExtentReportConfig" time="0.0" classname="com.arcapi.Common.LoginAPITest">
    <skipped/>
  </testcase> <!-- @BeforeMethod ExtentReportConfig -->
  <testcase name="@BeforeMethod start" time="0.0" classname="com.arcapi.Common.LoginAPITest">
    <skipped/>
  </testcase> <!-- @BeforeMethod start -->
  <testcase name="@AfterMethod teardown" time="0.0" classname="com.arcapi.Common.LoginAPITest">
    <skipped/>
  </testcase> <!-- @AfterMethod teardown -->
  <testcase name="@AfterClass end" time="0.0" classname="com.arcapi.Common.LoginAPITest">
    <skipped/>
  </testcase> <!-- @AfterClass end -->
  <testcase name="@BeforeClass getSuiteName" time="0.0" classname="com.arcapi.Leedv4Testcases.LOProjectSyncAPITest">
    <skipped/>
  </testcase> <!-- @BeforeClass getSuiteName -->
  <testcase name="@BeforeClass setBaseUri" time="0.0" classname="com.arcapi.Leedv4Testcases.LOProjectSyncAPITest">
    <skipped/>
  </testcase> <!-- @BeforeClass setBaseUri -->
  <testcase name="@AfterClass end" time="0.0" classname="com.arcapi.Leedv4Testcases.LOProjectSyncAPITest">
    <skipped/>
  </testcase> <!-- @AfterClass end -->
  <testcase name="@BeforeClass getSuiteName" time="0.0" classname="com.arcapi.Leedv4Testcases.SignAgreementRegistrationAPITest">
    <skipped/>
  </testcase> <!-- @BeforeClass getSuiteName -->
  <testcase name="@BeforeClass setBaseUri" time="0.0" classname="com.arcapi.Leedv4Testcases.SignAgreementRegistrationAPITest">
    <skipped/>
  </testcase> <!-- @BeforeClass setBaseUri -->
  <testcase name="@AfterClass end" time="0.0" classname="com.arcapi.Leedv4Testcases.SignAgreementRegistrationAPITest">
    <skipped/>
  </testcase> <!-- @AfterClass end -->
  <testcase name="@BeforeClass getSuiteName" time="0.0" classname="com.arcapi.Buildingtestcases.AssetUpdateBuildingAPITest">
    <skipped/>
  </testcase> <!-- @BeforeClass getSuiteName -->
  <testcase name="@BeforeClass setBaseUri" time="0.0" classname="com.arcapi.Buildingtestcases.AssetUpdateBuildingAPITest">
    <skipped/>
  </testcase> <!-- @BeforeClass setBaseUri -->
  <testcase name="@AfterClass end" time="0.0" classname="com.arcapi.Buildingtestcases.AssetUpdateBuildingAPITest">
    <skipped/>
  </testcase> <!-- @AfterClass end -->
  <testcase name="@BeforeClass getSuiteName" time="0.0" classname="com.arcapi.Common.VerifyProjectRegisteredAssetListTest">
    <skipped/>
  </testcase> <!-- @BeforeClass getSuiteName -->
  <testcase name="@BeforeClass setBaseUri" time="0.0" classname="com.arcapi.Common.VerifyProjectRegisteredAssetListTest">
    <skipped/>
  </testcase> <!-- @BeforeClass setBaseUri -->
  <testcase name="@AfterClass end" time="0.0" classname="com.arcapi.Common.VerifyProjectRegisteredAssetListTest">
    <skipped/>
  </testcase> <!-- @AfterClass end -->
  <testcase name="@BeforeClass getSuiteName" time="0.0" classname="com.arcapi.Common.AssetDocumentAPITest">
    <skipped/>
  </testcase> <!-- @BeforeClass getSuiteName -->
  <testcase name="@BeforeClass setBaseUri" time="0.0" classname="com.arcapi.Common.AssetDocumentAPITest">
    <skipped/>
  </testcase> <!-- @BeforeClass setBaseUri -->
  <testcase name="@AfterClass end" time="0.0" classname="com.arcapi.Common.AssetDocumentAPITest">
    <skipped/>
  </testcase> <!-- @AfterClass end -->
  <testcase name="@BeforeClass getSuiteName" time="0.0" classname="com.arcapi.Common.DownloadDocumentsAPITest">
    <skipped/>
  </testcase> <!-- @BeforeClass getSuiteName -->
  <testcase name="@BeforeClass setBaseUri" time="0.0" classname="com.arcapi.Common.DownloadDocumentsAPITest">
    <skipped/>
  </testcase> <!-- @BeforeClass setBaseUri -->
  <testcase name="@AfterClass end" time="0.0" classname="com.arcapi.Common.DownloadDocumentsAPITest">
    <skipped/>
  </testcase> <!-- @AfterClass end -->
  <testcase name="@BeforeClass getSuiteName" time="0.0" classname="com.arcapi.Common.FetchingAgreementDetailsAPITest">
    <skipped/>
  </testcase> <!-- @BeforeClass getSuiteName -->
  <testcase name="@BeforeClass setBaseUri" time="0.0" classname="com.arcapi.Common.FetchingAgreementDetailsAPITest">
    <skipped/>
  </testcase> <!-- @BeforeClass setBaseUri -->
  <testcase name="@AfterClass end" time="0.0" classname="com.arcapi.Common.FetchingAgreementDetailsAPITest">
    <skipped/>
  </testcase> <!-- @AfterClass end -->
  <testcase name="LOAuthenticateAPI" time="0.0" classname="com.arcapi.Leedv4Testcases.LOAuthenticateAPITest">
    <skipped/>
  </testcase> <!-- LOAuthenticateAPI -->
  <testcase name="LEEDv4OMInteriorsBuildingsAPI" time="0.0" classname="com.arcapi.Leedv4Testcases.LEEDv4OMInteriorsBuildingsAPITest">
    <skipped/>
  </testcase> <!-- LEEDv4OMInteriorsBuildingsAPI -->
  <testcase name="LoginAPI" time="0.0" classname="com.arcapi.Common.LoginAPITest">
    <skipped/>
  </testcase> <!-- LoginAPI -->
  <testcase name="LOProjectSyncAPI" time="0.0" classname="com.arcapi.Leedv4Testcases.LOProjectSyncAPITest">
    <skipped/>
  </testcase> <!-- LOProjectSyncAPI -->
  <testcase name="SignAgreementRegistrationAPI" time="0.0" classname="com.arcapi.Leedv4Testcases.SignAgreementRegistrationAPITest">
    <skipped/>
  </testcase> <!-- SignAgreementRegistrationAPI -->
  <testcase name="AssetUpdateforNewAssetPUTAPI" time="0.0" classname="com.arcapi.Buildingtestcases.AssetUpdateBuildingAPITest">
    <skipped/>
  </testcase> <!-- AssetUpdateforNewAssetPUTAPI -->
  <testcase name="VerifyProjectRegisteredAssetList" time="0.0" classname="com.arcapi.Common.VerifyProjectRegisteredAssetListTest">
    <skipped/>
  </testcase> <!-- VerifyProjectRegisteredAssetList -->
  <testcase name="AssetDocumentAPI" time="0.0" classname="com.arcapi.Common.AssetDocumentAPITest">
    <skipped/>
  </testcase> <!-- AssetDocumentAPI -->
  <testcase name="DownloadDocumentsAPI" time="0.0" classname="com.arcapi.Common.DownloadDocumentsAPITest">
    <skipped/>
  </testcase> <!-- DownloadDocumentsAPI -->
  <testcase name="FetchingAgreementDetailsAPI" time="0.0" classname="com.arcapi.Common.FetchingAgreementDetailsAPITest">
    <skipped/>
  </testcase> <!-- FetchingAgreementDetailsAPI -->
</testsuite> <!-- LEED v4.1 O+M: Interiors -->
