<?xml version="1.0" encoding="UTF-8"?>
<testng-results skipped="0" failed="0" total="25" passed="25">
  <reporter-output>
  </reporter-output>
  <suite name="BuildingV3CompletePositiveSuite" duration-ms="585755" started-at="2019-09-21T09:10:17Z" finished-at="2019-09-21T09:20:03Z">
    <groups>
      <group name="Add Project">
        <method signature="CreateAssetBuildingV3APITest.CreateAssetPOSTAPI(java.lang.String, java.lang.String, java.lang.String, java.lang.String)[pri:0, instance:com.arcapi.Buildingtestcases.CreateAssetBuildingV3APITest@9f70c54]" name="CreateAssetPOSTAPI" class="com.arcapi.Buildingtestcases.CreateAssetBuildingV3APITest"/>
      </group> <!-- Add Project -->
      <group name="CreateMeter">
        <method signature="WasteCreate60MonthMeterDataBulkPostTest.CreateWasteMeterDataPost()[pri:0, instance:com.arcapi.Buildingtestcases.WasteCreate60MonthMeterDataBulkPostTest@97e1986]" name="CreateWasteMeterDataPost" class="com.arcapi.Buildingtestcases.WasteCreate60MonthMeterDataBulkPostTest"/>
      </group> <!-- CreateMeter -->
      <group name="CheckPayment">
        <method signature="PaymentOrderSubmitPOSTAPITest.PaymentOrderSubmitPOSTAPI(java.lang.String, java.lang.String, int, java.lang.String)[pri:0, instance:com.arcapi.Common.PaymentOrderSubmitPOSTAPITest@737996a0]" name="PaymentOrderSubmitPOSTAPI" class="com.arcapi.Common.PaymentOrderSubmitPOSTAPITest"/>
      </group> <!-- CheckPayment -->
      <group name="SignAgreement">
        <method signature="SignAgreementRegistrationAPITest.SignAgreementRegistrationAPI(java.lang.String, java.lang.String, int)[pri:0, instance:com.arcapi.Common.SignAgreementRegistrationAPITest@234bef66]" name="SignAgreementRegistrationAPI" class="com.arcapi.Common.SignAgreementRegistrationAPITest"/>
      </group> <!-- SignAgreement -->
      <group name="CheckMeter">
        <method signature="CO2MeterCreateAPITest.CO2MeterCreateAPI(java.lang.String, java.lang.String, int)[pri:0, instance:com.arcapi.Buildingtestcases.CO2MeterCreateAPITest@7f560810]" name="CO2MeterCreateAPI" class="com.arcapi.Buildingtestcases.CO2MeterCreateAPITest"/>
        <method signature="ElectricityPurchasedFromGridCreatePOSTAPITest.ElectricityPurchasedFromGridCreatePOST(java.lang.String, java.lang.String, int)[pri:0, instance:com.arcapi.Buildingtestcases.ElectricityPurchasedFromGridCreatePOSTAPITest@2cb4c3ab]" name="ElectricityPurchasedFromGridCreatePOST" class="com.arcapi.Buildingtestcases.ElectricityPurchasedFromGridCreatePOSTAPITest"/>
        <method signature="EnergyCreate60MonthMeterDataPostTest.EnergyCreate60MonthMeterDataPost()[pri:0, instance:com.arcapi.Buildingtestcases.EnergyCreate60MonthMeterDataPostTest@13c78c0b]" name="EnergyCreate60MonthMeterDataPost" class="com.arcapi.Buildingtestcases.EnergyCreate60MonthMeterDataPostTest"/>
        <method signature="MunicipalitySuppliedPortableWaterCreatePOSTAPITest.municipalitySuppliedPortableWaterCreatePOSTAPI(java.lang.String, java.lang.String, int)[pri:0, instance:com.arcapi.Buildingtestcases.MunicipalitySuppliedPortableWaterCreatePOSTAPITest@12843fce]" name="municipalitySuppliedPortableWaterCreatePOSTAPI" class="com.arcapi.Buildingtestcases.MunicipalitySuppliedPortableWaterCreatePOSTAPITest"/>
        <method signature="WaterCreate60MonthMeterDataPostTest.WaterCreate60MonthMeterDataPost()[pri:0, instance:com.arcapi.Buildingtestcases.WaterCreate60MonthMeterDataPostTest@3dd3bcd]" name="WaterCreate60MonthMeterDataPost" class="com.arcapi.Buildingtestcases.WaterCreate60MonthMeterDataPostTest"/>
      </group> <!-- CheckMeter -->
      <group name="CheckSurvey">
        <method signature="SurveyAllRoutesFeedbackRegularAPIPOSTAPITest.SurveyAllRoutesFeedbackRegularAPI(java.lang.String, java.lang.String, int)[pri:0, instance:com.arcapi.Buildingtestcases.SurveyAllRoutesFeedbackRegularAPIPOSTAPITest@26f67b76]" name="SurveyAllRoutesFeedbackRegularAPI" class="com.arcapi.Buildingtestcases.SurveyAllRoutesFeedbackRegularAPIPOSTAPITest"/>
        <method signature="SurveyAllRoutesFeedbackVisitorAPIPOSTAPITest.SurveyAllRoutesFeedbackVisitorAPI(java.lang.String, java.lang.String, int)[pri:0, instance:com.arcapi.Buildingtestcases.SurveyAllRoutesFeedbackVisitorAPIPOSTAPITest@153f5a29]" name="SurveyAllRoutesFeedbackVisitorAPI" class="com.arcapi.Buildingtestcases.SurveyAllRoutesFeedbackVisitorAPIPOSTAPITest"/>
      </group> <!-- CheckSurvey -->
      <group name="Login">
        <method signature="LoginAPITest.LoginAPI()[pri:0, instance:com.arcapi.Common.LoginAPITest@2096442d]" name="LoginAPI" class="com.arcapi.Common.LoginAPITest"/>
      </group> <!-- Login -->
      <group name="CheckAsset">
        <method signature="AddAssestTimelinePOSTAPITest.AddAssestTimeline(java.lang.String, java.lang.String, int)[pri:0, instance:com.arcapi.Common.AddAssestTimelinePOSTAPITest@61dc03ce]" name="AddAssestTimeline" class="com.arcapi.Common.AddAssestTimelinePOSTAPITest"/>
        <method signature="AssetDetailAPITest.AssetDetailAPI(java.lang.String, java.lang.String, int)[pri:0, instance:com.arcapi.Common.AssetDetailAPITest@50f8360d]" name="AssetDetailAPI" class="com.arcapi.Common.AssetDetailAPITest"/>
      </group> <!-- CheckAsset -->
    </groups>
    <test name="CompleteFlowTest-Building-None" duration-ms="585755" started-at="2019-09-21T09:10:17Z" finished-at="2019-09-21T09:20:03Z">
      <class name="com.arcapi.Buildingtestcases.SurveyAllRoutesFeedbackRegularAPIPOSTAPITest">
        <test-method status="PASS" signature="getSuiteName(org.testng.ITestContext)[pri:0, instance:com.arcapi.Buildingtestcases.SurveyAllRoutesFeedbackRegularAPIPOSTAPITest@26f67b76]" name="getSuiteName" is-config="true" duration-ms="0" started-at="2019-09-21T14:49:22Z" finished-at="2019-09-21T14:49:22Z">
          <params>
            <param index="0">
              <value>
                <![CDATA[org.testng.TestRunner@51577fc8]]>
              </value>
            </param>
          </params>
          <reporter-output>
          </reporter-output>
        </test-method> <!-- getSuiteName -->
        <test-method status="PASS" signature="setBaseUri(java.lang.String)[pri:0, instance:com.arcapi.Buildingtestcases.SurveyAllRoutesFeedbackRegularAPIPOSTAPITest@26f67b76]" name="setBaseUri" is-config="true" duration-ms="98" started-at="2019-09-21T14:49:22Z" finished-at="2019-09-21T14:49:22Z">
          <params>
            <param index="0">
              <value>
                <![CDATA[qas]]>
              </value>
            </param>
          </params>
          <reporter-output>
          </reporter-output>
        </test-method> <!-- setBaseUri -->
        <test-method status="PASS" signature="start(java.lang.reflect.Method)[pri:0, instance:com.arcapi.Buildingtestcases.SurveyAllRoutesFeedbackRegularAPIPOSTAPITest@26f67b76]" name="start" is-config="true" duration-ms="0" started-at="2019-09-21T14:49:22Z" finished-at="2019-09-21T14:49:22Z">
          <params>
            <param index="0">
              <value>
                <![CDATA[public void com.arcapi.Buildingtestcases.SurveyAllRoutesFeedbackRegularAPIPOSTAPITest.SurveyAllRoutesFeedbackRegularAPI(java.lang.String,java.lang.String,int)]]>
              </value>
            </param>
          </params>
          <reporter-output>
          </reporter-output>
        </test-method> <!-- start -->
        <test-method status="PASS" signature="SurveyAllRoutesFeedbackRegularAPI(java.lang.String, java.lang.String, int)[pri:0, instance:com.arcapi.Buildingtestcases.SurveyAllRoutesFeedbackRegularAPIPOSTAPITest@26f67b76]" name="SurveyAllRoutesFeedbackRegularAPI" duration-ms="2642" started-at="2019-09-21T14:49:22Z" finished-at="2019-09-21T14:49:25Z">
          <params>
            <param index="0">
              <value>
                <![CDATA[QAS]]>
              </value>
            </param>
            <param index="1">
              <value>
                <![CDATA[ProjectIDBuildingNone]]>
              </value>
            </param>
            <param index="2">
              <value>
                <![CDATA[2]]>
              </value>
            </param>
          </params>
          <reporter-output>
          </reporter-output>
        </test-method> <!-- SurveyAllRoutesFeedbackRegularAPI -->
        <test-method status="PASS" signature="ExtentReportConfig()[pri:0, instance:com.arcapi.Buildingtestcases.SurveyAllRoutesFeedbackRegularAPIPOSTAPITest@26f67b76]" name="ExtentReportConfig" is-config="true" duration-ms="0" started-at="2019-09-21T14:49:22Z" finished-at="2019-09-21T14:49:22Z">
          <reporter-output>
          </reporter-output>
        </test-method> <!-- ExtentReportConfig -->
        <test-method status="PASS" signature="end()[pri:0, instance:com.arcapi.Buildingtestcases.SurveyAllRoutesFeedbackRegularAPIPOSTAPITest@26f67b76]" name="end" is-config="true" duration-ms="135" started-at="2019-09-21T14:49:25Z" finished-at="2019-09-21T14:49:25Z">
          <reporter-output>
          </reporter-output>
        </test-method> <!-- end -->
        <test-method status="PASS" signature="teardown(org.testng.ITestResult)[pri:0, instance:com.arcapi.Buildingtestcases.SurveyAllRoutesFeedbackRegularAPIPOSTAPITest@26f67b76]" name="teardown" is-config="true" duration-ms="0" started-at="2019-09-21T14:49:25Z" finished-at="2019-09-21T14:49:25Z">
          <params>
            <param index="0">
              <value>
                <![CDATA[[TestResult name=SurveyAllRoutesFeedbackRegularAPI status=SUCCESS method=SurveyAllRoutesFeedbackRegularAPIPOSTAPITest.SurveyAllRoutesFeedbackRegularAPI(java.lang.String, java.lang.String, int)[pri:0, instance:com.arcapi.Buildingtestcases.SurveyAllRoutesFeedbackRegularAPIPOSTAPITest@26f67b76] output={null}]]]>
              </value>
            </param>
          </params>
          <reporter-output>
          </reporter-output>
        </test-method> <!-- teardown -->
      </class> <!-- com.arcapi.Buildingtestcases.SurveyAllRoutesFeedbackRegularAPIPOSTAPITest -->
      <class name="com.arcapi.Buildingtestcases.TVOCCreate5YearDataPostTest">
        <test-method status="PASS" signature="setBaseUri(java.lang.String)[pri:0, instance:com.arcapi.Buildingtestcases.TVOCCreate5YearDataPostTest@7ca48474]" name="setBaseUri" is-config="true" duration-ms="71" started-at="2019-09-21T14:49:49Z" finished-at="2019-09-21T14:49:49Z">
          <params>
            <param index="0">
              <value>
                <![CDATA[qas]]>
              </value>
            </param>
          </params>
          <reporter-output>
          </reporter-output>
        </test-method> <!-- setBaseUri -->
        <test-method status="PASS" signature="getSuiteName(org.testng.ITestContext)[pri:0, instance:com.arcapi.Buildingtestcases.TVOCCreate5YearDataPostTest@7ca48474]" name="getSuiteName" is-config="true" duration-ms="0" started-at="2019-09-21T14:49:49Z" finished-at="2019-09-21T14:49:49Z">
          <params>
            <param index="0">
              <value>
                <![CDATA[org.testng.TestRunner@51577fc8]]>
              </value>
            </param>
          </params>
          <reporter-output>
          </reporter-output>
        </test-method> <!-- getSuiteName -->
        <test-method status="PASS" signature="start(java.lang.reflect.Method)[pri:0, instance:com.arcapi.Buildingtestcases.TVOCCreate5YearDataPostTest@7ca48474]" name="start" is-config="true" duration-ms="0" started-at="2019-09-21T14:49:49Z" finished-at="2019-09-21T14:49:49Z">
          <params>
            <param index="0">
              <value>
                <![CDATA[public void com.arcapi.Buildingtestcases.TVOCCreate5YearDataPostTest.TVOCCreate5YearDataPost(java.lang.String,java.lang.String,java.lang.String) throws java.io.IOException]]>
              </value>
            </param>
          </params>
          <reporter-output>
          </reporter-output>
        </test-method> <!-- start -->
        <test-method status="PASS" signature="TVOCCreate5YearDataPost(java.lang.String, java.lang.String, java.lang.String)[pri:0, instance:com.arcapi.Buildingtestcases.TVOCCreate5YearDataPostTest@7ca48474]" name="TVOCCreate5YearDataPost" duration-ms="2655" started-at="2019-09-21T14:49:49Z" data-provider="TVOC5YearMeter" finished-at="2019-09-21T14:49:51Z">
          <params>
            <param index="0">
              <value>
                <![CDATA[2015-01-01]]>
              </value>
            </param>
            <param index="1">
              <value>
                <![CDATA[2016-01-01]]>
              </value>
            </param>
            <param index="2">
              <value>
                <![CDATA[150]]>
              </value>
            </param>
          </params>
          <reporter-output>
          </reporter-output>
        </test-method> <!-- TVOCCreate5YearDataPost -->
        <test-method status="PASS" signature="ExtentReportConfig()[pri:0, instance:com.arcapi.Buildingtestcases.TVOCCreate5YearDataPostTest@7ca48474]" name="ExtentReportConfig" is-config="true" duration-ms="0" started-at="2019-09-21T14:49:49Z" finished-at="2019-09-21T14:49:49Z">
          <reporter-output>
          </reporter-output>
        </test-method> <!-- ExtentReportConfig -->
        <test-method status="PASS" signature="teardown(org.testng.ITestResult)[pri:0, instance:com.arcapi.Buildingtestcases.TVOCCreate5YearDataPostTest@7ca48474]" name="teardown" is-config="true" duration-ms="1" started-at="2019-09-21T14:49:51Z" finished-at="2019-09-21T14:49:51Z">
          <params>
            <param index="0">
              <value>
                <![CDATA[[TestResult name=TVOCCreate5YearDataPost status=SUCCESS method=TVOCCreate5YearDataPostTest.TVOCCreate5YearDataPost(java.lang.String, java.lang.String, java.lang.String)[pri:0, instance:com.arcapi.Buildingtestcases.TVOCCreate5YearDataPostTest@7ca48474] output={null}]]]>
              </value>
            </param>
          </params>
          <reporter-output>
          </reporter-output>
        </test-method> <!-- teardown -->
        <test-method status="PASS" signature="start(java.lang.reflect.Method)[pri:0, instance:com.arcapi.Buildingtestcases.TVOCCreate5YearDataPostTest@7ca48474]" name="start" is-config="true" duration-ms="0" started-at="2019-09-21T14:49:51Z" finished-at="2019-09-21T14:49:51Z">
          <params>
            <param index="0">
              <value>
                <![CDATA[public void com.arcapi.Buildingtestcases.TVOCCreate5YearDataPostTest.TVOCCreate5YearDataPost(java.lang.String,java.lang.String,java.lang.String) throws java.io.IOException]]>
              </value>
            </param>
          </params>
          <reporter-output>
          </reporter-output>
        </test-method> <!-- start -->
        <test-method status="PASS" signature="ExtentReportConfig()[pri:0, instance:com.arcapi.Buildingtestcases.TVOCCreate5YearDataPostTest@7ca48474]" name="ExtentReportConfig" is-config="true" duration-ms="0" started-at="2019-09-21T14:49:51Z" finished-at="2019-09-21T14:49:51Z">
          <reporter-output>
          </reporter-output>
        </test-method> <!-- ExtentReportConfig -->
        <test-method status="PASS" signature="TVOCCreate5YearDataPost(java.lang.String, java.lang.String, java.lang.String)[pri:0, instance:com.arcapi.Buildingtestcases.TVOCCreate5YearDataPostTest@7ca48474]" name="TVOCCreate5YearDataPost" duration-ms="2864" started-at="2019-09-21T14:49:51Z" data-provider="TVOC5YearMeter" finished-at="2019-09-21T14:49:54Z">
          <params>
            <param index="0">
              <value>
                <![CDATA[2016-01-01]]>
              </value>
            </param>
            <param index="1">
              <value>
                <![CDATA[2017-01-01]]>
              </value>
            </param>
            <param index="2">
              <value>
                <![CDATA[150]]>
              </value>
            </param>
          </params>
          <reporter-output>
          </reporter-output>
        </test-method> <!-- TVOCCreate5YearDataPost -->
        <test-method status="PASS" signature="start(java.lang.reflect.Method)[pri:0, instance:com.arcapi.Buildingtestcases.TVOCCreate5YearDataPostTest@7ca48474]" name="start" is-config="true" duration-ms="1" started-at="2019-09-21T14:49:54Z" finished-at="2019-09-21T14:49:54Z">
          <params>
            <param index="0">
              <value>
                <![CDATA[public void com.arcapi.Buildingtestcases.TVOCCreate5YearDataPostTest.TVOCCreate5YearDataPost(java.lang.String,java.lang.String,java.lang.String) throws java.io.IOException]]>
              </value>
            </param>
          </params>
          <reporter-output>
          </reporter-output>
        </test-method> <!-- start -->
        <test-method status="PASS" signature="teardown(org.testng.ITestResult)[pri:0, instance:com.arcapi.Buildingtestcases.TVOCCreate5YearDataPostTest@7ca48474]" name="teardown" is-config="true" duration-ms="0" started-at="2019-09-21T14:49:54Z" finished-at="2019-09-21T14:49:54Z">
          <params>
            <param index="0">
              <value>
                <![CDATA[[TestResult name=TVOCCreate5YearDataPost status=SUCCESS method=TVOCCreate5YearDataPostTest.TVOCCreate5YearDataPost(java.lang.String, java.lang.String, java.lang.String)[pri:0, instance:com.arcapi.Buildingtestcases.TVOCCreate5YearDataPostTest@7ca48474] output={null}]]]>
              </value>
            </param>
          </params>
          <reporter-output>
          </reporter-output>
        </test-method> <!-- teardown -->
        <test-method status="PASS" signature="ExtentReportConfig()[pri:0, instance:com.arcapi.Buildingtestcases.TVOCCreate5YearDataPostTest@7ca48474]" name="ExtentReportConfig" is-config="true" duration-ms="0" started-at="2019-09-21T14:49:54Z" finished-at="2019-09-21T14:49:54Z">
          <reporter-output>
          </reporter-output>
        </test-method> <!-- ExtentReportConfig -->
        <test-method status="PASS" signature="TVOCCreate5YearDataPost(java.lang.String, java.lang.String, java.lang.String)[pri:0, instance:com.arcapi.Buildingtestcases.TVOCCreate5YearDataPostTest@7ca48474]" name="TVOCCreate5YearDataPost" duration-ms="3275" started-at="2019-09-21T14:49:54Z" data-provider="TVOC5YearMeter" finished-at="2019-09-21T14:49:58Z">
          <params>
            <param index="0">
              <value>
                <![CDATA[2017-01-01]]>
              </value>
            </param>
            <param index="1">
              <value>
                <![CDATA[2018-01-01]]>
              </value>
            </param>
            <param index="2">
              <value>
                <![CDATA[150]]>
              </value>
            </param>
          </params>
          <reporter-output>
          </reporter-output>
        </test-method> <!-- TVOCCreate5YearDataPost -->
        <test-method status="PASS" signature="teardown(org.testng.ITestResult)[pri:0, instance:com.arcapi.Buildingtestcases.TVOCCreate5YearDataPostTest@7ca48474]" name="teardown" is-config="true" duration-ms="0" started-at="2019-09-21T14:49:58Z" finished-at="2019-09-21T14:49:58Z">
          <params>
            <param index="0">
              <value>
                <![CDATA[[TestResult name=TVOCCreate5YearDataPost status=SUCCESS method=TVOCCreate5YearDataPostTest.TVOCCreate5YearDataPost(java.lang.String, java.lang.String, java.lang.String)[pri:0, instance:com.arcapi.Buildingtestcases.TVOCCreate5YearDataPostTest@7ca48474] output={null}]]]>
              </value>
            </param>
          </params>
          <reporter-output>
          </reporter-output>
        </test-method> <!-- teardown -->
        <test-method status="PASS" signature="ExtentReportConfig()[pri:0, instance:com.arcapi.Buildingtestcases.TVOCCreate5YearDataPostTest@7ca48474]" name="ExtentReportConfig" is-config="true" duration-ms="0" started-at="2019-09-21T14:49:58Z" finished-at="2019-09-21T14:49:58Z">
          <reporter-output>
          </reporter-output>
        </test-method> <!-- ExtentReportConfig -->
        <test-method status="PASS" signature="start(java.lang.reflect.Method)[pri:0, instance:com.arcapi.Buildingtestcases.TVOCCreate5YearDataPostTest@7ca48474]" name="start" is-config="true" duration-ms="1" started-at="2019-09-21T14:49:58Z" finished-at="2019-09-21T14:49:58Z">
          <params>
            <param index="0">
              <value>
                <![CDATA[public void com.arcapi.Buildingtestcases.TVOCCreate5YearDataPostTest.TVOCCreate5YearDataPost(java.lang.String,java.lang.String,java.lang.String) throws java.io.IOException]]>
              </value>
            </param>
          </params>
          <reporter-output>
          </reporter-output>
        </test-method> <!-- start -->
        <test-method status="PASS" signature="TVOCCreate5YearDataPost(java.lang.String, java.lang.String, java.lang.String)[pri:0, instance:com.arcapi.Buildingtestcases.TVOCCreate5YearDataPostTest@7ca48474]" name="TVOCCreate5YearDataPost" duration-ms="3073" started-at="2019-09-21T14:49:58Z" data-provider="TVOC5YearMeter" finished-at="2019-09-21T14:50:01Z">
          <params>
            <param index="0">
              <value>
                <![CDATA[2018-01-01]]>
              </value>
            </param>
            <param index="1">
              <value>
                <![CDATA[2019-01-01]]>
              </value>
            </param>
            <param index="2">
              <value>
                <![CDATA[150]]>
              </value>
            </param>
          </params>
          <reporter-output>
          </reporter-output>
        </test-method> <!-- TVOCCreate5YearDataPost -->
        <test-method status="PASS" signature="ExtentReportConfig()[pri:0, instance:com.arcapi.Buildingtestcases.TVOCCreate5YearDataPostTest@7ca48474]" name="ExtentReportConfig" is-config="true" duration-ms="0" started-at="2019-09-21T14:50:01Z" finished-at="2019-09-21T14:50:01Z">
          <reporter-output>
          </reporter-output>
        </test-method> <!-- ExtentReportConfig -->
        <test-method status="PASS" signature="teardown(org.testng.ITestResult)[pri:0, instance:com.arcapi.Buildingtestcases.TVOCCreate5YearDataPostTest@7ca48474]" name="teardown" is-config="true" duration-ms="0" started-at="2019-09-21T14:50:01Z" finished-at="2019-09-21T14:50:01Z">
          <params>
            <param index="0">
              <value>
                <![CDATA[[TestResult name=TVOCCreate5YearDataPost status=SUCCESS method=TVOCCreate5YearDataPostTest.TVOCCreate5YearDataPost(java.lang.String, java.lang.String, java.lang.String)[pri:0, instance:com.arcapi.Buildingtestcases.TVOCCreate5YearDataPostTest@7ca48474] output={null}]]]>
              </value>
            </param>
          </params>
          <reporter-output>
          </reporter-output>
        </test-method> <!-- teardown -->
        <test-method status="PASS" signature="TVOCCreate5YearDataPost(java.lang.String, java.lang.String, java.lang.String)[pri:0, instance:com.arcapi.Buildingtestcases.TVOCCreate5YearDataPostTest@7ca48474]" name="TVOCCreate5YearDataPost" duration-ms="2251" started-at="2019-09-21T14:50:01Z" data-provider="TVOC5YearMeter" finished-at="2019-09-21T14:50:03Z">
          <params>
            <param index="0">
              <value>
                <![CDATA[2019-01-01]]>
              </value>
            </param>
            <param index="1">
              <value>
                <![CDATA[2020-01-01]]>
              </value>
            </param>
            <param index="2">
              <value>
                <![CDATA[150]]>
              </value>
            </param>
          </params>
          <reporter-output>
          </reporter-output>
        </test-method> <!-- TVOCCreate5YearDataPost -->
        <test-method status="PASS" signature="start(java.lang.reflect.Method)[pri:0, instance:com.arcapi.Buildingtestcases.TVOCCreate5YearDataPostTest@7ca48474]" name="start" is-config="true" duration-ms="0" started-at="2019-09-21T14:50:01Z" finished-at="2019-09-21T14:50:01Z">
          <params>
            <param index="0">
              <value>
                <![CDATA[public void com.arcapi.Buildingtestcases.TVOCCreate5YearDataPostTest.TVOCCreate5YearDataPost(java.lang.String,java.lang.String,java.lang.String) throws java.io.IOException]]>
              </value>
            </param>
          </params>
          <reporter-output>
          </reporter-output>
        </test-method> <!-- start -->
        <test-method status="PASS" signature="teardown(org.testng.ITestResult)[pri:0, instance:com.arcapi.Buildingtestcases.TVOCCreate5YearDataPostTest@7ca48474]" name="teardown" is-config="true" duration-ms="0" started-at="2019-09-21T14:50:03Z" finished-at="2019-09-21T14:50:03Z">
          <params>
            <param index="0">
              <value>
                <![CDATA[[TestResult name=TVOCCreate5YearDataPost status=SUCCESS method=TVOCCreate5YearDataPostTest.TVOCCreate5YearDataPost(java.lang.String, java.lang.String, java.lang.String)[pri:0, instance:com.arcapi.Buildingtestcases.TVOCCreate5YearDataPostTest@7ca48474] output={null}]]]>
              </value>
            </param>
          </params>
          <reporter-output>
          </reporter-output>
        </test-method> <!-- teardown -->
        <test-method status="PASS" signature="end()[pri:0, instance:com.arcapi.Buildingtestcases.TVOCCreate5YearDataPostTest@7ca48474]" name="end" is-config="true" duration-ms="110" started-at="2019-09-21T14:50:03Z" finished-at="2019-09-21T14:50:03Z">
          <reporter-output>
          </reporter-output>
        </test-method> <!-- end -->
      </class> <!-- com.arcapi.Buildingtestcases.TVOCCreate5YearDataPostTest -->
      <class name="com.arcapi.Buildingtestcases.CreateAssetBuildingV3APITest">
        <test-method status="PASS" signature="setBaseUri(java.lang.String)[pri:0, instance:com.arcapi.Buildingtestcases.CreateAssetBuildingV3APITest@9f70c54]" name="setBaseUri" is-config="true" duration-ms="238" started-at="2019-09-21T14:40:29Z" finished-at="2019-09-21T14:40:29Z">
          <params>
            <param index="0">
              <value>
                <![CDATA[qas]]>
              </value>
            </param>
          </params>
          <reporter-output>
          </reporter-output>
        </test-method> <!-- setBaseUri -->
        <test-method status="PASS" signature="getSuiteName(org.testng.ITestContext)[pri:0, instance:com.arcapi.Buildingtestcases.CreateAssetBuildingV3APITest@9f70c54]" name="getSuiteName" is-config="true" duration-ms="0" started-at="2019-09-21T14:40:29Z" finished-at="2019-09-21T14:40:29Z">
          <params>
            <param index="0">
              <value>
                <![CDATA[org.testng.TestRunner@51577fc8]]>
              </value>
            </param>
          </params>
          <reporter-output>
          </reporter-output>
        </test-method> <!-- getSuiteName -->
        <test-method status="PASS" signature="start(java.lang.reflect.Method)[pri:0, instance:com.arcapi.Buildingtestcases.CreateAssetBuildingV3APITest@9f70c54]" name="start" is-config="true" duration-ms="3" started-at="2019-09-21T14:40:29Z" finished-at="2019-09-21T14:40:29Z">
          <params>
            <param index="0">
              <value>
                <![CDATA[public void com.arcapi.Buildingtestcases.CreateAssetBuildingV3APITest.CreateAssetPOSTAPI(java.lang.String,java.lang.String,java.lang.String,java.lang.String) throws java.io.IOException]]>
              </value>
            </param>
          </params>
          <reporter-output>
          </reporter-output>
        </test-method> <!-- start -->
        <test-method status="PASS" signature="ExtentReportConfig()[pri:0, instance:com.arcapi.Buildingtestcases.CreateAssetBuildingV3APITest@9f70c54]" name="ExtentReportConfig" is-config="true" duration-ms="0" started-at="2019-09-21T14:40:29Z" finished-at="2019-09-21T14:40:29Z">
          <reporter-output>
          </reporter-output>
        </test-method> <!-- ExtentReportConfig -->
        <test-method status="PASS" signature="CreateAssetPOSTAPI(java.lang.String, java.lang.String, java.lang.String, java.lang.String)[pri:0, instance:com.arcapi.Buildingtestcases.CreateAssetBuildingV3APITest@9f70c54]" name="CreateAssetPOSTAPI" duration-ms="7506" started-at="2019-09-21T14:40:29Z" finished-at="2019-09-21T14:40:37Z">
          <params>
            <param index="0">
              <value>
                <![CDATA[building]]>
              </value>
            </param>
            <param index="1">
              <value>
                <![CDATA[ProjectIDBuildingNone]]>
              </value>
            </param>
            <param index="2">
              <value>
                <![CDATA[US]]>
              </value>
            </param>
            <param index="3">
              <value>
                <![CDATA[none]]>
              </value>
            </param>
          </params>
          <reporter-output>
          </reporter-output>
        </test-method> <!-- CreateAssetPOSTAPI -->
        <test-method status="PASS" signature="teardown(org.testng.ITestResult)[pri:0, instance:com.arcapi.Buildingtestcases.CreateAssetBuildingV3APITest@9f70c54]" name="teardown" is-config="true" duration-ms="0" started-at="2019-09-21T14:40:37Z" finished-at="2019-09-21T14:40:37Z">
          <params>
            <param index="0">
              <value>
                <![CDATA[[TestResult name=CreateAssetPOSTAPI status=SUCCESS method=CreateAssetBuildingV3APITest.CreateAssetPOSTAPI(java.lang.String, java.lang.String, java.lang.String, java.lang.String)[pri:0, instance:com.arcapi.Buildingtestcases.CreateAssetBuildingV3APITest@9f70c54] output={null}]]]>
              </value>
            </param>
          </params>
          <reporter-output>
          </reporter-output>
        </test-method> <!-- teardown -->
        <test-method status="PASS" signature="end()[pri:0, instance:com.arcapi.Buildingtestcases.CreateAssetBuildingV3APITest@9f70c54]" name="end" is-config="true" duration-ms="67" started-at="2019-09-21T14:40:37Z" finished-at="2019-09-21T14:40:37Z">
          <reporter-output>
          </reporter-output>
        </test-method> <!-- end -->
      </class> <!-- com.arcapi.Buildingtestcases.CreateAssetBuildingV3APITest -->
      <class name="com.arcapi.Buildingtestcases.SurveyAllRoutesFeedbackVisitorAPIPOSTAPITest">
        <test-method status="PASS" signature="getSuiteName(org.testng.ITestContext)[pri:0, instance:com.arcapi.Buildingtestcases.SurveyAllRoutesFeedbackVisitorAPIPOSTAPITest@153f5a29]" name="getSuiteName" is-config="true" duration-ms="0" started-at="2019-09-21T14:49:25Z" finished-at="2019-09-21T14:49:25Z">
          <params>
            <param index="0">
              <value>
                <![CDATA[org.testng.TestRunner@51577fc8]]>
              </value>
            </param>
          </params>
          <reporter-output>
          </reporter-output>
        </test-method> <!-- getSuiteName -->
        <test-method status="PASS" signature="setBaseUri(java.lang.String)[pri:0, instance:com.arcapi.Buildingtestcases.SurveyAllRoutesFeedbackVisitorAPIPOSTAPITest@153f5a29]" name="setBaseUri" is-config="true" duration-ms="99" started-at="2019-09-21T14:49:25Z" finished-at="2019-09-21T14:49:25Z">
          <params>
            <param index="0">
              <value>
                <![CDATA[qas]]>
              </value>
            </param>
          </params>
          <reporter-output>
          </reporter-output>
        </test-method> <!-- setBaseUri -->
        <test-method status="PASS" signature="ExtentReportConfig()[pri:0, instance:com.arcapi.Buildingtestcases.SurveyAllRoutesFeedbackVisitorAPIPOSTAPITest@153f5a29]" name="ExtentReportConfig" is-config="true" duration-ms="0" started-at="2019-09-21T14:49:25Z" finished-at="2019-09-21T14:49:25Z">
          <reporter-output>
          </reporter-output>
        </test-method> <!-- ExtentReportConfig -->
        <test-method status="PASS" signature="SurveyAllRoutesFeedbackVisitorAPI(java.lang.String, java.lang.String, int)[pri:0, instance:com.arcapi.Buildingtestcases.SurveyAllRoutesFeedbackVisitorAPIPOSTAPITest@153f5a29]" name="SurveyAllRoutesFeedbackVisitorAPI" duration-ms="2834" started-at="2019-09-21T14:49:25Z" finished-at="2019-09-21T14:49:28Z">
          <params>
            <param index="0">
              <value>
                <![CDATA[QAS]]>
              </value>
            </param>
            <param index="1">
              <value>
                <![CDATA[ProjectIDBuildingNone]]>
              </value>
            </param>
            <param index="2">
              <value>
                <![CDATA[2]]>
              </value>
            </param>
          </params>
          <reporter-output>
          </reporter-output>
        </test-method> <!-- SurveyAllRoutesFeedbackVisitorAPI -->
        <test-method status="PASS" signature="start(java.lang.reflect.Method)[pri:0, instance:com.arcapi.Buildingtestcases.SurveyAllRoutesFeedbackVisitorAPIPOSTAPITest@153f5a29]" name="start" is-config="true" duration-ms="0" started-at="2019-09-21T14:49:25Z" finished-at="2019-09-21T14:49:25Z">
          <params>
            <param index="0">
              <value>
                <![CDATA[public void com.arcapi.Buildingtestcases.SurveyAllRoutesFeedbackVisitorAPIPOSTAPITest.SurveyAllRoutesFeedbackVisitorAPI(java.lang.String,java.lang.String,int)]]>
              </value>
            </param>
          </params>
          <reporter-output>
          </reporter-output>
        </test-method> <!-- start -->
        <test-method status="PASS" signature="teardown(org.testng.ITestResult)[pri:0, instance:com.arcapi.Buildingtestcases.SurveyAllRoutesFeedbackVisitorAPIPOSTAPITest@153f5a29]" name="teardown" is-config="true" duration-ms="2" started-at="2019-09-21T14:49:28Z" finished-at="2019-09-21T14:49:28Z">
          <params>
            <param index="0">
              <value>
                <![CDATA[[TestResult name=SurveyAllRoutesFeedbackVisitorAPI status=SUCCESS method=SurveyAllRoutesFeedbackVisitorAPIPOSTAPITest.SurveyAllRoutesFeedbackVisitorAPI(java.lang.String, java.lang.String, int)[pri:0, instance:com.arcapi.Buildingtestcases.SurveyAllRoutesFeedbackVisitorAPIPOSTAPITest@153f5a29] output={null}]]]>
              </value>
            </param>
          </params>
          <reporter-output>
          </reporter-output>
        </test-method> <!-- teardown -->
        <test-method status="PASS" signature="end()[pri:0, instance:com.arcapi.Buildingtestcases.SurveyAllRoutesFeedbackVisitorAPIPOSTAPITest@153f5a29]" name="end" is-config="true" duration-ms="123" started-at="2019-09-21T14:49:28Z" finished-at="2019-09-21T14:49:28Z">
          <reporter-output>
          </reporter-output>
        </test-method> <!-- end -->
      </class> <!-- com.arcapi.Buildingtestcases.SurveyAllRoutesFeedbackVisitorAPIPOSTAPITest -->
      <class name="com.arcapi.Buildingtestcases.MunicipalitySuppliedPortableWaterCreatePOSTAPITest">
        <test-method status="PASS" signature="getSuiteName(org.testng.ITestContext)[pri:0, instance:com.arcapi.Buildingtestcases.MunicipalitySuppliedPortableWaterCreatePOSTAPITest@12843fce]" name="getSuiteName" is-config="true" duration-ms="0" started-at="2019-09-21T14:43:52Z" finished-at="2019-09-21T14:43:52Z">
          <params>
            <param index="0">
              <value>
                <![CDATA[org.testng.TestRunner@51577fc8]]>
              </value>
            </param>
          </params>
          <reporter-output>
          </reporter-output>
        </test-method> <!-- getSuiteName -->
        <test-method status="PASS" signature="setBaseUri(java.lang.String)[pri:0, instance:com.arcapi.Buildingtestcases.MunicipalitySuppliedPortableWaterCreatePOSTAPITest@12843fce]" name="setBaseUri" is-config="true" duration-ms="139" started-at="2019-09-21T14:43:52Z" finished-at="2019-09-21T14:43:52Z">
          <params>
            <param index="0">
              <value>
                <![CDATA[qas]]>
              </value>
            </param>
          </params>
          <reporter-output>
          </reporter-output>
        </test-method> <!-- setBaseUri -->
        <test-method status="PASS" signature="municipalitySuppliedPortableWaterCreatePOSTAPI(java.lang.String, java.lang.String, int)[pri:0, instance:com.arcapi.Buildingtestcases.MunicipalitySuppliedPortableWaterCreatePOSTAPITest@12843fce]" name="municipalitySuppliedPortableWaterCreatePOSTAPI" duration-ms="2770" started-at="2019-09-21T14:43:52Z" finished-at="2019-09-21T14:43:54Z">
          <params>
            <param index="0">
              <value>
                <![CDATA[QAS]]>
              </value>
            </param>
            <param index="1">
              <value>
                <![CDATA[ProjectIDBuildingNone]]>
              </value>
            </param>
            <param index="2">
              <value>
                <![CDATA[2]]>
              </value>
            </param>
          </params>
          <reporter-output>
          </reporter-output>
        </test-method> <!-- municipalitySuppliedPortableWaterCreatePOSTAPI -->
        <test-method status="PASS" signature="start(java.lang.reflect.Method)[pri:0, instance:com.arcapi.Buildingtestcases.MunicipalitySuppliedPortableWaterCreatePOSTAPITest@12843fce]" name="start" is-config="true" duration-ms="0" started-at="2019-09-21T14:43:52Z" finished-at="2019-09-21T14:43:52Z">
          <params>
            <param index="0">
              <value>
                <![CDATA[public void com.arcapi.Buildingtestcases.MunicipalitySuppliedPortableWaterCreatePOSTAPITest.municipalitySuppliedPortableWaterCreatePOSTAPI(java.lang.String,java.lang.String,int)]]>
              </value>
            </param>
          </params>
          <reporter-output>
          </reporter-output>
        </test-method> <!-- start -->
        <test-method status="PASS" signature="ExtentReportConfig()[pri:0, instance:com.arcapi.Buildingtestcases.MunicipalitySuppliedPortableWaterCreatePOSTAPITest@12843fce]" name="ExtentReportConfig" is-config="true" duration-ms="0" started-at="2019-09-21T14:43:52Z" finished-at="2019-09-21T14:43:52Z">
          <reporter-output>
          </reporter-output>
        </test-method> <!-- ExtentReportConfig -->
        <test-method status="PASS" signature="end()[pri:0, instance:com.arcapi.Buildingtestcases.MunicipalitySuppliedPortableWaterCreatePOSTAPITest@12843fce]" name="end" is-config="true" duration-ms="74" started-at="2019-09-21T14:43:55Z" finished-at="2019-09-21T14:43:55Z">
          <reporter-output>
          </reporter-output>
        </test-method> <!-- end -->
        <test-method status="PASS" signature="teardown(org.testng.ITestResult)[pri:0, instance:com.arcapi.Buildingtestcases.MunicipalitySuppliedPortableWaterCreatePOSTAPITest@12843fce]" name="teardown" is-config="true" duration-ms="0" started-at="2019-09-21T14:43:55Z" finished-at="2019-09-21T14:43:55Z">
          <params>
            <param index="0">
              <value>
                <![CDATA[[TestResult name=municipalitySuppliedPortableWaterCreatePOSTAPI status=SUCCESS method=MunicipalitySuppliedPortableWaterCreatePOSTAPITest.municipalitySuppliedPortableWaterCreatePOSTAPI(java.lang.String, java.lang.String, int)[pri:0, instance:com.arcapi.Buildingtestcases.MunicipalitySuppliedPortableWaterCreatePOSTAPITest@12843fce] output={null}]]]>
              </value>
            </param>
          </params>
          <reporter-output>
          </reporter-output>
        </test-method> <!-- teardown -->
      </class> <!-- com.arcapi.Buildingtestcases.MunicipalitySuppliedPortableWaterCreatePOSTAPITest -->
      <class name="com.arcapi.Common.AddAssestTimelinePOSTAPITest">
        <test-method status="PASS" signature="getSuiteName(org.testng.ITestContext)[pri:0, instance:com.arcapi.Common.AddAssestTimelinePOSTAPITest@61dc03ce]" name="getSuiteName" is-config="true" duration-ms="0" started-at="2019-09-21T14:40:52Z" finished-at="2019-09-21T14:40:52Z">
          <params>
            <param index="0">
              <value>
                <![CDATA[org.testng.TestRunner@51577fc8]]>
              </value>
            </param>
          </params>
          <reporter-output>
          </reporter-output>
        </test-method> <!-- getSuiteName -->
        <test-method status="PASS" signature="setBaseUri(java.lang.String)[pri:0, instance:com.arcapi.Common.AddAssestTimelinePOSTAPITest@61dc03ce]" name="setBaseUri" is-config="true" duration-ms="92" started-at="2019-09-21T14:40:52Z" finished-at="2019-09-21T14:40:52Z">
          <params>
            <param index="0">
              <value>
                <![CDATA[qas]]>
              </value>
            </param>
          </params>
          <reporter-output>
          </reporter-output>
        </test-method> <!-- setBaseUri -->
        <test-method status="PASS" signature="ExtentReportConfig()[pri:0, instance:com.arcapi.Common.AddAssestTimelinePOSTAPITest@61dc03ce]" name="ExtentReportConfig" is-config="true" duration-ms="0" started-at="2019-09-21T14:40:52Z" finished-at="2019-09-21T14:40:52Z">
          <reporter-output>
          </reporter-output>
        </test-method> <!-- ExtentReportConfig -->
        <test-method status="PASS" signature="start(java.lang.reflect.Method)[pri:0, instance:com.arcapi.Common.AddAssestTimelinePOSTAPITest@61dc03ce]" name="start" is-config="true" duration-ms="1" started-at="2019-09-21T14:40:52Z" finished-at="2019-09-21T14:40:52Z">
          <params>
            <param index="0">
              <value>
                <![CDATA[public void com.arcapi.Common.AddAssestTimelinePOSTAPITest.AddAssestTimeline(java.lang.String,java.lang.String,int) throws java.io.IOException]]>
              </value>
            </param>
          </params>
          <reporter-output>
          </reporter-output>
        </test-method> <!-- start -->
        <test-method status="PASS" signature="AddAssestTimeline(java.lang.String, java.lang.String, int)[pri:0, instance:com.arcapi.Common.AddAssestTimelinePOSTAPITest@61dc03ce]" name="AddAssestTimeline" duration-ms="7164" started-at="2019-09-21T14:40:52Z" finished-at="2019-09-21T14:40:59Z">
          <params>
            <param index="0">
              <value>
                <![CDATA[QAS]]>
              </value>
            </param>
            <param index="1">
              <value>
                <![CDATA[ProjectIDBuildingNone]]>
              </value>
            </param>
            <param index="2">
              <value>
                <![CDATA[2]]>
              </value>
            </param>
          </params>
          <reporter-output>
          </reporter-output>
        </test-method> <!-- AddAssestTimeline -->
        <test-method status="PASS" signature="teardown(org.testng.ITestResult)[pri:0, instance:com.arcapi.Common.AddAssestTimelinePOSTAPITest@61dc03ce]" name="teardown" is-config="true" duration-ms="0" started-at="2019-09-21T14:40:59Z" finished-at="2019-09-21T14:40:59Z">
          <params>
            <param index="0">
              <value>
                <![CDATA[[TestResult name=AddAssestTimeline status=SUCCESS method=AddAssestTimelinePOSTAPITest.AddAssestTimeline(java.lang.String, java.lang.String, int)[pri:0, instance:com.arcapi.Common.AddAssestTimelinePOSTAPITest@61dc03ce] output={null}]]]>
              </value>
            </param>
          </params>
          <reporter-output>
          </reporter-output>
        </test-method> <!-- teardown -->
        <test-method status="PASS" signature="end()[pri:0, instance:com.arcapi.Common.AddAssestTimelinePOSTAPITest@61dc03ce]" name="end" is-config="true" duration-ms="143" started-at="2019-09-21T14:40:59Z" finished-at="2019-09-21T14:40:59Z">
          <reporter-output>
          </reporter-output>
        </test-method> <!-- end -->
      </class> <!-- com.arcapi.Common.AddAssestTimelinePOSTAPITest -->
      <class name="com.arcapi.Buildingtestcases.WasteCreate60MonthMeterDataBulkPostTest">
        <test-method status="PASS" signature="getSuiteName(org.testng.ITestContext)[pri:0, instance:com.arcapi.Buildingtestcases.WasteCreate60MonthMeterDataBulkPostTest@97e1986]" name="getSuiteName" is-config="true" duration-ms="0" started-at="2019-09-21T14:46:36Z" finished-at="2019-09-21T14:46:36Z">
          <params>
            <param index="0">
              <value>
                <![CDATA[org.testng.TestRunner@51577fc8]]>
              </value>
            </param>
          </params>
          <reporter-output>
          </reporter-output>
        </test-method> <!-- getSuiteName -->
        <test-method status="PASS" signature="setBaseUri(java.lang.String)[pri:0, instance:com.arcapi.Buildingtestcases.WasteCreate60MonthMeterDataBulkPostTest@97e1986]" name="setBaseUri" is-config="true" duration-ms="130" started-at="2019-09-21T14:46:36Z" finished-at="2019-09-21T14:46:36Z">
          <params>
            <param index="0">
              <value>
                <![CDATA[qas]]>
              </value>
            </param>
          </params>
          <reporter-output>
          </reporter-output>
        </test-method> <!-- setBaseUri -->
        <test-method status="PASS" signature="ExtentReportConfig()[pri:0, instance:com.arcapi.Buildingtestcases.WasteCreate60MonthMeterDataBulkPostTest@97e1986]" name="ExtentReportConfig" is-config="true" duration-ms="0" started-at="2019-09-21T14:46:36Z" finished-at="2019-09-21T14:46:36Z">
          <reporter-output>
          </reporter-output>
        </test-method> <!-- ExtentReportConfig -->
        <test-method status="PASS" signature="start(java.lang.reflect.Method)[pri:0, instance:com.arcapi.Buildingtestcases.WasteCreate60MonthMeterDataBulkPostTest@97e1986]" name="start" is-config="true" duration-ms="0" started-at="2019-09-21T14:46:36Z" finished-at="2019-09-21T14:46:36Z">
          <params>
            <param index="0">
              <value>
                <![CDATA[public void com.arcapi.Buildingtestcases.WasteCreate60MonthMeterDataBulkPostTest.CreateWasteMeterDataPost()]]>
              </value>
            </param>
          </params>
          <reporter-output>
          </reporter-output>
        </test-method> <!-- start -->
        <test-method status="PASS" signature="CreateWasteMeterDataPost()[pri:0, instance:com.arcapi.Buildingtestcases.WasteCreate60MonthMeterDataBulkPostTest@97e1986]" name="CreateWasteMeterDataPost" duration-ms="166053" started-at="2019-09-21T14:46:36Z" finished-at="2019-09-21T14:49:22Z">
          <reporter-output>
          </reporter-output>
        </test-method> <!-- CreateWasteMeterDataPost -->
        <test-method status="PASS" signature="teardown(org.testng.ITestResult)[pri:0, instance:com.arcapi.Buildingtestcases.WasteCreate60MonthMeterDataBulkPostTest@97e1986]" name="teardown" is-config="true" duration-ms="2" started-at="2019-09-21T14:49:22Z" finished-at="2019-09-21T14:49:22Z">
          <params>
            <param index="0">
              <value>
                <![CDATA[[TestResult name=CreateWasteMeterDataPost status=SUCCESS method=WasteCreate60MonthMeterDataBulkPostTest.CreateWasteMeterDataPost()[pri:0, instance:com.arcapi.Buildingtestcases.WasteCreate60MonthMeterDataBulkPostTest@97e1986] output={null}]]]>
              </value>
            </param>
          </params>
          <reporter-output>
          </reporter-output>
        </test-method> <!-- teardown -->
        <test-method status="PASS" signature="end()[pri:0, instance:com.arcapi.Buildingtestcases.WasteCreate60MonthMeterDataBulkPostTest@97e1986]" name="end" is-config="true" duration-ms="130" started-at="2019-09-21T14:49:22Z" finished-at="2019-09-21T14:49:22Z">
          <reporter-output>
          </reporter-output>
        </test-method> <!-- end -->
      </class> <!-- com.arcapi.Buildingtestcases.WasteCreate60MonthMeterDataBulkPostTest -->
      <class name="com.arcapi.Buildingtestcases.ElectricityPurchasedFromGridCreatePOSTAPITest">
        <test-method status="PASS" signature="getSuiteName(org.testng.ITestContext)[pri:0, instance:com.arcapi.Buildingtestcases.ElectricityPurchasedFromGridCreatePOSTAPITest@2cb4c3ab]" name="getSuiteName" is-config="true" duration-ms="0" started-at="2019-09-21T14:41:03Z" finished-at="2019-09-21T14:41:03Z">
          <params>
            <param index="0">
              <value>
                <![CDATA[org.testng.TestRunner@51577fc8]]>
              </value>
            </param>
          </params>
          <reporter-output>
          </reporter-output>
        </test-method> <!-- getSuiteName -->
        <test-method status="PASS" signature="setBaseUri(java.lang.String)[pri:0, instance:com.arcapi.Buildingtestcases.ElectricityPurchasedFromGridCreatePOSTAPITest@2cb4c3ab]" name="setBaseUri" is-config="true" duration-ms="118" started-at="2019-09-21T14:41:03Z" finished-at="2019-09-21T14:41:03Z">
          <params>
            <param index="0">
              <value>
                <![CDATA[qas]]>
              </value>
            </param>
          </params>
          <reporter-output>
          </reporter-output>
        </test-method> <!-- setBaseUri -->
        <test-method status="PASS" signature="ExtentReportConfig()[pri:0, instance:com.arcapi.Buildingtestcases.ElectricityPurchasedFromGridCreatePOSTAPITest@2cb4c3ab]" name="ExtentReportConfig" is-config="true" duration-ms="0" started-at="2019-09-21T14:41:03Z" finished-at="2019-09-21T14:41:03Z">
          <reporter-output>
          </reporter-output>
        </test-method> <!-- ExtentReportConfig -->
        <test-method status="PASS" signature="ElectricityPurchasedFromGridCreatePOST(java.lang.String, java.lang.String, int)[pri:0, instance:com.arcapi.Buildingtestcases.ElectricityPurchasedFromGridCreatePOSTAPITest@2cb4c3ab]" name="ElectricityPurchasedFromGridCreatePOST" duration-ms="2802" started-at="2019-09-21T14:41:03Z" finished-at="2019-09-21T14:41:06Z">
          <params>
            <param index="0">
              <value>
                <![CDATA[QAS]]>
              </value>
            </param>
            <param index="1">
              <value>
                <![CDATA[ProjectIDBuildingNone]]>
              </value>
            </param>
            <param index="2">
              <value>
                <![CDATA[2]]>
              </value>
            </param>
          </params>
          <reporter-output>
          </reporter-output>
        </test-method> <!-- ElectricityPurchasedFromGridCreatePOST -->
        <test-method status="PASS" signature="start(java.lang.reflect.Method)[pri:0, instance:com.arcapi.Buildingtestcases.ElectricityPurchasedFromGridCreatePOSTAPITest@2cb4c3ab]" name="start" is-config="true" duration-ms="0" started-at="2019-09-21T14:41:03Z" finished-at="2019-09-21T14:41:03Z">
          <params>
            <param index="0">
              <value>
                <![CDATA[public void com.arcapi.Buildingtestcases.ElectricityPurchasedFromGridCreatePOSTAPITest.ElectricityPurchasedFromGridCreatePOST(java.lang.String,java.lang.String,int)]]>
              </value>
            </param>
          </params>
          <reporter-output>
          </reporter-output>
        </test-method> <!-- start -->
        <test-method status="PASS" signature="teardown(org.testng.ITestResult)[pri:0, instance:com.arcapi.Buildingtestcases.ElectricityPurchasedFromGridCreatePOSTAPITest@2cb4c3ab]" name="teardown" is-config="true" duration-ms="1" started-at="2019-09-21T14:41:06Z" finished-at="2019-09-21T14:41:06Z">
          <params>
            <param index="0">
              <value>
                <![CDATA[[TestResult name=ElectricityPurchasedFromGridCreatePOST status=SUCCESS method=ElectricityPurchasedFromGridCreatePOSTAPITest.ElectricityPurchasedFromGridCreatePOST(java.lang.String, java.lang.String, int)[pri:0, instance:com.arcapi.Buildingtestcases.ElectricityPurchasedFromGridCreatePOSTAPITest@2cb4c3ab] output={null}]]]>
              </value>
            </param>
          </params>
          <reporter-output>
          </reporter-output>
        </test-method> <!-- teardown -->
        <test-method status="PASS" signature="end()[pri:0, instance:com.arcapi.Buildingtestcases.ElectricityPurchasedFromGridCreatePOSTAPITest@2cb4c3ab]" name="end" is-config="true" duration-ms="59" started-at="2019-09-21T14:41:06Z" finished-at="2019-09-21T14:41:06Z">
          <reporter-output>
          </reporter-output>
        </test-method> <!-- end -->
      </class> <!-- com.arcapi.Buildingtestcases.ElectricityPurchasedFromGridCreatePOSTAPITest -->
      <class name="com.arcapi.Buildingtestcases.CO2MeterCreateAPITest">
        <test-method status="PASS" signature="getSuiteName(org.testng.ITestContext)[pri:0, instance:com.arcapi.Buildingtestcases.CO2MeterCreateAPITest@7f560810]" name="getSuiteName" is-config="true" duration-ms="0" started-at="2019-09-21T14:49:28Z" finished-at="2019-09-21T14:49:28Z">
          <params>
            <param index="0">
              <value>
                <![CDATA[org.testng.TestRunner@51577fc8]]>
              </value>
            </param>
          </params>
          <reporter-output>
          </reporter-output>
        </test-method> <!-- getSuiteName -->
        <test-method status="PASS" signature="setBaseUri(java.lang.String)[pri:0, instance:com.arcapi.Buildingtestcases.CO2MeterCreateAPITest@7f560810]" name="setBaseUri" is-config="true" duration-ms="120" started-at="2019-09-21T14:49:28Z" finished-at="2019-09-21T14:49:28Z">
          <params>
            <param index="0">
              <value>
                <![CDATA[qas]]>
              </value>
            </param>
          </params>
          <reporter-output>
          </reporter-output>
        </test-method> <!-- setBaseUri -->
        <test-method status="PASS" signature="ExtentReportConfig()[pri:0, instance:com.arcapi.Buildingtestcases.CO2MeterCreateAPITest@7f560810]" name="ExtentReportConfig" is-config="true" duration-ms="0" started-at="2019-09-21T14:49:28Z" finished-at="2019-09-21T14:49:28Z">
          <reporter-output>
          </reporter-output>
        </test-method> <!-- ExtentReportConfig -->
        <test-method status="PASS" signature="start(java.lang.reflect.Method)[pri:0, instance:com.arcapi.Buildingtestcases.CO2MeterCreateAPITest@7f560810]" name="start" is-config="true" duration-ms="1" started-at="2019-09-21T14:49:28Z" finished-at="2019-09-21T14:49:28Z">
          <params>
            <param index="0">
              <value>
                <![CDATA[public void com.arcapi.Buildingtestcases.CO2MeterCreateAPITest.CO2MeterCreateAPI(java.lang.String,java.lang.String,int)]]>
              </value>
            </param>
          </params>
          <reporter-output>
          </reporter-output>
        </test-method> <!-- start -->
        <test-method status="PASS" signature="CO2MeterCreateAPI(java.lang.String, java.lang.String, int)[pri:0, instance:com.arcapi.Buildingtestcases.CO2MeterCreateAPITest@7f560810]" name="CO2MeterCreateAPI" duration-ms="2620" started-at="2019-09-21T14:49:28Z" finished-at="2019-09-21T14:49:31Z">
          <params>
            <param index="0">
              <value>
                <![CDATA[QAS]]>
              </value>
            </param>
            <param index="1">
              <value>
                <![CDATA[ProjectIDBuildingNone]]>
              </value>
            </param>
            <param index="2">
              <value>
                <![CDATA[2]]>
              </value>
            </param>
          </params>
          <reporter-output>
          </reporter-output>
        </test-method> <!-- CO2MeterCreateAPI -->
        <test-method status="PASS" signature="teardown(org.testng.ITestResult)[pri:0, instance:com.arcapi.Buildingtestcases.CO2MeterCreateAPITest@7f560810]" name="teardown" is-config="true" duration-ms="0" started-at="2019-09-21T14:49:31Z" finished-at="2019-09-21T14:49:31Z">
          <params>
            <param index="0">
              <value>
                <![CDATA[[TestResult name=CO2MeterCreateAPI status=SUCCESS method=CO2MeterCreateAPITest.CO2MeterCreateAPI(java.lang.String, java.lang.String, int)[pri:0, instance:com.arcapi.Buildingtestcases.CO2MeterCreateAPITest@7f560810] output={null}]]]>
              </value>
            </param>
          </params>
          <reporter-output>
          </reporter-output>
        </test-method> <!-- teardown -->
        <test-method status="PASS" signature="end()[pri:0, instance:com.arcapi.Buildingtestcases.CO2MeterCreateAPITest@7f560810]" name="end" is-config="true" duration-ms="87" started-at="2019-09-21T14:49:31Z" finished-at="2019-09-21T14:49:31Z">
          <reporter-output>
          </reporter-output>
        </test-method> <!-- end -->
      </class> <!-- com.arcapi.Buildingtestcases.CO2MeterCreateAPITest -->
      <class name="com.arcapi.Common.LoginAPITest">
        <test-method status="PASS" signature="getSuiteName(org.testng.ITestContext)[pri:0, instance:com.arcapi.Common.LoginAPITest@2096442d]" name="getSuiteName" is-config="true" duration-ms="12" started-at="2019-09-21T14:40:17Z" finished-at="2019-09-21T14:40:17Z">
          <params>
            <param index="0">
              <value>
                <![CDATA[org.testng.TestRunner@51577fc8]]>
              </value>
            </param>
          </params>
          <reporter-output>
          </reporter-output>
        </test-method> <!-- getSuiteName -->
        <test-method status="PASS" signature="setBaseUri(java.lang.String)[pri:0, instance:com.arcapi.Common.LoginAPITest@2096442d]" name="setBaseUri" is-config="true" duration-ms="1877" started-at="2019-09-21T14:40:17Z" finished-at="2019-09-21T14:40:19Z">
          <params>
            <param index="0">
              <value>
                <![CDATA[qas]]>
              </value>
            </param>
          </params>
          <reporter-output>
          </reporter-output>
        </test-method> <!-- setBaseUri -->
        <test-method status="PASS" signature="ExtentReportConfig()[pri:0, instance:com.arcapi.Common.LoginAPITest@2096442d]" name="ExtentReportConfig" is-config="true" duration-ms="320" started-at="2019-09-21T14:40:19Z" finished-at="2019-09-21T14:40:20Z">
          <reporter-output>
          </reporter-output>
        </test-method> <!-- ExtentReportConfig -->
        <test-method status="PASS" signature="start(java.lang.reflect.Method)[pri:0, instance:com.arcapi.Common.LoginAPITest@2096442d]" name="start" is-config="true" duration-ms="9" started-at="2019-09-21T14:40:20Z" finished-at="2019-09-21T14:40:20Z">
          <params>
            <param index="0">
              <value>
                <![CDATA[public void com.arcapi.Common.LoginAPITest.LoginAPI()]]>
              </value>
            </param>
          </params>
          <reporter-output>
          </reporter-output>
        </test-method> <!-- start -->
        <test-method status="PASS" signature="LoginAPI()[pri:0, instance:com.arcapi.Common.LoginAPITest@2096442d]" name="LoginAPI" duration-ms="9117" started-at="2019-09-21T14:40:20Z" finished-at="2019-09-21T14:40:29Z">
          <reporter-output>
          </reporter-output>
        </test-method> <!-- LoginAPI -->
        <test-method status="PASS" signature="teardown(org.testng.ITestResult)[pri:0, instance:com.arcapi.Common.LoginAPITest@2096442d]" name="teardown" is-config="true" duration-ms="16" started-at="2019-09-21T14:40:29Z" finished-at="2019-09-21T14:40:29Z">
          <params>
            <param index="0">
              <value>
                <![CDATA[[TestResult name=LoginAPI status=SUCCESS method=LoginAPITest.LoginAPI()[pri:0, instance:com.arcapi.Common.LoginAPITest@2096442d] output={null}]]]>
              </value>
            </param>
          </params>
          <reporter-output>
          </reporter-output>
        </test-method> <!-- teardown -->
        <test-method status="PASS" signature="end()[pri:0, instance:com.arcapi.Common.LoginAPITest@2096442d]" name="end" is-config="true" duration-ms="361" started-at="2019-09-21T14:40:29Z" finished-at="2019-09-21T14:40:29Z">
          <reporter-output>
          </reporter-output>
        </test-method> <!-- end -->
      </class> <!-- com.arcapi.Common.LoginAPITest -->
      <class name="com.arcapi.Common.SignAgreementRegistrationAPITest">
        <test-method status="PASS" signature="setBaseUri(java.lang.String)[pri:0, instance:com.arcapi.Common.SignAgreementRegistrationAPITest@234bef66]" name="setBaseUri" is-config="true" duration-ms="91" started-at="2019-09-21T14:40:37Z" finished-at="2019-09-21T14:40:37Z">
          <params>
            <param index="0">
              <value>
                <![CDATA[qas]]>
              </value>
            </param>
          </params>
          <reporter-output>
          </reporter-output>
        </test-method> <!-- setBaseUri -->
        <test-method status="PASS" signature="getSuiteName(org.testng.ITestContext)[pri:0, instance:com.arcapi.Common.SignAgreementRegistrationAPITest@234bef66]" name="getSuiteName" is-config="true" duration-ms="0" started-at="2019-09-21T14:40:37Z" finished-at="2019-09-21T14:40:37Z">
          <params>
            <param index="0">
              <value>
                <![CDATA[org.testng.TestRunner@51577fc8]]>
              </value>
            </param>
          </params>
          <reporter-output>
          </reporter-output>
        </test-method> <!-- getSuiteName -->
        <test-method status="PASS" signature="start(java.lang.reflect.Method)[pri:0, instance:com.arcapi.Common.SignAgreementRegistrationAPITest@234bef66]" name="start" is-config="true" duration-ms="0" started-at="2019-09-21T14:40:37Z" finished-at="2019-09-21T14:40:37Z">
          <params>
            <param index="0">
              <value>
                <![CDATA[public void com.arcapi.Common.SignAgreementRegistrationAPITest.SignAgreementRegistrationAPI(java.lang.String,java.lang.String,int) throws java.io.IOException]]>
              </value>
            </param>
          </params>
          <reporter-output>
          </reporter-output>
        </test-method> <!-- start -->
        <test-method status="PASS" signature="SignAgreementRegistrationAPI(java.lang.String, java.lang.String, int)[pri:0, instance:com.arcapi.Common.SignAgreementRegistrationAPITest@234bef66]" name="SignAgreementRegistrationAPI" duration-ms="5036" started-at="2019-09-21T14:40:37Z" finished-at="2019-09-21T14:40:42Z">
          <params>
            <param index="0">
              <value>
                <![CDATA[QAS]]>
              </value>
            </param>
            <param index="1">
              <value>
                <![CDATA[ProjectIDBuildingNone]]>
              </value>
            </param>
            <param index="2">
              <value>
                <![CDATA[2]]>
              </value>
            </param>
          </params>
          <reporter-output>
          </reporter-output>
        </test-method> <!-- SignAgreementRegistrationAPI -->
        <test-method status="PASS" signature="ExtentReportConfig()[pri:0, instance:com.arcapi.Common.SignAgreementRegistrationAPITest@234bef66]" name="ExtentReportConfig" is-config="true" duration-ms="0" started-at="2019-09-21T14:40:37Z" finished-at="2019-09-21T14:40:37Z">
          <reporter-output>
          </reporter-output>
        </test-method> <!-- ExtentReportConfig -->
        <test-method status="PASS" signature="teardown(org.testng.ITestResult)[pri:0, instance:com.arcapi.Common.SignAgreementRegistrationAPITest@234bef66]" name="teardown" is-config="true" duration-ms="0" started-at="2019-09-21T14:40:42Z" finished-at="2019-09-21T14:40:42Z">
          <params>
            <param index="0">
              <value>
                <![CDATA[[TestResult name=SignAgreementRegistrationAPI status=SUCCESS method=SignAgreementRegistrationAPITest.SignAgreementRegistrationAPI(java.lang.String, java.lang.String, int)[pri:0, instance:com.arcapi.Common.SignAgreementRegistrationAPITest@234bef66] output={null}]]]>
              </value>
            </param>
          </params>
          <reporter-output>
          </reporter-output>
        </test-method> <!-- teardown -->
        <test-method status="PASS" signature="end()[pri:0, instance:com.arcapi.Common.SignAgreementRegistrationAPITest@234bef66]" name="end" is-config="true" duration-ms="110" started-at="2019-09-21T14:40:42Z" finished-at="2019-09-21T14:40:42Z">
          <reporter-output>
          </reporter-output>
        </test-method> <!-- end -->
      </class> <!-- com.arcapi.Common.SignAgreementRegistrationAPITest -->
      <class name="com.arcapi.Buildingtestcases.EnergyCreate60MonthMeterDataPostTest">
        <test-method status="PASS" signature="setBaseUri(java.lang.String)[pri:0, instance:com.arcapi.Buildingtestcases.EnergyCreate60MonthMeterDataPostTest@13c78c0b]" name="setBaseUri" is-config="true" duration-ms="68" started-at="2019-09-21T14:41:06Z" finished-at="2019-09-21T14:41:06Z">
          <params>
            <param index="0">
              <value>
                <![CDATA[qas]]>
              </value>
            </param>
          </params>
          <reporter-output>
          </reporter-output>
        </test-method> <!-- setBaseUri -->
        <test-method status="PASS" signature="getSuiteName(org.testng.ITestContext)[pri:0, instance:com.arcapi.Buildingtestcases.EnergyCreate60MonthMeterDataPostTest@13c78c0b]" name="getSuiteName" is-config="true" duration-ms="0" started-at="2019-09-21T14:41:06Z" finished-at="2019-09-21T14:41:06Z">
          <params>
            <param index="0">
              <value>
                <![CDATA[org.testng.TestRunner@51577fc8]]>
              </value>
            </param>
          </params>
          <reporter-output>
          </reporter-output>
        </test-method> <!-- getSuiteName -->
        <test-method status="PASS" signature="ExtentReportConfig()[pri:0, instance:com.arcapi.Buildingtestcases.EnergyCreate60MonthMeterDataPostTest@13c78c0b]" name="ExtentReportConfig" is-config="true" duration-ms="16" started-at="2019-09-21T14:41:06Z" finished-at="2019-09-21T14:41:06Z">
          <reporter-output>
          </reporter-output>
        </test-method> <!-- ExtentReportConfig -->
        <test-method status="PASS" signature="start(java.lang.reflect.Method)[pri:0, instance:com.arcapi.Buildingtestcases.EnergyCreate60MonthMeterDataPostTest@13c78c0b]" name="start" is-config="true" duration-ms="0" started-at="2019-09-21T14:41:06Z" finished-at="2019-09-21T14:41:06Z">
          <params>
            <param index="0">
              <value>
                <![CDATA[public void com.arcapi.Buildingtestcases.EnergyCreate60MonthMeterDataPostTest.EnergyCreate60MonthMeterDataPost() throws java.io.IOException]]>
              </value>
            </param>
          </params>
          <reporter-output>
          </reporter-output>
        </test-method> <!-- start -->
        <test-method status="PASS" signature="EnergyCreate60MonthMeterDataPost()[pri:0, instance:com.arcapi.Buildingtestcases.EnergyCreate60MonthMeterDataPostTest@13c78c0b]" name="EnergyCreate60MonthMeterDataPost" duration-ms="165690" started-at="2019-09-21T14:41:06Z" finished-at="2019-09-21T14:43:51Z">
          <reporter-output>
          </reporter-output>
        </test-method> <!-- EnergyCreate60MonthMeterDataPost -->
        <test-method status="PASS" signature="teardown(org.testng.ITestResult)[pri:0, instance:com.arcapi.Buildingtestcases.EnergyCreate60MonthMeterDataPostTest@13c78c0b]" name="teardown" is-config="true" duration-ms="1" started-at="2019-09-21T14:43:51Z" finished-at="2019-09-21T14:43:51Z">
          <params>
            <param index="0">
              <value>
                <![CDATA[[TestResult name=EnergyCreate60MonthMeterDataPost status=SUCCESS method=EnergyCreate60MonthMeterDataPostTest.EnergyCreate60MonthMeterDataPost()[pri:0, instance:com.arcapi.Buildingtestcases.EnergyCreate60MonthMeterDataPostTest@13c78c0b] output={null}]]]>
              </value>
            </param>
          </params>
          <reporter-output>
          </reporter-output>
        </test-method> <!-- teardown -->
        <test-method status="PASS" signature="end()[pri:0, instance:com.arcapi.Buildingtestcases.EnergyCreate60MonthMeterDataPostTest@13c78c0b]" name="end" is-config="true" duration-ms="172" started-at="2019-09-21T14:43:51Z" finished-at="2019-09-21T14:43:52Z">
          <reporter-output>
          </reporter-output>
        </test-method> <!-- end -->
      </class> <!-- com.arcapi.Buildingtestcases.EnergyCreate60MonthMeterDataPostTest -->
      <class name="com.arcapi.Buildingtestcases.VOCMeterCreateAPITest">
        <test-method status="PASS" signature="getSuiteName(org.testng.ITestContext)[pri:0, instance:com.arcapi.Buildingtestcases.VOCMeterCreateAPITest@13a57a3b]" name="getSuiteName" is-config="true" duration-ms="0" started-at="2019-09-21T14:49:45Z" finished-at="2019-09-21T14:49:45Z">
          <params>
            <param index="0">
              <value>
                <![CDATA[org.testng.TestRunner@51577fc8]]>
              </value>
            </param>
          </params>
          <reporter-output>
          </reporter-output>
        </test-method> <!-- getSuiteName -->
        <test-method status="PASS" signature="setBaseUri(java.lang.String)[pri:0, instance:com.arcapi.Buildingtestcases.VOCMeterCreateAPITest@13a57a3b]" name="setBaseUri" is-config="true" duration-ms="78" started-at="2019-09-21T14:49:45Z" finished-at="2019-09-21T14:49:45Z">
          <params>
            <param index="0">
              <value>
                <![CDATA[qas]]>
              </value>
            </param>
          </params>
          <reporter-output>
          </reporter-output>
        </test-method> <!-- setBaseUri -->
        <test-method status="PASS" signature="start(java.lang.reflect.Method)[pri:0, instance:com.arcapi.Buildingtestcases.VOCMeterCreateAPITest@13a57a3b]" name="start" is-config="true" duration-ms="0" started-at="2019-09-21T14:49:45Z" finished-at="2019-09-21T14:49:45Z">
          <params>
            <param index="0">
              <value>
                <![CDATA[public void com.arcapi.Buildingtestcases.VOCMeterCreateAPITest.VOCMeterCreateAPI(java.lang.String,java.lang.String,int)]]>
              </value>
            </param>
          </params>
          <reporter-output>
          </reporter-output>
        </test-method> <!-- start -->
        <test-method status="PASS" signature="ExtentReportConfig()[pri:0, instance:com.arcapi.Buildingtestcases.VOCMeterCreateAPITest@13a57a3b]" name="ExtentReportConfig" is-config="true" duration-ms="0" started-at="2019-09-21T14:49:45Z" finished-at="2019-09-21T14:49:45Z">
          <reporter-output>
          </reporter-output>
        </test-method> <!-- ExtentReportConfig -->
        <test-method status="PASS" signature="VOCMeterCreateAPI(java.lang.String, java.lang.String, int)[pri:0, instance:com.arcapi.Buildingtestcases.VOCMeterCreateAPITest@13a57a3b]" name="VOCMeterCreateAPI" duration-ms="3153" started-at="2019-09-21T14:49:45Z" finished-at="2019-09-21T14:49:49Z">
          <params>
            <param index="0">
              <value>
                <![CDATA[QAS]]>
              </value>
            </param>
            <param index="1">
              <value>
                <![CDATA[ProjectIDBuildingNone]]>
              </value>
            </param>
            <param index="2">
              <value>
                <![CDATA[2]]>
              </value>
            </param>
          </params>
          <reporter-output>
          </reporter-output>
        </test-method> <!-- VOCMeterCreateAPI -->
        <test-method status="PASS" signature="teardown(org.testng.ITestResult)[pri:0, instance:com.arcapi.Buildingtestcases.VOCMeterCreateAPITest@13a57a3b]" name="teardown" is-config="true" duration-ms="0" started-at="2019-09-21T14:49:49Z" finished-at="2019-09-21T14:49:49Z">
          <params>
            <param index="0">
              <value>
                <![CDATA[[TestResult name=VOCMeterCreateAPI status=SUCCESS method=VOCMeterCreateAPITest.VOCMeterCreateAPI(java.lang.String, java.lang.String, int)[pri:0, instance:com.arcapi.Buildingtestcases.VOCMeterCreateAPITest@13a57a3b] output={null}]]]>
              </value>
            </param>
          </params>
          <reporter-output>
          </reporter-output>
        </test-method> <!-- teardown -->
        <test-method status="PASS" signature="end()[pri:0, instance:com.arcapi.Buildingtestcases.VOCMeterCreateAPITest@13a57a3b]" name="end" is-config="true" duration-ms="84" started-at="2019-09-21T14:49:49Z" finished-at="2019-09-21T14:49:49Z">
          <reporter-output>
          </reporter-output>
        </test-method> <!-- end -->
      </class> <!-- com.arcapi.Buildingtestcases.VOCMeterCreateAPITest -->
      <class name="com.arcapi.Buildingtestcases.WaterCreate60MonthMeterDataPostTest">
        <test-method status="PASS" signature="setBaseUri(java.lang.String)[pri:0, instance:com.arcapi.Buildingtestcases.WaterCreate60MonthMeterDataPostTest@3dd3bcd]" name="setBaseUri" is-config="true" duration-ms="84" started-at="2019-09-21T14:43:55Z" finished-at="2019-09-21T14:43:55Z">
          <params>
            <param index="0">
              <value>
                <![CDATA[qas]]>
              </value>
            </param>
          </params>
          <reporter-output>
          </reporter-output>
        </test-method> <!-- setBaseUri -->
        <test-method status="PASS" signature="getSuiteName(org.testng.ITestContext)[pri:0, instance:com.arcapi.Buildingtestcases.WaterCreate60MonthMeterDataPostTest@3dd3bcd]" name="getSuiteName" is-config="true" duration-ms="0" started-at="2019-09-21T14:43:55Z" finished-at="2019-09-21T14:43:55Z">
          <params>
            <param index="0">
              <value>
                <![CDATA[org.testng.TestRunner@51577fc8]]>
              </value>
            </param>
          </params>
          <reporter-output>
          </reporter-output>
        </test-method> <!-- getSuiteName -->
        <test-method status="PASS" signature="ExtentReportConfig()[pri:0, instance:com.arcapi.Buildingtestcases.WaterCreate60MonthMeterDataPostTest@3dd3bcd]" name="ExtentReportConfig" is-config="true" duration-ms="0" started-at="2019-09-21T14:43:55Z" finished-at="2019-09-21T14:43:55Z">
          <reporter-output>
          </reporter-output>
        </test-method> <!-- ExtentReportConfig -->
        <test-method status="PASS" signature="start(java.lang.reflect.Method)[pri:0, instance:com.arcapi.Buildingtestcases.WaterCreate60MonthMeterDataPostTest@3dd3bcd]" name="start" is-config="true" duration-ms="0" started-at="2019-09-21T14:43:55Z" finished-at="2019-09-21T14:43:55Z">
          <params>
            <param index="0">
              <value>
                <![CDATA[public void com.arcapi.Buildingtestcases.WaterCreate60MonthMeterDataPostTest.WaterCreate60MonthMeterDataPost()]]>
              </value>
            </param>
          </params>
          <reporter-output>
          </reporter-output>
        </test-method> <!-- start -->
        <test-method status="PASS" signature="WaterCreate60MonthMeterDataPost()[pri:0, instance:com.arcapi.Buildingtestcases.WaterCreate60MonthMeterDataPostTest@3dd3bcd]" name="WaterCreate60MonthMeterDataPost" duration-ms="161006" started-at="2019-09-21T14:43:55Z" finished-at="2019-09-21T14:46:36Z">
          <reporter-output>
          </reporter-output>
        </test-method> <!-- WaterCreate60MonthMeterDataPost -->
        <test-method status="PASS" signature="teardown(org.testng.ITestResult)[pri:0, instance:com.arcapi.Buildingtestcases.WaterCreate60MonthMeterDataPostTest@3dd3bcd]" name="teardown" is-config="true" duration-ms="3" started-at="2019-09-21T14:46:36Z" finished-at="2019-09-21T14:46:36Z">
          <params>
            <param index="0">
              <value>
                <![CDATA[[TestResult name=WaterCreate60MonthMeterDataPost status=SUCCESS method=WaterCreate60MonthMeterDataPostTest.WaterCreate60MonthMeterDataPost()[pri:0, instance:com.arcapi.Buildingtestcases.WaterCreate60MonthMeterDataPostTest@3dd3bcd] output={null}]]]>
              </value>
            </param>
          </params>
          <reporter-output>
          </reporter-output>
        </test-method> <!-- teardown -->
        <test-method status="PASS" signature="end()[pri:0, instance:com.arcapi.Buildingtestcases.WaterCreate60MonthMeterDataPostTest@3dd3bcd]" name="end" is-config="true" duration-ms="113" started-at="2019-09-21T14:46:36Z" finished-at="2019-09-21T14:46:36Z">
          <reporter-output>
          </reporter-output>
        </test-method> <!-- end -->
      </class> <!-- com.arcapi.Buildingtestcases.WaterCreate60MonthMeterDataPostTest -->
      <class name="com.arcapi.Common.AssetDetailAPITest">
        <test-method status="PASS" signature="setBaseUri(java.lang.String)[pri:0, instance:com.arcapi.Common.AssetDetailAPITest@50f8360d]" name="setBaseUri" is-config="true" duration-ms="93" started-at="2019-09-21T14:40:59Z" finished-at="2019-09-21T14:40:59Z">
          <params>
            <param index="0">
              <value>
                <![CDATA[qas]]>
              </value>
            </param>
          </params>
          <reporter-output>
          </reporter-output>
        </test-method> <!-- setBaseUri -->
        <test-method status="PASS" signature="getSuiteName(org.testng.ITestContext)[pri:0, instance:com.arcapi.Common.AssetDetailAPITest@50f8360d]" name="getSuiteName" is-config="true" duration-ms="0" started-at="2019-09-21T14:40:59Z" finished-at="2019-09-21T14:40:59Z">
          <params>
            <param index="0">
              <value>
                <![CDATA[org.testng.TestRunner@51577fc8]]>
              </value>
            </param>
          </params>
          <reporter-output>
          </reporter-output>
        </test-method> <!-- getSuiteName -->
        <test-method status="PASS" signature="AssetDetailAPI(java.lang.String, java.lang.String, int)[pri:0, instance:com.arcapi.Common.AssetDetailAPITest@50f8360d]" name="AssetDetailAPI" duration-ms="3577" started-at="2019-09-21T14:40:59Z" finished-at="2019-09-21T14:41:03Z">
          <params>
            <param index="0">
              <value>
                <![CDATA[QAS]]>
              </value>
            </param>
            <param index="1">
              <value>
                <![CDATA[ProjectIDBuildingNone]]>
              </value>
            </param>
            <param index="2">
              <value>
                <![CDATA[2]]>
              </value>
            </param>
          </params>
          <reporter-output>
          </reporter-output>
        </test-method> <!-- AssetDetailAPI -->
        <test-method status="PASS" signature="start(java.lang.reflect.Method)[pri:0, instance:com.arcapi.Common.AssetDetailAPITest@50f8360d]" name="start" is-config="true" duration-ms="0" started-at="2019-09-21T14:40:59Z" finished-at="2019-09-21T14:40:59Z">
          <params>
            <param index="0">
              <value>
                <![CDATA[public void com.arcapi.Common.AssetDetailAPITest.AssetDetailAPI(java.lang.String,java.lang.String,int) throws java.io.IOException]]>
              </value>
            </param>
          </params>
          <reporter-output>
          </reporter-output>
        </test-method> <!-- start -->
        <test-method status="PASS" signature="ExtentReportConfig()[pri:0, instance:com.arcapi.Common.AssetDetailAPITest@50f8360d]" name="ExtentReportConfig" is-config="true" duration-ms="0" started-at="2019-09-21T14:40:59Z" finished-at="2019-09-21T14:40:59Z">
          <reporter-output>
          </reporter-output>
        </test-method> <!-- ExtentReportConfig -->
        <test-method status="PASS" signature="teardown(org.testng.ITestResult)[pri:0, instance:com.arcapi.Common.AssetDetailAPITest@50f8360d]" name="teardown" is-config="true" duration-ms="2" started-at="2019-09-21T14:41:03Z" finished-at="2019-09-21T14:41:03Z">
          <params>
[...]
        <test-method status="PASS" signature="ExtentReportConfig()[pri:0, instance:com.arcapi.Common.PaymentOrderSubmitPOSTAPITest@737996a0]" name="ExtentReportConfig" is-config="true" duration-ms="1" started-at="2019-09-21T14:40:42Z" finished-at="2019-09-21T14:40:42Z">
          <reporter-output>
          </reporter-output>
        </test-method> <!-- ExtentReportConfig -->
        <test-method status="PASS" signature="PaymentOrderSubmitPOSTAPI(java.lang.String, java.lang.String, int, java.lang.String)[pri:0, instance:com.arcapi.Common.PaymentOrderSubmitPOSTAPITest@737996a0]" name="PaymentOrderSubmitPOSTAPI" duration-ms="9259" started-at="2019-09-21T14:40:42Z" finished-at="2019-09-21T14:40:51Z">
          <params>
            <param index="0">
              <value>
                <![CDATA[QAS]]>
              </value>
            </param>
            <param index="1">
              <value>
                <![CDATA[ProjectIDBuildingNone]]>
              </value>
            </param>
            <param index="2">
              <value>
                <![CDATA[2]]>
              </value>
            </param>
            <param index="3">
              <value>
                <![CDATA[CreditCardPayment]]>
              </value>
            </param>
          </params>
          <reporter-output>
          </reporter-output>
        </test-method> <!-- PaymentOrderSubmitPOSTAPI -->
        <test-method status="PASS" signature="start(java.lang.reflect.Method)[pri:0, instance:com.arcapi.Common.PaymentOrderSubmitPOSTAPITest@737996a0]" name="start" is-config="true" duration-ms="0" started-at="2019-09-21T14:40:42Z" finished-at="2019-09-21T14:40:42Z">
          <params>
            <param index="0">
              <value>
                <![CDATA[public void com.arcapi.Common.PaymentOrderSubmitPOSTAPITest.PaymentOrderSubmitPOSTAPI(java.lang.String,java.lang.String,int,java.lang.String)]]>
              </value>
            </param>
          </params>
          <reporter-output>
          </reporter-output>
        </test-method> <!-- start -->
        <test-method status="PASS" signature="teardown(org.testng.ITestResult)[pri:0, instance:com.arcapi.Common.PaymentOrderSubmitPOSTAPITest@737996a0]" name="teardown" is-config="true" duration-ms="0" started-at="2019-09-21T14:40:51Z" finished-at="2019-09-21T14:40:51Z">
          <params>
            <param index="0">
              <value>
                <![CDATA[[TestResult name=PaymentOrderSubmitPOSTAPI status=SUCCESS method=PaymentOrderSubmitPOSTAPITest.PaymentOrderSubmitPOSTAPI(java.lang.String, java.lang.String, int, java.lang.String)[pri:0, instance:com.arcapi.Common.PaymentOrderSubmitPOSTAPITest@737996a0] output={null}]]]>
              </value>
            </param>
          </params>
          <reporter-output>
          </reporter-output>
        </test-method> <!-- teardown -->
        <test-method status="PASS" signature="end()[pri:0, instance:com.arcapi.Common.PaymentOrderSubmitPOSTAPITest@737996a0]" name="end" is-config="true" duration-ms="68" started-at="2019-09-21T14:40:51Z" finished-at="2019-09-21T14:40:52Z">
          <reporter-output>
          </reporter-output>
        </test-method> <!-- end -->
      </class> <!-- com.arcapi.Common.PaymentOrderSubmitPOSTAPITest -->
      <class name="com.arcapi.Buildingtestcases.CarbonDioxideCreate5YearDataPostTest">
        <test-method status="PASS" signature="setBaseUri(java.lang.String)[pri:0, instance:com.arcapi.Buildingtestcases.CarbonDioxideCreate5YearDataPostTest@69d9c55]" name="setBaseUri" is-config="true" duration-ms="71" started-at="2019-09-21T14:49:31Z" finished-at="2019-09-21T14:49:31Z">
          <params>
            <param index="0">
              <value>
                <![CDATA[qas]]>
              </value>
            </param>
          </params>
          <reporter-output>
          </reporter-output>
        </test-method> <!-- setBaseUri -->
        <test-method status="PASS" signature="getSuiteName(org.testng.ITestContext)[pri:0, instance:com.arcapi.Buildingtestcases.CarbonDioxideCreate5YearDataPostTest@69d9c55]" name="getSuiteName" is-config="true" duration-ms="0" started-at="2019-09-21T14:49:31Z" finished-at="2019-09-21T14:49:31Z">
          <params>
            <param index="0">
              <value>
                <![CDATA[org.testng.TestRunner@51577fc8]]>
              </value>
            </param>
          </params>
          <reporter-output>
          </reporter-output>
        </test-method> <!-- getSuiteName -->
        <test-method status="PASS" signature="CarbonDioxideCreate5YearDataPost(java.lang.String, java.lang.String, java.lang.String)[pri:0, instance:com.arcapi.Buildingtestcases.CarbonDioxideCreate5YearDataPostTest@69d9c55]" name="CarbonDioxideCreate5YearDataPost" duration-ms="2863" started-at="2019-09-21T14:49:31Z" data-provider="CarbonDioxide5YearMeter" finished-at="2019-09-21T14:49:34Z">
          <params>
            <param index="0">
              <value>
                <![CDATA[2015-01-01]]>
              </value>
            </param>
            <param index="1">
              <value>
                <![CDATA[2016-01-01]]>
              </value>
            </param>
            <param index="2">
              <value>
                <![CDATA[200]]>
              </value>
            </param>
          </params>
          <reporter-output>
          </reporter-output>
        </test-method> <!-- CarbonDioxideCreate5YearDataPost -->
        <test-method status="PASS" signature="start(java.lang.reflect.Method)[pri:0, instance:com.arcapi.Buildingtestcases.CarbonDioxideCreate5YearDataPostTest@69d9c55]" name="start" is-config="true" duration-ms="0" started-at="2019-09-21T14:49:31Z" finished-at="2019-09-21T14:49:31Z">
          <params>
            <param index="0">
              <value>
                <![CDATA[public void com.arcapi.Buildingtestcases.CarbonDioxideCreate5YearDataPostTest.CarbonDioxideCreate5YearDataPost(java.lang.String,java.lang.String,java.lang.String) throws java.io.IOException]]>
              </value>
            </param>
          </params>
          <reporter-output>
          </reporter-output>
        </test-method> <!-- start -->
        <test-method status="PASS" signature="ExtentReportConfig()[pri:0, instance:com.arcapi.Buildingtestcases.CarbonDioxideCreate5YearDataPostTest@69d9c55]" name="ExtentReportConfig" is-config="true" duration-ms="0" started-at="2019-09-21T14:49:31Z" finished-at="2019-09-21T14:49:31Z">
          <reporter-output>
          </reporter-output>
        </test-method> <!-- ExtentReportConfig -->
        <test-method status="PASS" signature="teardown(org.testng.ITestResult)[pri:0, instance:com.arcapi.Buildingtestcases.CarbonDioxideCreate5YearDataPostTest@69d9c55]" name="teardown" is-config="true" duration-ms="1" started-at="2019-09-21T14:49:34Z" finished-at="2019-09-21T14:49:34Z">
          <params>
            <param index="0">
              <value>
                <![CDATA[[TestResult name=CarbonDioxideCreate5YearDataPost status=SUCCESS method=CarbonDioxideCreate5YearDataPostTest.CarbonDioxideCreate5YearDataPost(java.lang.String, java.lang.String, java.lang.String)[pri:0, instance:com.arcapi.Buildingtestcases.CarbonDioxideCreate5YearDataPostTest@69d9c55] output={null}]]]>
              </value>
            </param>
          </params>
          <reporter-output>
          </reporter-output>
        </test-method> <!-- teardown -->
        <test-method status="PASS" signature="ExtentReportConfig()[pri:0, instance:com.arcapi.Buildingtestcases.CarbonDioxideCreate5YearDataPostTest@69d9c55]" name="ExtentReportConfig" is-config="true" duration-ms="0" started-at="2019-09-21T14:49:34Z" finished-at="2019-09-21T14:49:34Z">
          <reporter-output>
          </reporter-output>
        </test-method> <!-- ExtentReportConfig -->
        <test-method status="PASS" signature="start(java.lang.reflect.Method)[pri:0, instance:com.arcapi.Buildingtestcases.CarbonDioxideCreate5YearDataPostTest@69d9c55]" name="start" is-config="true" duration-ms="5" started-at="2019-09-21T14:49:34Z" finished-at="2019-09-21T14:49:34Z">
          <params>
            <param index="0">
              <value>
                <![CDATA[public void com.arcapi.Buildingtestcases.CarbonDioxideCreate5YearDataPostTest.CarbonDioxideCreate5YearDataPost(java.lang.String,java.lang.String,java.lang.String) throws java.io.IOException]]>
              </value>
            </param>
          </params>
          <reporter-output>
          </reporter-output>
        </test-method> <!-- start -->
        <test-method status="PASS" signature="CarbonDioxideCreate5YearDataPost(java.lang.String, java.lang.String, java.lang.String)[pri:0, instance:com.arcapi.Buildingtestcases.CarbonDioxideCreate5YearDataPostTest@69d9c55]" name="CarbonDioxideCreate5YearDataPost" duration-ms="2910" started-at="2019-09-21T14:49:34Z" data-provider="CarbonDioxide5YearMeter" finished-at="2019-09-21T14:49:37Z">
          <params>
            <param index="0">
              <value>
                <![CDATA[2016-01-01]]>
              </value>
            </param>
            <param index="1">
              <value>
                <![CDATA[2017-01-01]]>
              </value>
            </param>
            <param index="2">
              <value>
                <![CDATA[200]]>
              </value>
            </param>
          </params>
          <reporter-output>
          </reporter-output>
        </test-method> <!-- CarbonDioxideCreate5YearDataPost -->
        <test-method status="PASS" signature="teardown(org.testng.ITestResult)[pri:0, instance:com.arcapi.Buildingtestcases.CarbonDioxideCreate5YearDataPostTest@69d9c55]" name="teardown" is-config="true" duration-ms="1" started-at="2019-09-21T14:49:37Z" finished-at="2019-09-21T14:49:37Z">
          <params>
            <param index="0">
              <value>
                <![CDATA[[TestResult name=CarbonDioxideCreate5YearDataPost status=SUCCESS method=CarbonDioxideCreate5YearDataPostTest.CarbonDioxideCreate5YearDataPost(java.lang.String, java.lang.String, java.lang.String)[pri:0, instance:com.arcapi.Buildingtestcases.CarbonDioxideCreate5YearDataPostTest@69d9c55] output={null}]]]>
              </value>
            </param>
          </params>
          <reporter-output>
          </reporter-output>
        </test-method> <!-- teardown -->
        <test-method status="PASS" signature="ExtentReportConfig()[pri:0, instance:com.arcapi.Buildingtestcases.CarbonDioxideCreate5YearDataPostTest@69d9c55]" name="ExtentReportConfig" is-config="true" duration-ms="0" started-at="2019-09-21T14:49:37Z" finished-at="2019-09-21T14:49:37Z">
          <reporter-output>
          </reporter-output>
        </test-method> <!-- ExtentReportConfig -->
        <test-method status="PASS" signature="start(java.lang.reflect.Method)[pri:0, instance:com.arcapi.Buildingtestcases.CarbonDioxideCreate5YearDataPostTest@69d9c55]" name="start" is-config="true" duration-ms="1" started-at="2019-09-21T14:49:37Z" finished-at="2019-09-21T14:49:37Z">
          <params>
            <param index="0">
              <value>
                <![CDATA[public void com.arcapi.Buildingtestcases.CarbonDioxideCreate5YearDataPostTest.CarbonDioxideCreate5YearDataPost(java.lang.String,java.lang.String,java.lang.String) throws java.io.IOException]]>
              </value>
            </param>
          </params>
          <reporter-output>
          </reporter-output>
        </test-method> <!-- start -->
        <test-method status="PASS" signature="CarbonDioxideCreate5YearDataPost(java.lang.String, java.lang.String, java.lang.String)[pri:0, instance:com.arcapi.Buildingtestcases.CarbonDioxideCreate5YearDataPostTest@69d9c55]" name="CarbonDioxideCreate5YearDataPost" duration-ms="2861" started-at="2019-09-21T14:49:37Z" data-provider="CarbonDioxide5YearMeter" finished-at="2019-09-21T14:49:40Z">
          <params>
            <param index="0">
              <value>
                <![CDATA[2017-01-01]]>
              </value>
            </param>
            <param index="1">
              <value>
                <![CDATA[2018-01-01]]>
              </value>
            </param>
            <param index="2">
              <value>
                <![CDATA[200]]>
              </value>
            </param>
          </params>
          <reporter-output>
          </reporter-output>
        </test-method> <!-- CarbonDioxideCreate5YearDataPost -->
        <test-method status="PASS" signature="ExtentReportConfig()[pri:0, instance:com.arcapi.Buildingtestcases.CarbonDioxideCreate5YearDataPostTest@69d9c55]" name="ExtentReportConfig" is-config="true" duration-ms="0" started-at="2019-09-21T14:49:40Z" finished-at="2019-09-21T14:49:40Z">
          <reporter-output>
          </reporter-output>
        </test-method> <!-- ExtentReportConfig -->
        <test-method status="PASS" signature="start(java.lang.reflect.Method)[pri:0, instance:com.arcapi.Buildingtestcases.CarbonDioxideCreate5YearDataPostTest@69d9c55]" name="start" is-config="true" duration-ms="2" started-at="2019-09-21T14:49:40Z" finished-at="2019-09-21T14:49:40Z">
          <params>
            <param index="0">
              <value>
                <![CDATA[public void com.arcapi.Buildingtestcases.CarbonDioxideCreate5YearDataPostTest.CarbonDioxideCreate5YearDataPost(java.lang.String,java.lang.String,java.lang.String) throws java.io.IOException]]>
              </value>
            </param>
          </params>
          <reporter-output>
          </reporter-output>
        </test-method> <!-- start -->
        <test-method status="PASS" signature="teardown(org.testng.ITestResult)[pri:0, instance:com.arcapi.Buildingtestcases.CarbonDioxideCreate5YearDataPostTest@69d9c55]" name="teardown" is-config="true" duration-ms="0" started-at="2019-09-21T14:49:40Z" finished-at="2019-09-21T14:49:40Z">
          <params>
            <param index="0">
              <value>
                <![CDATA[[TestResult name=CarbonDioxideCreate5YearDataPost status=SUCCESS method=CarbonDioxideCreate5YearDataPostTest.CarbonDioxideCreate5YearDataPost(java.lang.String, java.lang.String, java.lang.String)[pri:0, instance:com.arcapi.Buildingtestcases.CarbonDioxideCreate5YearDataPostTest@69d9c55] output={null}]]]>
              </value>
            </param>
          </params>
          <reporter-output>
          </reporter-output>
        </test-method> <!-- teardown -->
        <test-method status="PASS" signature="CarbonDioxideCreate5YearDataPost(java.lang.String, java.lang.String, java.lang.String)[pri:0, instance:com.arcapi.Buildingtestcases.CarbonDioxideCreate5YearDataPostTest@69d9c55]" name="CarbonDioxideCreate5YearDataPost" duration-ms="2866" started-at="2019-09-21T14:49:40Z" data-provider="CarbonDioxide5YearMeter" finished-at="2019-09-21T14:49:42Z">
          <params>
            <param index="0">
              <value>
                <![CDATA[2018-01-01]]>
              </value>
            </param>
            <param index="1">
              <value>
                <![CDATA[2019-01-01]]>
              </value>
            </param>
            <param index="2">
              <value>
                <![CDATA[200]]>
              </value>
            </param>
          </params>
          <reporter-output>
          </reporter-output>
        </test-method> <!-- CarbonDioxideCreate5YearDataPost -->
        <test-method status="PASS" signature="teardown(org.testng.ITestResult)[pri:0, instance:com.arcapi.Buildingtestcases.CarbonDioxideCreate5YearDataPostTest@69d9c55]" name="teardown" is-config="true" duration-ms="1" started-at="2019-09-21T14:49:42Z" finished-at="2019-09-21T14:49:42Z">
          <params>
            <param index="0">
              <value>
                <![CDATA[[TestResult name=CarbonDioxideCreate5YearDataPost status=SUCCESS method=CarbonDioxideCreate5YearDataPostTest.CarbonDioxideCreate5YearDataPost(java.lang.String, java.lang.String, java.lang.String)[pri:0, instance:com.arcapi.Buildingtestcases.CarbonDioxideCreate5YearDataPostTest@69d9c55] output={null}]]]>
              </value>
            </param>
          </params>
          <reporter-output>
          </reporter-output>
        </test-method> <!-- teardown -->
        <test-method status="PASS" signature="start(java.lang.reflect.Method)[pri:0, instance:com.arcapi.Buildingtestcases.CarbonDioxideCreate5YearDataPostTest@69d9c55]" name="start" is-config="true" duration-ms="1" started-at="2019-09-21T14:49:42Z" finished-at="2019-09-21T14:49:42Z">
          <params>
            <param index="0">
              <value>
                <![CDATA[public void com.arcapi.Buildingtestcases.CarbonDioxideCreate5YearDataPostTest.CarbonDioxideCreate5YearDataPost(java.lang.String,java.lang.String,java.lang.String) throws java.io.IOException]]>
              </value>
            </param>
          </params>
          <reporter-output>
          </reporter-output>
        </test-method> <!-- start -->
        <test-method status="PASS" signature="ExtentReportConfig()[pri:0, instance:com.arcapi.Buildingtestcases.CarbonDioxideCreate5YearDataPostTest@69d9c55]" name="ExtentReportConfig" is-config="true" duration-ms="0" started-at="2019-09-21T14:49:42Z" finished-at="2019-09-21T14:49:42Z">
          <reporter-output>
          </reporter-output>
        </test-method> <!-- ExtentReportConfig -->
        <test-method status="PASS" signature="CarbonDioxideCreate5YearDataPost(java.lang.String, java.lang.String, java.lang.String)[pri:0, instance:com.arcapi.Buildingtestcases.CarbonDioxideCreate5YearDataPostTest@69d9c55]" name="CarbonDioxideCreate5YearDataPost" duration-ms="2817" started-at="2019-09-21T14:49:42Z" data-provider="CarbonDioxide5YearMeter" finished-at="2019-09-21T14:49:45Z">
          <params>
            <param index="0">
              <value>
                <![CDATA[2019-01-01]]>
              </value>
            </param>
            <param index="1">
              <value>
                <![CDATA[2020-01-01]]>
              </value>
            </param>
            <param index="2">
              <value>
                <![CDATA[200]]>
              </value>
            </param>
          </params>
          <reporter-output>
          </reporter-output>
        </test-method> <!-- CarbonDioxideCreate5YearDataPost -->
        <test-method status="PASS" signature="teardown(org.testng.ITestResult)[pri:0, instance:com.arcapi.Buildingtestcases.CarbonDioxideCreate5YearDataPostTest@69d9c55]" name="teardown" is-config="true" duration-ms="1" started-at="2019-09-21T14:49:45Z" finished-at="2019-09-21T14:49:45Z">
          <params>
            <param index="0">
              <value>
                <![CDATA[[TestResult name=CarbonDioxideCreate5YearDataPost status=SUCCESS method=CarbonDioxideCreate5YearDataPostTest.CarbonDioxideCreate5YearDataPost(java.lang.String, java.lang.String, java.lang.String)[pri:0, instance:com.arcapi.Buildingtestcases.CarbonDioxideCreate5YearDataPostTest@69d9c55] output={null}]]]>
              </value>
            </param>
          </params>
          <reporter-output>
          </reporter-output>
        </test-method> <!-- teardown -->
        <test-method status="PASS" signature="end()[pri:0, instance:com.arcapi.Buildingtestcases.CarbonDioxideCreate5YearDataPostTest@69d9c55]" name="end" is-config="true" duration-ms="125" started-at="2019-09-21T14:49:45Z" finished-at="2019-09-21T14:49:45Z">
          <reporter-output>
          </reporter-output>
        </test-method> <!-- end -->
      </class> <!-- com.arcapi.Buildingtestcases.CarbonDioxideCreate5YearDataPostTest -->
    </test> <!-- CompleteFlowTest-Building-None -->
  </suite> <!-- BuildingV3CompletePositiveSuite -->
  <suite name="MasterAPITestCasesSuite" duration-ms="0" started-at="2019-09-21T09:20:03Z" finished-at="2019-09-21T09:20:03Z">
    <groups>
    </groups>
  </suite> <!-- MasterAPITestCasesSuite -->
</testng-results>
