<?xml version="1.0" encoding="UTF-8"?>
<!-- Generated by org.testng.reporters.JUnitXMLReporter -->
<testsuite hostname="G10GGNLT052" name="CompleteFlowTest-Parksmart" tests="42" failures="0" timestamp="8 Nov 2019 06:36:06 GMT" time="306.228" errors="0">
  <testcase name="LoginAPI" time="7.233" classname="com.arcapi.Common.LoginAPITest"/>
  <testcase name="CreateAssetParksmartPOST" time="24.71" classname="com.arcapi.Parksmarttestcases.CreateAssetParksmartPOSTAPITest"/>
  <testcase name="AssetSearchAPI" time="1.373" classname="com.arcapi.Common.AssetSearchAPITest"/>
  <testcase name="RegistrationPaymentPricingGetAPI" time="3.119" classname="com.arcapi.Common.RegistrationPaymentPricingGetAPITest"/>
  <testcase name="PaymentOrderSubmitPOSTAPI" time="76.886" classname="com.arcapi.Common.PaymentOrderSubmitPOSTAPITest"/>
  <testcase name="AddAssestTimeline" time="5.551" classname="com.arcapi.Common.AddAssestTimelinePOSTAPITest"/>
  <testcase name="PaymentOrderGetAPI" time="2.289" classname="com.arcapi.Common.PaymentOrderGetAPITest"/>
  <testcase name="PaymentReceiptAPI" time="7.967" classname="com.arcapi.Common.PaymentReceiptAPITest"/>
  <testcase name="PaymentHistoryAPI" time="1.377" classname="com.arcapi.Common.PaymentHistoryAPITest"/>
  <testcase name="AssetDetailAPI" time="1.612" classname="com.arcapi.Common.AssetDetailAPITest"/>
  <testcase name="AssetValidationInfoPOSTAPI" time="4.026" classname="com.arcapi.Common.AssetValidationInfoPOSTAPITest"/>
  <testcase name="AssetSearchOwnerAPI" time="1.464" classname="com.arcapi.Common.AssetSearchOwnerAPITest"/>
  <testcase name="AssetListAPI" time="1.744" classname="com.arcapi.Common.AssetListAPITest"/>
  <testcase name="AssetUpdateforNewAssetPUTAPI" time="9.577" classname="com.arcapi.Buildingtestcases.AssetUpdateBuildingAPITest"/>
  <testcase name="VerifyAssetDetailAPI" time="1.457" classname="com.arcapi.Parksmarttestcases.VerifyAssetDetailAPITest"/>
  <testcase name="VerifyProjectRegisteredAssetList" time="2.263" classname="com.arcapi.Common.VerifyProjectRegisteredAssetListTest"/>
  <testcase name="AssetDocumentAPI" time="6.734" classname="com.arcapi.Common.AssetDocumentAPITest"/>
  <testcase name="DownloadDocumentsAPI" time="4.838" classname="com.arcapi.Common.DownloadDocumentsAPITest"/>
  <testcase name="VerifyAgreementPresentAPI" time="4.913" classname="com.arcapi.Common.VerifyAgreementPresentAPITest"/>
  <testcase name="FetchingAgreementDetailsAPI" time="5.459" classname="com.arcapi.Common.FetchingAgreementDetailsAPITest"/>
  <testcase name="S3DocumentUploadPOSTAPI" time="14.508" classname="com.arcapi.Common.S3DocumentUploadPOSTAPITest"/>
  <testcase name="S3DocumentListAPI" time="1.608" classname="com.arcapi.Common.S3DocumentListAPITest"/>
  <testcase name="S3DocumentRemoveAPI" time="1.496" classname="com.arcapi.Common.S3DocumentRemoveAPITest"/>
  <testcase name="FeedbackSubmitPostAPI" time="1.4" classname="com.arcapi.Common.FeedbackSubmitPostAPITest"/>
  <testcase name="MeasuresListAPI" time="1.47" classname="com.arcapi.Common.CityCom.MeasuresListAPITest"/>
  <testcase name="MeasuresDetailAPI" time="1.39" classname="com.arcapi.Common.CityCom.MeasuresDetailAPITest"/>
  <testcase name="MeasuresPostAPI" time="17.513" classname="com.arcapi.Common.CityCom.MeasuresPostAPITest"/>
  <testcase name="MeasuresUpdateAPI" time="1.419" classname="com.arcapi.Common.CityCom.MeasuresUpdateAPITest"/>
  <testcase name="MeasuresVersionListAPI" time="1.41" classname="com.arcapi.Common.CityCom.MeasuresVersionListAPITest"/>
  <testcase name="MeasuresVersionDetailAPI" time="1.372" classname="com.arcapi.Common.CityCom.MeasuresVersionDetailAPITest"/>
  <testcase name="MeasuresVersionPostAPI" time="1.372" classname="com.arcapi.Common.CityCom.MeasuresVersionPostAPITest"/>
  <testcase name="UserActivityListAPI" time="1.372" classname="com.arcapi.Parksmarttestcases.UserActivityListAPITest"/>
  <testcase name="AssetRequiredFieldsAPI" time="1.559" classname="com.arcapi.Common.AssetRequiredFieldsAPITest"/>
  <testcase name="CountryStatesJSONAPI" time="1.632" classname="com.arcapi.Common.CountryStatesJSONAPITest"/>
  <testcase name="AssociatedCategoriesAPI" time="1.656" classname="com.arcapi.Common.AssociatedCategoriesAPITest"/>
  <testcase name="RatingSystemListAPI" time="1.458" classname="com.arcapi.Common.RatingSystemListAPITest"/>
  <testcase name="AppVersionDetailAPI" time="1.346" classname="com.arcapi.Common.AppVersionDetailAPITest"/>
  <testcase name="FuelCategoryAPI" time="1.381" classname="com.arcapi.Common.FuelCategoryAPITest"/>
  <testcase name="GetAllDocumentListAPI" time="4.662" classname="com.arcapi.Common.GetAllDocumentListAPITest"/>
  <testcase name="PerformanceComparablesGetAPI" time="1.357" classname="com.arcapi.Common.PerformanceComparablesGetAPITest"/>
  <testcase name="ThirdPartyListAppsAPI" time="1.358" classname="com.arcapi.Common.ThirdPartyListAppsAPITest"/>
  <testcase name="AvgPerformaceList" time="1.375" classname="com.arcapi.Common.AvgPerformaceListGetTest"/>
</testsuite> <!-- CompleteFlowTest-Parksmart -->
