<?xml version="1.0" encoding="UTF-8"?>
<!-- Generated by org.testng.reporters.JUnitXMLReporter -->
<testsuite hostname="G10GGNLT052" name="FuelUnitInterrelatedTest-Building" tests="11" failures="1" timestamp="18 Sep 2019 09:06:52 GMT" time="2.248" errors="0">
  <testcase name="@AfterMethod teardown" time="0.0" classname="com.arcapi.TrailFlowtestcases.Building.LoginAPITest">
    <failure type="java.lang.Error" message="Unresolved compilation problems: 
	LogStatus cannot be resolved to a variable
	LogStatus cannot be resolved to a variable
	LogStatus cannot be resolved to a variable
	The method endTest(Test) in the type Report is not applicable for the arguments (ExtentTest)
">
      <![CDATA[java.lang.Error: Unresolved compilation problems: 
	LogStatus cannot be resolved to a variable
	LogStatus cannot be resolved to a variable
	LogStatus cannot be resolved to a variable
	The method endTest(Test) in the type Report is not applicable for the arguments (ExtentTest)

	at com.arcapi.TrailFlowtestcases.Building.LoginAPITest.teardown(LoginAPITest.java:67)
... Removed 27 stack frames]]>
    </failure>
  </testcase> <!-- @AfterMethod teardown -->
  <testcase name="@AfterClass end" time="0.0" classname="com.arcapi.TrailFlowtestcases.Building.LoginAPITest">
    <skipped/>
  </testcase> <!-- @AfterClass end -->
  <testcase name="@BeforeClass getSuiteName" time="0.0" classname="com.arcapi.TrailFlowtestcases.Building.CreateAssetBuildingOtherAPITest">
    <skipped/>
  </testcase> <!-- @BeforeClass getSuiteName -->
  <testcase name="@BeforeClass setBaseUri" time="0.0" classname="com.arcapi.TrailFlowtestcases.Building.CreateAssetBuildingOtherAPITest">
    <skipped/>
  </testcase> <!-- @BeforeClass setBaseUri -->
  <testcase name="@BeforeMethod ExtentReportConfig" time="0.0" classname="com.arcapi.TrailFlowtestcases.Building.CreateAssetBuildingOtherAPITest">
    <skipped/>
  </testcase> <!-- @BeforeMethod ExtentReportConfig -->
  <testcase name="@BeforeMethod start" time="0.0" classname="com.arcapi.TrailFlowtestcases.Building.CreateAssetBuildingOtherAPITest">
    <skipped/>
  </testcase> <!-- @BeforeMethod start -->
  <testcase name="@AfterMethod teardown" time="0.0" classname="com.arcapi.TrailFlowtestcases.Building.CreateAssetBuildingOtherAPITest">
    <skipped/>
  </testcase> <!-- @AfterMethod teardown -->
  <testcase name="@AfterClass end" time="0.0" classname="com.arcapi.TrailFlowtestcases.Building.CreateAssetBuildingOtherAPITest">
    <skipped/>
  </testcase> <!-- @AfterClass end -->
  <testcase name="@BeforeClass getSuiteName" time="0.0" classname="com.arcapi.InterRelatedFieldValidationTestcases.ElectricityMeterCreatePOSTAPITest">
    <skipped/>
  </testcase> <!-- @BeforeClass getSuiteName -->
  <testcase name="@BeforeClass setBaseUri" time="0.0" classname="com.arcapi.InterRelatedFieldValidationTestcases.ElectricityMeterCreatePOSTAPITest">
    <skipped/>
  </testcase> <!-- @BeforeClass setBaseUri -->
  <testcase name="@BeforeMethod ExtentReportConfig" time="0.0" classname="com.arcapi.InterRelatedFieldValidationTestcases.ElectricityMeterCreatePOSTAPITest">
    <skipped/>
  </testcase> <!-- @BeforeMethod ExtentReportConfig -->
  <testcase name="@BeforeMethod start" time="0.0" classname="com.arcapi.InterRelatedFieldValidationTestcases.ElectricityMeterCreatePOSTAPITest">
    <skipped/>
  </testcase> <!-- @BeforeMethod start -->
  <testcase name="@AfterMethod teardown" time="0.0" classname="com.arcapi.InterRelatedFieldValidationTestcases.ElectricityMeterCreatePOSTAPITest">
    <skipped/>
  </testcase> <!-- @AfterMethod teardown -->
  <testcase name="@AfterClass end" time="0.0" classname="com.arcapi.InterRelatedFieldValidationTestcases.ElectricityMeterCreatePOSTAPITest">
    <skipped/>
  </testcase> <!-- @AfterClass end -->
  <testcase name="@BeforeClass getSuiteName" time="0.0" classname="com.arcapi.InterRelatedFieldValidationTestcases.Co2CreatePOSTAPITest">
    <skipped/>
  </testcase> <!-- @BeforeClass getSuiteName -->
  <testcase name="@BeforeClass setBaseUri" time="0.0" classname="com.arcapi.InterRelatedFieldValidationTestcases.Co2CreatePOSTAPITest">
    <skipped/>
  </testcase> <!-- @BeforeClass setBaseUri -->
  <testcase name="@BeforeMethod ExtentReportConfig" time="0.0" classname="com.arcapi.InterRelatedFieldValidationTestcases.Co2CreatePOSTAPITest">
    <skipped/>
  </testcase> <!-- @BeforeMethod ExtentReportConfig -->
  <testcase name="@BeforeMethod start" time="0.0" classname="com.arcapi.InterRelatedFieldValidationTestcases.Co2CreatePOSTAPITest">
    <skipped/>
  </testcase> <!-- @BeforeMethod start -->
  <testcase name="@AfterMethod teardown" time="0.0" classname="com.arcapi.InterRelatedFieldValidationTestcases.Co2CreatePOSTAPITest">
    <skipped/>
  </testcase> <!-- @AfterMethod teardown -->
  <testcase name="@AfterClass end" time="0.0" classname="com.arcapi.InterRelatedFieldValidationTestcases.Co2CreatePOSTAPITest">
    <skipped/>
  </testcase> <!-- @AfterClass end -->
  <testcase name="@BeforeClass getSuiteName" time="0.0" classname="com.arcapi.InterRelatedFieldValidationTestcases.FuelCreatePOSTAPITest">
    <skipped/>
  </testcase> <!-- @BeforeClass getSuiteName -->
  <testcase name="@BeforeClass setBaseUri" time="0.0" classname="com.arcapi.InterRelatedFieldValidationTestcases.FuelCreatePOSTAPITest">
    <skipped/>
  </testcase> <!-- @BeforeClass setBaseUri -->
  <testcase name="@BeforeMethod ExtentReportConfig" time="0.0" classname="com.arcapi.InterRelatedFieldValidationTestcases.FuelCreatePOSTAPITest">
    <skipped/>
  </testcase> <!-- @BeforeMethod ExtentReportConfig -->
  <testcase name="@BeforeMethod start" time="0.0" classname="com.arcapi.InterRelatedFieldValidationTestcases.FuelCreatePOSTAPITest">
    <skipped/>
  </testcase> <!-- @BeforeMethod start -->
  <testcase name="@AfterMethod teardown" time="0.0" classname="com.arcapi.InterRelatedFieldValidationTestcases.FuelCreatePOSTAPITest">
    <skipped/>
  </testcase> <!-- @AfterMethod teardown -->
  <testcase name="@AfterClass end" time="0.0" classname="com.arcapi.InterRelatedFieldValidationTestcases.FuelCreatePOSTAPITest">
    <skipped/>
  </testcase> <!-- @AfterClass end -->
  <testcase name="@BeforeClass getSuiteName" time="0.0" classname="com.arcapi.InterRelatedFieldValidationTestcases.HumanCreatePOSTAPITest">
    <skipped/>
  </testcase> <!-- @BeforeClass getSuiteName -->
  <testcase name="@BeforeClass setBaseUri" time="0.0" classname="com.arcapi.InterRelatedFieldValidationTestcases.HumanCreatePOSTAPITest">
    <skipped/>
  </testcase> <!-- @BeforeClass setBaseUri -->
  <testcase name="@BeforeMethod ExtentReportConfig" time="0.0" classname="com.arcapi.InterRelatedFieldValidationTestcases.HumanCreatePOSTAPITest">
    <skipped/>
  </testcase> <!-- @BeforeMethod ExtentReportConfig -->
  <testcase name="@BeforeMethod start" time="0.0" classname="com.arcapi.InterRelatedFieldValidationTestcases.HumanCreatePOSTAPITest">
    <skipped/>
  </testcase> <!-- @BeforeMethod start -->
  <testcase name="@AfterMethod teardown" time="0.0" classname="com.arcapi.InterRelatedFieldValidationTestcases.HumanCreatePOSTAPITest">
    <skipped/>
  </testcase> <!-- @AfterMethod teardown -->
  <testcase name="@AfterClass end" time="0.0" classname="com.arcapi.InterRelatedFieldValidationTestcases.HumanCreatePOSTAPITest">
    <skipped/>
  </testcase> <!-- @AfterClass end -->
  <testcase name="@BeforeClass getSuiteName" time="0.0" classname="com.arcapi.InterRelatedFieldValidationTestcases.PF906CreatePOSTAPITest">
    <skipped/>
  </testcase> <!-- @BeforeClass getSuiteName -->
  <testcase name="@BeforeClass setBaseUri" time="0.0" classname="com.arcapi.InterRelatedFieldValidationTestcases.PF906CreatePOSTAPITest">
    <skipped/>
  </testcase> <!-- @BeforeClass setBaseUri -->
  <testcase name="@BeforeMethod ExtentReportConfig" time="0.0" classname="com.arcapi.InterRelatedFieldValidationTestcases.PF906CreatePOSTAPITest">
    <skipped/>
  </testcase> <!-- @BeforeMethod ExtentReportConfig -->
  <testcase name="@BeforeMethod start" time="0.0" classname="com.arcapi.InterRelatedFieldValidationTestcases.PF906CreatePOSTAPITest">
    <skipped/>
  </testcase> <!-- @BeforeMethod start -->
  <testcase name="@AfterMethod teardown" time="0.0" classname="com.arcapi.InterRelatedFieldValidationTestcases.PF906CreatePOSTAPITest">
    <skipped/>
  </testcase> <!-- @AfterMethod teardown -->
  <testcase name="@AfterClass end" time="0.0" classname="com.arcapi.InterRelatedFieldValidationTestcases.PF906CreatePOSTAPITest">
    <skipped/>
  </testcase> <!-- @AfterClass end -->
  <testcase name="@BeforeClass getSuiteName" time="0.0" classname="com.arcapi.InterRelatedFieldValidationTestcases.TransportCreatePOSTAPITest">
    <skipped/>
  </testcase> <!-- @BeforeClass getSuiteName -->
  <testcase name="@BeforeClass setBaseUri" time="0.0" classname="com.arcapi.InterRelatedFieldValidationTestcases.TransportCreatePOSTAPITest">
    <skipped/>
  </testcase> <!-- @BeforeClass setBaseUri -->
  <testcase name="@BeforeMethod ExtentReportConfig" time="0.0" classname="com.arcapi.InterRelatedFieldValidationTestcases.TransportCreatePOSTAPITest">
    <skipped/>
  </testcase> <!-- @BeforeMethod ExtentReportConfig -->
  <testcase name="@BeforeMethod start" time="0.0" classname="com.arcapi.InterRelatedFieldValidationTestcases.TransportCreatePOSTAPITest">
    <skipped/>
  </testcase> <!-- @BeforeMethod start -->
  <testcase name="@AfterMethod teardown" time="0.0" classname="com.arcapi.InterRelatedFieldValidationTestcases.TransportCreatePOSTAPITest">
    <skipped/>
  </testcase> <!-- @AfterMethod teardown -->
  <testcase name="@AfterClass end" time="0.0" classname="com.arcapi.InterRelatedFieldValidationTestcases.TransportCreatePOSTAPITest">
    <skipped/>
  </testcase> <!-- @AfterClass end -->
  <testcase name="@BeforeClass getSuiteName" time="0.0" classname="com.arcapi.InterRelatedFieldValidationTestcases.VocCreatePOSTAPITest">
    <skipped/>
  </testcase> <!-- @BeforeClass getSuiteName -->
  <testcase name="@BeforeClass setBaseUri" time="0.0" classname="com.arcapi.InterRelatedFieldValidationTestcases.VocCreatePOSTAPITest">
    <skipped/>
  </testcase> <!-- @BeforeClass setBaseUri -->
  <testcase name="@BeforeMethod ExtentReportConfig" time="0.0" classname="com.arcapi.InterRelatedFieldValidationTestcases.VocCreatePOSTAPITest">
    <skipped/>
  </testcase> <!-- @BeforeMethod ExtentReportConfig -->
  <testcase name="@BeforeMethod start" time="0.0" classname="com.arcapi.InterRelatedFieldValidationTestcases.VocCreatePOSTAPITest">
    <skipped/>
  </testcase> <!-- @BeforeMethod start -->
  <testcase name="@AfterMethod teardown" time="0.0" classname="com.arcapi.InterRelatedFieldValidationTestcases.VocCreatePOSTAPITest">
    <skipped/>
  </testcase> <!-- @AfterMethod teardown -->
  <testcase name="@AfterClass end" time="0.0" classname="com.arcapi.InterRelatedFieldValidationTestcases.VocCreatePOSTAPITest">
    <skipped/>
  </testcase> <!-- @AfterClass end -->
  <testcase name="@BeforeClass getSuiteName" time="0.0" classname="com.arcapi.InterRelatedFieldValidationTestcases.WasteCreatePOSTAPITest">
    <skipped/>
  </testcase> <!-- @BeforeClass getSuiteName -->
  <testcase name="@BeforeClass setBaseUri" time="0.0" classname="com.arcapi.InterRelatedFieldValidationTestcases.WasteCreatePOSTAPITest">
    <skipped/>
  </testcase> <!-- @BeforeClass setBaseUri -->
  <testcase name="@BeforeMethod ExtentReportConfig" time="0.0" classname="com.arcapi.InterRelatedFieldValidationTestcases.WasteCreatePOSTAPITest">
    <skipped/>
  </testcase> <!-- @BeforeMethod ExtentReportConfig -->
  <testcase name="@BeforeMethod start" time="0.0" classname="com.arcapi.InterRelatedFieldValidationTestcases.WasteCreatePOSTAPITest">
    <skipped/>
  </testcase> <!-- @BeforeMethod start -->
  <testcase name="@AfterMethod teardown" time="0.0" classname="com.arcapi.InterRelatedFieldValidationTestcases.WasteCreatePOSTAPITest">
    <skipped/>
  </testcase> <!-- @AfterMethod teardown -->
  <testcase name="@AfterClass end" time="0.0" classname="com.arcapi.InterRelatedFieldValidationTestcases.WasteCreatePOSTAPITest">
    <skipped/>
  </testcase> <!-- @AfterClass end -->
  <testcase name="@BeforeClass getSuiteName" time="0.0" classname="com.arcapi.InterRelatedFieldValidationTestcases.WaterCreatePOSTAPITest">
    <skipped/>
  </testcase> <!-- @BeforeClass getSuiteName -->
  <testcase name="@BeforeClass setBaseUri" time="0.0" classname="com.arcapi.InterRelatedFieldValidationTestcases.WaterCreatePOSTAPITest">
    <skipped/>
  </testcase> <!-- @BeforeClass setBaseUri -->
  <testcase name="@BeforeMethod ExtentReportConfig" time="0.0" classname="com.arcapi.InterRelatedFieldValidationTestcases.WaterCreatePOSTAPITest">
    <skipped/>
  </testcase> <!-- @BeforeMethod ExtentReportConfig -->
  <testcase name="@BeforeMethod start" time="0.0" classname="com.arcapi.InterRelatedFieldValidationTestcases.WaterCreatePOSTAPITest">
    <skipped/>
  </testcase> <!-- @BeforeMethod start -->
  <testcase name="@AfterMethod teardown" time="0.0" classname="com.arcapi.InterRelatedFieldValidationTestcases.WaterCreatePOSTAPITest">
    <skipped/>
  </testcase> <!-- @AfterMethod teardown -->
  <testcase name="@AfterClass end" time="0.0" classname="com.arcapi.InterRelatedFieldValidationTestcases.WaterCreatePOSTAPITest">
    <skipped/>
  </testcase> <!-- @AfterClass end -->
  <testcase name="LoginAPI" time="0.006" classname="com.arcapi.TrailFlowtestcases.Building.LoginAPITest">
    <failure type="java.lang.Error" message="Unresolved compilation problem: 
	The method startTest(String, String) is undefined for the type ExtentReports
">
      <![CDATA[java.lang.Error: Unresolved compilation problem: 
	The method startTest(String, String) is undefined for the type ExtentReports

	at com.arcapi.TrailFlowtestcases.Building.LoginAPITest.LoginAPI(LoginAPITest.java:39)
... Removed 25 stack frames]]>
    </failure>
  </testcase> <!-- LoginAPI -->
  <testcase name="CreateAssetPOSTAPI" time="0.002" classname="com.arcapi.TrailFlowtestcases.Building.CreateAssetBuildingOtherAPITest">
    <skipped/>
  </testcase> <!-- CreateAssetPOSTAPI -->
  <testcase name="ElectricityMeterCreatePOSTAPI" time="0.003" classname="com.arcapi.InterRelatedFieldValidationTestcases.ElectricityMeterCreatePOSTAPITest">
    <skipped/>
  </testcase> <!-- ElectricityMeterCreatePOSTAPI -->
  <testcase name="Co2CreatePOSTAPI" time="0.001" classname="com.arcapi.InterRelatedFieldValidationTestcases.Co2CreatePOSTAPITest">
    <skipped/>
  </testcase> <!-- Co2CreatePOSTAPI -->
  <testcase name="FuelCreatePOSTAPI" time="0.016" classname="com.arcapi.InterRelatedFieldValidationTestcases.FuelCreatePOSTAPITest">
    <skipped/>
  </testcase> <!-- FuelCreatePOSTAPI -->
  <testcase name="HumanCreatePOSTAPI" time="0.0" classname="com.arcapi.InterRelatedFieldValidationTestcases.HumanCreatePOSTAPITest">
    <skipped/>
  </testcase> <!-- HumanCreatePOSTAPI -->
  <testcase name="PF906CreatePOSTAPI" time="0.0" classname="com.arcapi.InterRelatedFieldValidationTestcases.PF906CreatePOSTAPITest">
    <skipped/>
  </testcase> <!-- PF906CreatePOSTAPI -->
  <testcase name="TransportCreatePOSTAPI" time="0.0" classname="com.arcapi.InterRelatedFieldValidationTestcases.TransportCreatePOSTAPITest">
    <skipped/>
  </testcase> <!-- TransportCreatePOSTAPI -->
  <testcase name="VocCreatePOSTAPI" time="0.001" classname="com.arcapi.InterRelatedFieldValidationTestcases.VocCreatePOSTAPITest">
    <skipped/>
  </testcase> <!-- VocCreatePOSTAPI -->
  <testcase name="WasteCreatePOSTAPI" time="0.0" classname="com.arcapi.InterRelatedFieldValidationTestcases.WasteCreatePOSTAPITest">
    <skipped/>
  </testcase> <!-- WasteCreatePOSTAPI -->
  <testcase name="WaterCreatePOSTAPI" time="0.0" classname="com.arcapi.InterRelatedFieldValidationTestcases.WaterCreatePOSTAPITest">
    <skipped/>
  </testcase> <!-- WaterCreatePOSTAPI -->
</testsuite> <!-- FuelUnitInterrelatedTest-Building -->
