<?xml version="1.0" encoding="UTF-8"?>
<!-- Generated by org.testng.reporters.JUnitXMLReporter -->
<testsuite hostname="G10GGNLT052" name="RatingSystemInterRelated-Transit" tests="1" failures="0" timestamp="28 Nov 2019 04:56:29 GMT" time="0.002" errors="0">
  <testcase name="@BeforeClass setBaseUri" time="0.0" classname="com.arcapi.InterRelatedFieldValidationTestcases.CreateAssetTransitPOSTAPITest">
    <failure type="org.testng.TestNGException" message="
Parameter &amp;apos;environment&amp;apos; is required by @Configuration on method setBaseUri but has not been marked @Optional or defined
in D:\worksapceNew\TestArcAPI\src\main\resources\TestNGFiles\InterRelatedFieldValidationTestng.xml">
      <![CDATA[org.testng.TestNGException: 
Parameter 'environment' is required by @Configuration on method setBaseUri but has not been marked @Optional or defined
in D:\worksapceNew\TestArcAPI\src\main\resources\TestNGFiles\InterRelatedFieldValidationTestng.xml
... Removed 22 stack frames]]>
    </failure>
  </testcase> <!-- @BeforeClass setBaseUri -->
  <testcase name="@AfterClass end" time="0.0" classname="com.arcapi.InterRelatedFieldValidationTestcases.CreateAssetTransitPOSTAPITest">
    <skipped/>
  </testcase> <!-- @AfterClass end -->
  <testcase name="CreateAssetTransitPOSTAPI" time="0.0" classname="com.arcapi.InterRelatedFieldValidationTestcases.CreateAssetTransitPOSTAPITest">
    <skipped/>
  </testcase> <!-- CreateAssetTransitPOSTAPI -->
</testsuite> <!-- RatingSystemInterRelated-Transit -->
