<?xml version="1.0" encoding="UTF-8"?>
<!-- Generated by org.testng.reporters.JUnitXMLReporter -->
<testsuite hostname="G10GGNLT052" name="CompleteFlowTest-City-None" tests="13" failures="0" timestamp="4 Oct 2019 06:02:57 GMT" time="154.655" errors="0">
  <testcase name="LoginAPI" time="7.38" classname="com.arcapi.Common.LoginAPITest"/>
  <testcase name="UserDetailAPI" time="1.703" classname="com.arcapi.Common.UserDetailAPITest"/>
  <testcase name="UserAccessLevelSAPGet" time="1.605" classname="com.arcapi.Common.UserAccessLevelSAPGetTest"/>
  <testcase name="CreateAssetPOSTAPI" time="6.432" classname="com.arcapi.Common.CityCom.CreateNewProjectAPITest"/>
  <testcase name="SignAgreementRegistrationAPI" time="3.326" classname="com.arcapi.Common.SignAgreementRegistrationAPITest"/>
  <testcase name="RegistrationPaymentPricingGetAPI" time="2.332" classname="com.arcapi.Common.RegistrationPaymentPricingGetAPITest"/>
  <testcase name="PaymentOrderSubmitPOSTAPI" time="10.873" classname="com.arcapi.Common.PaymentOrderSubmitPOSTAPITest"/>
  <testcase name="AddAssestTimeline" time="3.138" classname="com.arcapi.Common.AddAssestTimelinePOSTAPITest"/>
  <testcase name="MeterCreatePOSTAPI" time="23.49" classname="com.arcapi.Common.CityCom.MeterCreateAPICityCommTest"/>
  <testcase name="ConsumptionCreatePOSTAPI" time="21.589" classname="com.arcapi.Common.CityCom.ConsumptionCreateAPITest"/>
  <testcase name="AllMeterConsumptionGetAPI" time="26.583" classname="com.arcapi.Common.CityCom.AllMeterConsumptionGetAPITest"/>
  <testcase name="AllMeterConsumptionPUTAPI" time="21.263" classname="com.arcapi.Common.CityCom.AllMeterConsumptionPUTAPITest"/>
  <testcase name="AllMeterConsumptionDeleteAPI" time="20.963" classname="com.arcapi.Common.CityCom.AllMeterConsumptionDeleteAPITest"/>
</testsuite> <!-- CompleteFlowTest-City-None -->
